<?xml version="1.0" encoding="utf-8"?>
<TestRun id="f9d6b1cc-5b0c-43f1-90f5-629562e84e4b" name="@AVDC720 2020-06-22 14:19:50" xmlns="http://microsoft.com/schemas/VisualStudio/TeamTest/2010">
  <Times creation="2020-06-22T14:19:50.5479027+02:00" queuing="2020-06-22T14:19:50.5479029+02:00" start="2020-06-22T14:19:49.0816319+02:00" finish="2020-06-22T14:19:52.1577404+02:00" />
  <TestSettings name="default" id="646fbabd-0234-421d-8436-25e100a2f4eb">
    <Deployment runDeploymentRoot="_AVDC720_2020-06-22_14_19_50" />
  </TestSettings>
  <Results>
    <UnitTestResult executionId="c88226fb-19f1-4de7-8b2a-80e692879b85" testId="9cc3315d-ab2d-0d5c-5fc9-8503edd24a84" testName="CreateDataProvider_OK" computerName="AVDC720" duration="00:00:00.0430000" startTime="2020-06-22T14:19:50.0000000+02:00" endTime="2020-06-22T14:19:50.0000000+02:00" testType="13cdc9d9-ddb5-4fa4-a97d-d965ccfc6d4b" outcome="Passed" testListId="8c84fa94-04c1-424b-9868-57a2d4851a1d" relativeResultsDirectory="c88226fb-19f1-4de7-8b2a-80e692879b85" />
    <UnitTestResult executionId="4502013e-24ca-4968-aff1-6456531a489a" testId="5652ce59-b2d8-d716-cc63-db9d5225d1de" testName="Start_PacketsDemuxed_PublishesPackets(StartForUrl)" computerName="AVDC720" duration="00:00:00.0010000" startTime="2020-06-22T14:19:51.0000000+02:00" endTime="2020-06-22T14:19:51.0000000+02:00" testType="13cdc9d9-ddb5-4fa4-a97d-d965ccfc6d4b" outcome="Passed" testListId="8c84fa94-04c1-424b-9868-57a2d4851a1d" relativeResultsDirectory="4502013e-24ca-4968-aff1-6456531a489a" />
    <UnitTestResult executionId="5673fd6e-00cf-4994-89ab-ce3a5840b248" testId="79e155a0-4a41-3695-7dd9-360fb50ae27a" testName="ParseTime_TimeFormatIsInvalid_ThrowsFormatException(&quot;00:00:00:00.0&quot;)" computerName="AVDC720" duration="00:00:00.0000001" startTime="2020-06-22T14:19:51.0000000+02:00" endTime="2020-06-22T14:19:51.0000000+02:00" testType="13cdc9d9-ddb5-4fa4-a97d-d965ccfc6d4b" outcome="Passed" testListId="8c84fa94-04c1-424b-9868-57a2d4851a1d" relativeResultsDirectory="5673fd6e-00cf-4994-89ab-ce3a5840b248" />
    <UnitTestResult executionId="30378601-e540-4c88-845a-1bd775cbd81e" testId="0b3f14e6-954c-5a2d-85d5-9644a0e349e2" testName="TestConsoleLogger" computerName="AVDC720" duration="00:00:00.0020000" startTime="2020-06-22T14:19:51.0000000+02:00" endTime="2020-06-22T14:19:51.0000000+02:00" testType="13cdc9d9-ddb5-4fa4-a97d-d965ccfc6d4b" outcome="Passed" testListId="8c84fa94-04c1-424b-9868-57a2d4851a1d" relativeResultsDirectory="30378601-e540-4c88-845a-1bd775cbd81e">
      <Output>
        <StdOut>[Fatal] LoggerClient.cs: Func:40 &gt; message
[Error] LoggerClient.cs: Func:41 &gt; message
[Warn] LoggerClient.cs: Func:42 &gt; message
[Info] LoggerClient.cs: Func:43 &gt; message
[Debug] LoggerClient.cs: Func:44 &gt; message
[Verbose] LoggerClient.cs: Func:45 &gt; message</StdOut>
      </Output>
    </UnitTestResult>
    <UnitTestResult executionId="c76c4ae8-da90-460c-a0f6-f28c4b754c87" testId="bd93227b-c515-27be-ca4c-f543b843cc7e" testName="Parse_DifferentEncodings_ParsesSuccessfully(&quot;JuvoPlayer.Tests.res.subtitles.media_player_subs_windows-1254.srt&quot;,&quot;windows-1254&quot;,&quot;[Turkish] 3.5: Çç Ğğ Öö Üü Şş ¡ ¿ § µ ¾&quot;)" computerName="AVDC720" duration="00:00:00.0010000" startTime="2020-06-22T14:19:50.0000000+02:00" endTime="2020-06-22T14:19:50.0000000+02:00" testType="13cdc9d9-ddb5-4fa4-a97d-d965ccfc6d4b" outcome="Passed" testListId="8c84fa94-04c1-424b-9868-57a2d4851a1d" relativeResultsDirectory="c76c4ae8-da90-460c-a0f6-f28c4b754c87" />
    <UnitTestResult executionId="79b6a86c-7d8b-44ef-84df-5f170b1a2e25" testId="df372fc8-3c99-3f47-21be-b6b55c400ba1" testName="GetKeySystemName_InvalidSystemId_ReturnsNull" computerName="AVDC720" duration="00:00:00.0020000" startTime="2020-06-22T14:19:50.0000000+02:00" endTime="2020-06-22T14:19:50.0000000+02:00" testType="13cdc9d9-ddb5-4fa4-a97d-d965ccfc6d4b" outcome="Passed" testListId="8c84fa94-04c1-424b-9868-57a2d4851a1d" relativeResultsDirectory="79b6a86c-7d8b-44ef-84df-5f170b1a2e25" />
    <UnitTestResult executionId="4ffc467a-0d5d-4826-b42a-09fd322f7c97" testId="a16102ef-fcf8-a9c6-d66a-7b006e4ea6c9" testName="Reset_Called_NextPacketNotCalledAfter(StartForEs)" computerName="AVDC720" duration="00:00:00.0030000" startTime="2020-06-22T14:19:50.0000000+02:00" endTime="2020-06-22T14:19:50.0000000+02:00" testType="13cdc9d9-ddb5-4fa4-a97d-d965ccfc6d4b" outcome="Passed" testListId="8c84fa94-04c1-424b-9868-57a2d4851a1d" relativeResultsDirectory="4ffc467a-0d5d-4826-b42a-09fd322f7c97" />
    <UnitTestResult executionId="ff86b665-fd7b-4a16-a85f-622816ada24d" testId="1d410506-c13a-9a12-e32f-3b0fb711ffd3" testName="Serialization_OperationSerialized_DeserializedProperly(JuvoPlayer.Tests.Utils.PrepareOperation)" computerName="AVDC720" duration="00:00:00.0010000" startTime="2020-06-22T14:19:50.0000000+02:00" endTime="2020-06-22T14:19:50.0000000+02:00" testType="13cdc9d9-ddb5-4fa4-a97d-d965ccfc6d4b" outcome="Passed" testListId="8c84fa94-04c1-424b-9868-57a2d4851a1d" relativeResultsDirectory="ff86b665-fd7b-4a16-a85f-622816ada24d" />
    <UnitTestResult executionId="5aba89e0-fee9-4c0f-94d2-21cb3abd1589" testId="6c6cc584-dae2-c9a7-15dc-6a0756b39c6c" testName="NextPacket_CalledBeforeInit_ThrowsInvalidOperationException" computerName="AVDC720" duration="00:00:00.0030000" startTime="2020-06-22T14:19:51.0000000+02:00" endTime="2020-06-22T14:19:51.0000000+02:00" testType="13cdc9d9-ddb5-4fa4-a97d-d965ccfc6d4b" outcome="Passed" testListId="8c84fa94-04c1-424b-9868-57a2d4851a1d" relativeResultsDirectory="5aba89e0-fee9-4c0f-94d2-21cb3abd1589" />
    <UnitTestResult executionId="5559b8e3-90f0-42a6-ae83-dc7f4c54f8b4" testId="29bfe808-3bba-cdc2-53ed-a6509a64d330" testName="Start_DemuxerInitFails_PublishesDemuxerError(StartForUrl)" computerName="AVDC720" duration="00:00:00.0010000" startTime="2020-06-22T14:19:51.0000000+02:00" endTime="2020-06-22T14:19:51.0000000+02:00" testType="13cdc9d9-ddb5-4fa4-a97d-d965ccfc6d4b" outcome="Passed" testListId="8c84fa94-04c1-424b-9868-57a2d4851a1d" relativeResultsDirectory="5559b8e3-90f0-42a6-ae83-dc7f4c54f8b4" />
    <UnitTestResult executionId="a7360a23-68d6-40bf-b91f-ffa2dbd750e5" testId="2d85f549-8828-c240-c852-fbc1c3d942b1" testName="OnStreamConfigChanged_WhenStreamConfigIsValid_CallsContextExtraDataHandler" computerName="AVDC720" duration="00:00:00.0010000" startTime="2020-06-22T14:19:51.0000000+02:00" endTime="2020-06-22T14:19:51.0000000+02:00" testType="13cdc9d9-ddb5-4fa4-a97d-d965ccfc6d4b" outcome="Passed" testListId="8c84fa94-04c1-424b-9868-57a2d4851a1d" relativeResultsDirectory="a7360a23-68d6-40bf-b91f-ffa2dbd750e5" />
    <UnitTestResult executionId="55c8642b-0e64-453c-80b2-9e6a7ab9653c" testId="cbd08089-7dfa-f39a-6544-f54af436e9b1" testName="Take_MultipleAdds_ProperlyReturnsData" computerName="AVDC720" duration="00:00:00.0030000" startTime="2020-06-22T14:19:50.0000000+02:00" endTime="2020-06-22T14:19:50.0000000+02:00" testType="13cdc9d9-ddb5-4fa4-a97d-d965ccfc6d4b" outcome="Passed" testListId="8c84fa94-04c1-424b-9868-57a2d4851a1d" relativeResultsDirectory="55c8642b-0e64-453c-80b2-9e6a7ab9653c" />
    <UnitTestResult executionId="cc4335af-938d-4894-bf3b-7687376111f1" testId="e8822ed9-c52a-6461-1cf0-248853538bf9" testName="Start_PacketDemuxed_PublishesPacket(StartForEs)" computerName="AVDC720" duration="00:00:00.0020000" startTime="2020-06-22T14:19:51.0000000+02:00" endTime="2020-06-22T14:19:51.0000000+02:00" testType="13cdc9d9-ddb5-4fa4-a97d-d965ccfc6d4b" outcome="Passed" testListId="8c84fa94-04c1-424b-9868-57a2d4851a1d" relativeResultsDirectory="cc4335af-938d-4894-bf3b-7687376111f1" />
    <UnitTestResult executionId="83b14572-b2fc-4e09-92ef-831850a481f7" testId="c08a0c23-7b43-812c-9f19-03172b742d8a" testName="SupportsSystemId_InvalidSystemId_ReturnsFalse" computerName="AVDC720" duration="00:00:00.0010000" startTime="2020-06-22T14:19:50.0000000+02:00" endTime="2020-06-22T14:19:50.0000000+02:00" testType="13cdc9d9-ddb5-4fa4-a97d-d965ccfc6d4b" outcome="Passed" testListId="8c84fa94-04c1-424b-9868-57a2d4851a1d" relativeResultsDirectory="83b14572-b2fc-4e09-92ef-831850a481f7" />
    <UnitTestResult executionId="8790e9ac-8aa6-4495-854f-ca37b553dbfc" testId="0e5a7d31-b50f-e2fa-db2d-75f9677650eb" testName="Reset_Called_NextPacketNotCalledAfter(StartForUrl)" computerName="AVDC720" duration="00:00:00.0000001" startTime="2020-06-22T14:19:50.0000000+02:00" endTime="2020-06-22T14:19:50.0000000+02:00" testType="13cdc9d9-ddb5-4fa4-a97d-d965ccfc6d4b" outcome="Passed" testListId="8c84fa94-04c1-424b-9868-57a2d4851a1d" relativeResultsDirectory="8790e9ac-8aa6-4495-854f-ca37b553dbfc" />
    <UnitTestResult executionId="53b56c2e-907f-4a0c-a166-59668be8d996" testId="31911a88-751c-bf36-b733-4c5fb543e8b3" testName="Serialization_OperationSerialized_DeserializedProperly(JuvoPlayer.Tests.Utils.ChangeRepresentationOperation)" computerName="AVDC720" duration="00:00:00.0040000" startTime="2020-06-22T14:19:50.0000000+02:00" endTime="2020-06-22T14:19:50.0000000+02:00" testType="13cdc9d9-ddb5-4fa4-a97d-d965ccfc6d4b" outcome="Passed" testListId="8c84fa94-04c1-424b-9868-57a2d4851a1d" relativeResultsDirectory="53b56c2e-907f-4a0c-a166-59668be8d996" />
    <UnitTestResult executionId="89c8b47d-c9f4-451f-9373-439b0ae669ab" testId="8b5ade29-f79f-4071-809a-b5dffc281389" testName="ParseTimeLine_TimeLineIsInvalid_ThrowsFormatException(&quot;01:18.171 -- 01:20.171&quot;)" computerName="AVDC720" duration="00:00:00.0000001" startTime="2020-06-22T14:19:52.0000000+02:00" endTime="2020-06-22T14:19:52.0000000+02:00" testType="13cdc9d9-ddb5-4fa4-a97d-d965ccfc6d4b" outcome="Passed" testListId="8c84fa94-04c1-424b-9868-57a2d4851a1d" relativeResultsDirectory="89c8b47d-c9f4-451f-9373-439b0ae669ab" />
    <UnitTestResult executionId="9014a226-cc38-42da-b064-68e6ae5f7312" testId="8783796f-a651-a81b-ada6-5919643ee00e" testName="Reset_CalledAfterBarrierIsReached_ResetsBarrier" computerName="AVDC720" duration="00:00:00.0000001" startTime="2020-06-22T14:19:51.0000000+02:00" endTime="2020-06-22T14:19:51.0000000+02:00" testType="13cdc9d9-ddb5-4fa4-a97d-d965ccfc6d4b" outcome="Passed" testListId="8c84fa94-04c1-424b-9868-57a2d4851a1d" relativeResultsDirectory="9014a226-cc38-42da-b064-68e6ae5f7312" />
    <UnitTestResult executionId="8bfda299-6b90-455d-a1ca-cc35f163e61d" testId="bdd6414d-53bc-cce6-3e9b-7c3b1b2abd5f" testName="ParseTimeLine_TimeLineIsInvalid_ThrowsFormatException(&quot;01:18.171 01:20.171 --&gt;&quot;)" computerName="AVDC720" duration="00:00:00.0010000" startTime="2020-06-22T14:19:52.0000000+02:00" endTime="2020-06-22T14:19:52.0000000+02:00" testType="13cdc9d9-ddb5-4fa4-a97d-d965ccfc6d4b" outcome="Passed" testListId="8c84fa94-04c1-424b-9868-57a2d4851a1d" relativeResultsDirectory="8bfda299-6b90-455d-a1ca-cc35f163e61d" />
    <UnitTestResult executionId="7493c3ff-a1ca-4c88-9894-3c4647574d9e" testId="5086e7e5-6679-888c-406b-de1ba0a5028e" testName="Parse_DifferentEncodings_ParsesSuccessfully(&quot;JuvoPlayer.Tests.res.subtitles.media_player_subs_utf8.srt&quot;,&quot;utf-8&quot;,&quot;[UTF-8] 3.0: 고양이. Чч Щщ Ъъ. Óó Śś Źź. Ýý Ţţ Ł €. 猫.&quot;)" computerName="AVDC720" duration="00:00:00.0020000" startTime="2020-06-22T14:19:50.0000000+02:00" endTime="2020-06-22T14:19:50.0000000+02:00" testType="13cdc9d9-ddb5-4fa4-a97d-d965ccfc6d4b" outcome="Passed" testListId="8c84fa94-04c1-424b-9868-57a2d4851a1d" relativeResultsDirectory="7493c3ff-a1ca-4c88-9894-3c4647574d9e" />
    <UnitTestResult executionId="9823db3a-eccc-4ca7-b589-182305d836f1" testId="5b212d48-3586-21cd-2d5d-74feb2deb816" testName="MoveToTimeLine_WebVttHasTwoTimeLines_ReturnsBoth" computerName="AVDC720" duration="00:00:00.0000001" startTime="2020-06-22T14:19:51.0000000+02:00" endTime="2020-06-22T14:19:51.0000000+02:00" testType="13cdc9d9-ddb5-4fa4-a97d-d965ccfc6d4b" outcome="Passed" testListId="8c84fa94-04c1-424b-9868-57a2d4851a1d" relativeResultsDirectory="9823db3a-eccc-4ca7-b589-182305d836f1" />
    <UnitTestResult executionId="9422ea48-8dd4-43ce-a674-8be1f30a2cd6" testId="320b5630-864f-a352-1987-972112f06fc2" testName="XMLData_AppParserSysParser_same_OK" computerName="AVDC720" duration="00:00:00.4170000" startTime="2020-06-22T14:19:51.0000000+02:00" endTime="2020-06-22T14:19:51.0000000+02:00" testType="13cdc9d9-ddb5-4fa4-a97d-d965ccfc6d4b" outcome="Passed" testListId="8c84fa94-04c1-424b-9868-57a2d4851a1d" relativeResultsDirectory="9422ea48-8dd4-43ce-a674-8be1f30a2cd6" />
    <UnitTestResult executionId="fa6ebc4b-5274-4cd2-85b1-c83ada881d48" testId="91027327-45ed-f0e3-a55e-e86b5bcdf8a3" testName="ParseText_ContainsEscapeSequence_DecodesSuccessfully(&quot;begin &amp;gt; end&quot;,&quot;begin &gt; end&quot;)" computerName="AVDC720" duration="00:00:00.0000001" startTime="2020-06-22T14:19:51.0000000+02:00" endTime="2020-06-22T14:19:51.0000000+02:00" testType="13cdc9d9-ddb5-4fa4-a97d-d965ccfc6d4b" outcome="Passed" testListId="8c84fa94-04c1-424b-9868-57a2d4851a1d" relativeResultsDirectory="fa6ebc4b-5274-4cd2-85b1-c83ada881d48" />
    <UnitTestResult executionId="eb86ec91-f675-402c-b3e0-6c4b7d795933" testId="292b8184-3595-15f3-6608-17958c811f3c" testName="Parse_DifferentEncodings_ParsesSuccessfully(&quot;JuvoPlayer.Tests.res.subtitles.media_player_subs_cp-949.srt&quot;,&quot;euc-kr&quot;,&quot;[Korean] 3.5: 그녀는 고양이가. 고양이 모피를 가지고&quot;)" computerName="AVDC720" duration="00:00:00.0020000" startTime="2020-06-22T14:19:50.0000000+02:00" endTime="2020-06-22T14:19:50.0000000+02:00" testType="13cdc9d9-ddb5-4fa4-a97d-d965ccfc6d4b" outcome="Passed" testListId="8c84fa94-04c1-424b-9868-57a2d4851a1d" relativeResultsDirectory="eb86ec91-f675-402c-b3e0-6c4b7d795933" />
    <UnitTestResult executionId="648d581a-59b2-4bbf-9421-db73806a821f" testId="5ca64586-df96-c4e0-6cbd-c37e2176547b" testName="DeserializeJsonText_ThrowsInvalid" computerName="AVDC720" duration="00:00:00.0040000" startTime="2020-06-22T14:19:50.0000000+02:00" endTime="2020-06-22T14:19:50.0000000+02:00" testType="13cdc9d9-ddb5-4fa4-a97d-d965ccfc6d4b" outcome="Passed" testListId="8c84fa94-04c1-424b-9868-57a2d4851a1d" relativeResultsDirectory="648d581a-59b2-4bbf-9421-db73806a821f" />
    <UnitTestResult executionId="e0ae2896-0778-4341-b364-d4c5e8e2f3aa" testId="09021642-119b-2b6e-4751-93eb7ddbf929" testName="GetDrmType_InvalidType_ReturnsUnknown" computerName="AVDC720" duration="00:00:00.0040000" startTime="2020-06-22T14:19:50.0000000+02:00" endTime="2020-06-22T14:19:50.0000000+02:00" testType="13cdc9d9-ddb5-4fa4-a97d-d965ccfc6d4b" outcome="Passed" testListId="8c84fa94-04c1-424b-9868-57a2d4851a1d" relativeResultsDirectory="e0ae2896-0778-4341-b364-d4c5e8e2f3aa" />
    <UnitTestResult executionId="5cd67e88-ce8f-4381-8479-1e63979689e5" testId="14b24806-a082-47eb-f4a4-0872c3c59611" testName="Start_DRMInitDataFound_PublishesDRMInitData(StartForEs)" computerName="AVDC720" duration="00:00:00.0050000" startTime="2020-06-22T14:19:51.0000000+02:00" endTime="2020-06-22T14:19:51.0000000+02:00" testType="13cdc9d9-ddb5-4fa4-a97d-d965ccfc6d4b" outcome="Passed" testListId="8c84fa94-04c1-424b-9868-57a2d4851a1d" relativeResultsDirectory="5cd67e88-ce8f-4381-8479-1e63979689e5" />
    <UnitTestResult executionId="afb8e33f-4bb7-44bc-9c7a-7414ca92bf96" testId="3e643ea4-f7b6-f967-c41d-29aace04110b" testName="OnAppendPacket_WhenNotConfigured_ThrowsInvalidOperationException" computerName="AVDC720" duration="00:00:00.0010000" startTime="2020-06-22T14:19:51.0000000+02:00" endTime="2020-06-22T14:19:51.0000000+02:00" testType="13cdc9d9-ddb5-4fa4-a97d-d965ccfc6d4b" outcome="Passed" testListId="8c84fa94-04c1-424b-9868-57a2d4851a1d" relativeResultsDirectory="afb8e33f-4bb7-44bc-9c7a-7414ca92bf96" />
    <UnitTestResult executionId="726aca3a-4097-4265-8d2a-ebcf4c7ec2c4" testId="8d86425c-9966-faa7-aa49-ad14ec445516" testName="ParseTime_WhenTimeFormatIsInvalid_ThrowsFormatException(&quot;25.02.17.440&quot;)" computerName="AVDC720" duration="00:00:00.0000001" startTime="2020-06-22T14:19:51.0000000+02:00" endTime="2020-06-22T14:19:51.0000000+02:00" testType="13cdc9d9-ddb5-4fa4-a97d-d965ccfc6d4b" outcome="Passed" testListId="8c84fa94-04c1-424b-9868-57a2d4851a1d" relativeResultsDirectory="726aca3a-4097-4265-8d2a-ebcf4c7ec2c4" />
    <UnitTestResult executionId="da0cab83-d66a-4fb7-bcd0-093f181b9967" testId="db9e6235-a824-dde8-0052-9868cf8e7d1a" testName="Reached_FirstPacketPushed_BarrierIsNotReached" computerName="AVDC720" duration="00:00:00.0010000" startTime="2020-06-22T14:19:51.0000000+02:00" endTime="2020-06-22T14:19:51.0000000+02:00" testType="13cdc9d9-ddb5-4fa4-a97d-d965ccfc6d4b" outcome="Passed" testListId="8c84fa94-04c1-424b-9868-57a2d4851a1d" relativeResultsDirectory="da0cab83-d66a-4fb7-bcd0-093f181b9967" />
    <UnitTestResult executionId="60099385-e1de-41aa-8472-73bffddaa6c2" testId="387dafbc-f6b1-0e58-56ab-e371f4acda38" testName="Start_PacketDemuxed_PublishesPacket(StartForUrl)" computerName="AVDC720" duration="00:00:00.0010000" startTime="2020-06-22T14:19:51.0000000+02:00" endTime="2020-06-22T14:19:51.0000000+02:00" testType="13cdc9d9-ddb5-4fa4-a97d-d965ccfc6d4b" outcome="Passed" testListId="8c84fa94-04c1-424b-9868-57a2d4851a1d" relativeResultsDirectory="60099385-e1de-41aa-8472-73bffddaa6c2" />
    <UnitTestResult executionId="e98afcc0-ce73-4dec-807b-0128fbb18f60" testId="5ab273b4-d5f1-2abf-3a88-3bfeef20ebf5" testName="TestInvalidConfig" computerName="AVDC720" duration="00:00:00.0050000" startTime="2020-06-22T14:19:50.0000000+02:00" endTime="2020-06-22T14:19:50.0000000+02:00" testType="13cdc9d9-ddb5-4fa4-a97d-d965ccfc6d4b" outcome="Passed" testListId="8c84fa94-04c1-424b-9868-57a2d4851a1d" relativeResultsDirectory="e98afcc0-ce73-4dec-807b-0128fbb18f60" />
    <UnitTestResult executionId="cac278fb-f909-42e1-b951-d5cfa4b3b7bd" testId="14bf11d8-cd56-b03e-b93b-91e02f6e5782" testName="ParseTimeLine_WhenLineIsInvalid_ThrowsFormatException(&quot;00:02:17,440 --&gt;&quot;)" computerName="AVDC720" duration="00:00:00.0000001" startTime="2020-06-22T14:19:51.0000000+02:00" endTime="2020-06-22T14:19:51.0000000+02:00" testType="13cdc9d9-ddb5-4fa4-a97d-d965ccfc6d4b" outcome="Passed" testListId="8c84fa94-04c1-424b-9868-57a2d4851a1d" relativeResultsDirectory="cac278fb-f909-42e1-b951-d5cfa4b3b7bd" />
    <UnitTestResult executionId="f7791398-6026-484a-bacf-3140da9b12b9" testId="f81baf0f-ead9-5f35-fa39-b734665fe9b1" testName="Reached_SecondPacketDoesntReachBarrier_BarrierIsNotReached" computerName="AVDC720" duration="00:00:00.0000001" startTime="2020-06-22T14:19:51.0000000+02:00" endTime="2020-06-22T14:19:51.0000000+02:00" testType="13cdc9d9-ddb5-4fa4-a97d-d965ccfc6d4b" outcome="Passed" testListId="8c84fa94-04c1-424b-9868-57a2d4851a1d" relativeResultsDirectory="f7791398-6026-484a-bacf-3140da9b12b9" />
    <UnitTestResult executionId="bda2c7f0-393b-4a7f-9f8f-83ab5e727472" testId="9d43c9dd-9ed0-37ad-3810-cd0fa27c1b3a" testName="Compare_VariousTimes_ReturnsExpectedValues(25,1)" computerName="AVDC720" duration="00:00:00.0000001" startTime="2020-06-22T14:19:50.0000000+02:00" endTime="2020-06-22T14:19:50.0000000+02:00" testType="13cdc9d9-ddb5-4fa4-a97d-d965ccfc6d4b" outcome="Passed" testListId="8c84fa94-04c1-424b-9868-57a2d4851a1d" relativeResultsDirectory="bda2c7f0-393b-4a7f-9f8f-83ab5e727472" />
    <UnitTestResult executionId="18100415-5350-4cac-8ee8-dfc5a96ba06a" testId="231edfdb-78fe-7971-98f1-f1ed15c7b9ce" testName="Parse_DifferentEncodings_ParsesSuccessfully(&quot;JuvoPlayer.Tests.res.subtitles.media_player_subs_windows-1255.srt&quot;,&quot;windows-1255&quot;,&quot;[Herbrew] 3.0: ₪ װױ  אבג דהוז חטיכ ל ר ¡ ¿ § µ ¾ ¥&quot;)" computerName="AVDC720" duration="00:00:00.0010000" startTime="2020-06-22T14:19:50.0000000+02:00" endTime="2020-06-22T14:19:50.0000000+02:00" testType="13cdc9d9-ddb5-4fa4-a97d-d965ccfc6d4b" outcome="Passed" testListId="8c84fa94-04c1-424b-9868-57a2d4851a1d" relativeResultsDirectory="18100415-5350-4cac-8ee8-dfc5a96ba06a" />
    <UnitTestResult executionId="689616d9-66ee-4eb7-a9ac-cebb4b982bcf" testId="843772ee-7171-937b-ee83-555f894077cb" testName="PacketReady_DemuxerSendsNullPacket_ProducesEOSPackets" computerName="AVDC720" duration="00:00:00.0390000" startTime="2020-06-22T14:19:51.0000000+02:00" endTime="2020-06-22T14:19:51.0000000+02:00" testType="13cdc9d9-ddb5-4fa4-a97d-d965ccfc6d4b" outcome="Passed" testListId="8c84fa94-04c1-424b-9868-57a2d4851a1d" relativeResultsDirectory="689616d9-66ee-4eb7-a9ac-cebb4b982bcf" />
    <UnitTestResult executionId="ae237f2a-352b-42f0-ad3b-ecc4d0f34ed4" testId="cbc3900a-27ac-f663-84c1-2e81fe605582" testName="Parse_DifferentEncodings_ParsesSuccessfully(&quot;JuvoPlayer.Tests.res.subtitles.subtitles_fr.vtt&quot;,&quot;utf-8&quot;,&quot;C'est bientôt fini. Chut...&quot;)" computerName="AVDC720" duration="00:00:00.0020000" startTime="2020-06-22T14:19:50.0000000+02:00" endTime="2020-06-22T14:19:50.0000000+02:00" testType="13cdc9d9-ddb5-4fa4-a97d-d965ccfc6d4b" outcome="Passed" testListId="8c84fa94-04c1-424b-9868-57a2d4851a1d" relativeResultsDirectory="ae237f2a-352b-42f0-ad3b-ecc4d0f34ed4" />
    <UnitTestResult executionId="7038a629-c962-4aaa-9be8-0cd61259e26a" testId="c09a9465-f15f-2431-e3ef-062999b6d76e" testName="GetScheme_PlayReadySystemId_ReturnsValid" computerName="AVDC720" duration="00:00:00.0000001" startTime="2020-06-22T14:19:50.0000000+02:00" endTime="2020-06-22T14:19:50.0000000+02:00" testType="13cdc9d9-ddb5-4fa4-a97d-d965ccfc6d4b" outcome="Passed" testListId="8c84fa94-04c1-424b-9868-57a2d4851a1d" relativeResultsDirectory="7038a629-c962-4aaa-9be8-0cd61259e26a" />
    <UnitTestResult executionId="bbb133c7-c427-48d9-ab3b-365e0bb88983" testId="a6d0eb97-9095-37a6-7ebf-53f8881d60f0" testName="GetDrmType_ValidType_ReturnsValid(&quot;playready&quot;,PlayReady)" computerName="AVDC720" duration="00:00:00.0000001" startTime="2020-06-22T14:19:50.0000000+02:00" endTime="2020-06-22T14:19:50.0000000+02:00" testType="13cdc9d9-ddb5-4fa4-a97d-d965ccfc6d4b" outcome="Passed" testListId="8c84fa94-04c1-424b-9868-57a2d4851a1d" relativeResultsDirectory="bbb133c7-c427-48d9-ab3b-365e0bb88983" />
    <UnitTestResult executionId="2f1a1b00-c64b-4520-999d-37306e171324" testId="c04c0fe5-1f6b-bd7f-47e1-2cbe0022b400" testName="Begin_EqualsEnd_ThrowsArgumentException" computerName="AVDC720" duration="00:00:00.0010000" startTime="2020-06-22T14:19:50.0000000+02:00" endTime="2020-06-22T14:19:50.0000000+02:00" testType="13cdc9d9-ddb5-4fa4-a97d-d965ccfc6d4b" outcome="Passed" testListId="8c84fa94-04c1-424b-9868-57a2d4851a1d" relativeResultsDirectory="2f1a1b00-c64b-4520-999d-37306e171324" />
    <UnitTestResult executionId="6f79e11a-877b-4749-a492-46cb9a116997" testId="aa4e9518-8a0d-c4b5-88b9-4da429c58985" testName="Parse_DifferentEncodings_ParsesSuccessfully(&quot;JuvoPlayer.Tests.res.subtitles.subtitles_es.vtt&quot;,&quot;utf-8&quot;,&quot;Éstas son tierras de dragones, Sintel.&quot;)" computerName="AVDC720" duration="00:00:00.0010000" startTime="2020-06-22T14:19:50.0000000+02:00" endTime="2020-06-22T14:19:50.0000000+02:00" testType="13cdc9d9-ddb5-4fa4-a97d-d965ccfc6d4b" outcome="Passed" testListId="8c84fa94-04c1-424b-9868-57a2d4851a1d" relativeResultsDirectory="6f79e11a-877b-4749-a492-46cb9a116997" />
    <UnitTestResult executionId="fe7237a0-ee46-45c6-bd6d-0ed3ae8ac354" testId="f7156c87-b8b9-0e61-1608-47647affb3d9" testName="Serialization_AllOperationsSerialized_DeserializedProperly" computerName="AVDC720" duration="00:00:00.0970000" startTime="2020-06-22T14:19:50.0000000+02:00" endTime="2020-06-22T14:19:50.0000000+02:00" testType="13cdc9d9-ddb5-4fa4-a97d-d965ccfc6d4b" outcome="Passed" testListId="8c84fa94-04c1-424b-9868-57a2d4851a1d" relativeResultsDirectory="fe7237a0-ee46-45c6-bd6d-0ed3ae8ac354" />
    <UnitTestResult executionId="4af349b2-9915-481f-9635-e9947c3c5c30" testId="dc2e53b3-b4b5-d431-a2a2-41dcd332c80c" testName="OnAppendPacket_WhenDrmSessionIsConfigured_CallsPlayerAdapter" computerName="AVDC720" duration="00:00:00.0060000" startTime="2020-06-22T14:19:51.0000000+02:00" endTime="2020-06-22T14:19:51.0000000+02:00" testType="13cdc9d9-ddb5-4fa4-a97d-d965ccfc6d4b" outcome="Passed" testListId="8c84fa94-04c1-424b-9868-57a2d4851a1d" relativeResultsDirectory="4af349b2-9915-481f-9635-e9947c3c5c30" />
    <UnitTestResult executionId="e2077901-acfc-4e7c-bc36-4e1938ac544a" testId="6682c8f3-9c28-94a7-d656-217500880b94" testName="SchemeIdUriToSystemId_PlayReadySchemeId_ReturnsSystemId" computerName="AVDC720" duration="00:00:00.0000001" startTime="2020-06-22T14:19:50.0000000+02:00" endTime="2020-06-22T14:19:50.0000000+02:00" testType="13cdc9d9-ddb5-4fa4-a97d-d965ccfc6d4b" outcome="Passed" testListId="8c84fa94-04c1-424b-9868-57a2d4851a1d" relativeResultsDirectory="e2077901-acfc-4e7c-bc36-4e1938ac544a" />
    <UnitTestResult executionId="e5d296e5-d104-45d6-b91f-ab574dd4ff46" testId="c78e9722-6d02-3845-ccf5-7d0c55504ab1" testName="DEBUG_MpdParser" computerName="AVDC720" duration="00:00:00.0050000" startTime="2020-06-22T14:19:50.0000000+02:00" endTime="2020-06-22T14:19:50.0000000+02:00" testType="13cdc9d9-ddb5-4fa4-a97d-d965ccfc6d4b" outcome="NotExecuted" testListId="8c84fa94-04c1-424b-9868-57a2d4851a1d" relativeResultsDirectory="e5d296e5-d104-45d6-b91f-ab574dd4ff46">
      <Output>
        <ErrorInfo>
          <Message>Disabled temporarily</Message>
        </ErrorInfo>
      </Output>
    </UnitTestResult>
    <UnitTestResult executionId="aef863c2-ff03-4808-a63c-af3a77b10afb" testId="b4eee26d-24ec-582f-e097-1f57b7e85dcb" testName="ParseText_ContainsEscapeSequence_DecodesSuccessfully(&quot;begin &amp;amp; end&quot;,&quot;begin &amp; end&quot;)" computerName="AVDC720" duration="00:00:00.0010000" startTime="2020-06-22T14:19:51.0000000+02:00" endTime="2020-06-22T14:19:51.0000000+02:00" testType="13cdc9d9-ddb5-4fa4-a97d-d965ccfc6d4b" outcome="Passed" testListId="8c84fa94-04c1-424b-9868-57a2d4851a1d" relativeResultsDirectory="aef863c2-ff03-4808-a63c-af3a77b10afb" />
    <UnitTestResult executionId="06dce8c0-3850-4c8c-84fd-9f0bb4a8e9c6" testId="82c42f6e-956e-b76d-5149-62245c80f145" testName="Flush_CalledWhileChunkIsPending_ChunkIsDeliveredToDemuxer" computerName="AVDC720" duration="00:00:00.0440000" startTime="2020-06-22T14:19:50.0000000+02:00" endTime="2020-06-22T14:19:50.0000000+02:00" testType="13cdc9d9-ddb5-4fa4-a97d-d965ccfc6d4b" outcome="Passed" testListId="8c84fa94-04c1-424b-9868-57a2d4851a1d" relativeResultsDirectory="06dce8c0-3850-4c8c-84fd-9f0bb4a8e9c6" />
    <UnitTestResult executionId="8f613e43-5f19-4e54-a726-3475c6fc4ebd" testId="18ddabc1-b1c8-c549-5717-a273d4ac0a3e" testName="Reset_Called_DeallocsAVFormatContext(ForEs)" computerName="AVDC720" duration="00:00:00.0020000" startTime="2020-06-22T14:19:51.0000000+02:00" endTime="2020-06-22T14:19:51.0000000+02:00" testType="13cdc9d9-ddb5-4fa4-a97d-d965ccfc6d4b" outcome="Passed" testListId="8c84fa94-04c1-424b-9868-57a2d4851a1d" relativeResultsDirectory="8f613e43-5f19-4e54-a726-3475c6fc4ebd" />
    <UnitTestResult executionId="49fca8ea-208c-41cf-bf73-ba6a37fd306e" testId="40b95933-2c83-039d-2a88-0479b1ded531" testName="Compare_VariousTimes_ReturnsExpectedValues(15,0)" computerName="AVDC720" duration="00:00:00.0000001" startTime="2020-06-22T14:19:50.0000000+02:00" endTime="2020-06-22T14:19:50.0000000+02:00" testType="13cdc9d9-ddb5-4fa4-a97d-d965ccfc6d4b" outcome="Passed" testListId="8c84fa94-04c1-424b-9868-57a2d4851a1d" relativeResultsDirectory="49fca8ea-208c-41cf-bf73-ba6a37fd306e" />
    <UnitTestResult executionId="1f8204f1-388f-4257-baba-f80e901dd928" testId="a01cf621-ca79-9bae-641f-945046dfdf90" testName="CompleteAdding_AddAsyncCalled_ThrowsInvalidOperationException" computerName="AVDC720" duration="00:00:00.0160000" startTime="2020-06-22T14:19:50.0000000+02:00" endTime="2020-06-22T14:19:50.0000000+02:00" testType="13cdc9d9-ddb5-4fa4-a97d-d965ccfc6d4b" outcome="Passed" testListId="8c84fa94-04c1-424b-9868-57a2d4851a1d" relativeResultsDirectory="1f8204f1-388f-4257-baba-f80e901dd928" />
    <UnitTestResult executionId="6ad91dc0-f65d-4f02-9d91-f2464f8f82be" testId="1456f546-2b4f-74af-fce2-a2145100c175" testName="OnStreamConfigChanged_WhenStreamConfigIsUnsupported_ThrowsArgumentException" computerName="AVDC720" duration="00:00:00.0010000" startTime="2020-06-22T14:19:51.0000000+02:00" endTime="2020-06-22T14:19:51.0000000+02:00" testType="13cdc9d9-ddb5-4fa4-a97d-d965ccfc6d4b" outcome="Passed" testListId="8c84fa94-04c1-424b-9868-57a2d4851a1d" relativeResultsDirectory="6ad91dc0-f65d-4f02-9d91-f2464f8f82be" />
    <UnitTestResult executionId="5e8c0822-870c-425d-990f-8b064ccc424a" testId="d69bd21c-4887-795d-066d-a5d448489d31" testName="ParseTime_WhenTimeFormatIsInvalid_ThrowsFormatException(&quot;a.b.c.d&quot;)" computerName="AVDC720" duration="00:00:00.0000001" startTime="2020-06-22T14:19:51.0000000+02:00" endTime="2020-06-22T14:19:51.0000000+02:00" testType="13cdc9d9-ddb5-4fa4-a97d-d965ccfc6d4b" outcome="Passed" testListId="8c84fa94-04c1-424b-9868-57a2d4851a1d" relativeResultsDirectory="5e8c0822-870c-425d-990f-8b064ccc424a" />
    <UnitTestResult executionId="811e803d-2359-43a2-8d98-1b35c6fd5e71" testId="598bfb59-b210-6d51-5dff-24428bdd49a7" testName="RegisterDataProviderFactory_OK" computerName="AVDC720" duration="00:00:00.0010000" startTime="2020-06-22T14:19:50.0000000+02:00" endTime="2020-06-22T14:19:50.0000000+02:00" testType="13cdc9d9-ddb5-4fa4-a97d-d965ccfc6d4b" outcome="Passed" testListId="8c84fa94-04c1-424b-9868-57a2d4851a1d" relativeResultsDirectory="811e803d-2359-43a2-8d98-1b35c6fd5e71" />
    <UnitTestResult executionId="31318318-505e-4e9d-a3c9-864c50d6ece2" testId="800df5e6-2778-4289-fb38-2692d926e438" testName="Take_MultipleTakes_ProperlyReturnsData" computerName="AVDC720" duration="00:00:00.0000001" startTime="2020-06-22T14:19:50.0000000+02:00" endTime="2020-06-22T14:19:50.0000000+02:00" testType="13cdc9d9-ddb5-4fa4-a97d-d965ccfc6d4b" outcome="Passed" testListId="8c84fa94-04c1-424b-9868-57a2d4851a1d" relativeResultsDirectory="31318318-505e-4e9d-a3c9-864c50d6ece2" />
    <UnitTestResult executionId="b3172087-390d-46e1-91d1-45c793113cb1" testId="06962d28-4767-08b4-f374-8a5f6998b67f" testName="RegisterDataProviderFactory_Unsupported" computerName="AVDC720" duration="00:00:00.0010000" startTime="2020-06-22T14:19:50.0000000+02:00" endTime="2020-06-22T14:19:50.0000000+02:00" testType="13cdc9d9-ddb5-4fa4-a97d-d965ccfc6d4b" outcome="Passed" testListId="8c84fa94-04c1-424b-9868-57a2d4851a1d" relativeResultsDirectory="b3172087-390d-46e1-91d1-45c793113cb1" />
    <UnitTestResult executionId="4021e922-68d3-4c43-b304-3c44b4727082" testId="718f5161-c183-d605-d2c2-6292afd3ca09" testName="End_GreaterThanBegin_SetsSuccessfully" computerName="AVDC720" duration="00:00:00.0000001" startTime="2020-06-22T14:19:50.0000000+02:00" endTime="2020-06-22T14:19:50.0000000+02:00" testType="13cdc9d9-ddb5-4fa4-a97d-d965ccfc6d4b" outcome="Passed" testListId="8c84fa94-04c1-424b-9868-57a2d4851a1d" relativeResultsDirectory="4021e922-68d3-4c43-b304-3c44b4727082" />
    <UnitTestResult executionId="a681de73-0bfd-46c5-8bb6-62a30b56e1ec" testId="7d1053d3-3965-5046-05f3-5d8a55de4e4c" testName="Serialization_OperationSerialized_DeserializedProperly(JuvoPlayer.Tests.Utils.StartOperation)" computerName="AVDC720" duration="00:00:00.0010000" startTime="2020-06-22T14:19:50.0000000+02:00" endTime="2020-06-22T14:19:50.0000000+02:00" testType="13cdc9d9-ddb5-4fa4-a97d-d965ccfc6d4b" outcome="Passed" testListId="8c84fa94-04c1-424b-9868-57a2d4851a1d" relativeResultsDirectory="a681de73-0bfd-46c5-8bb6-62a30b56e1ec" />
    <UnitTestResult executionId="26bf294c-c76c-49ed-8db4-6bef9b3c59d0" testId="03900516-35b4-a3f2-ee8e-53c1d537ca19" testName="SupportsSystemId_PlayReadySystemId_ReturnsTrue" computerName="AVDC720" duration="00:00:00.0000001" startTime="2020-06-22T14:19:50.0000000+02:00" endTime="2020-06-22T14:19:50.0000000+02:00" testType="13cdc9d9-ddb5-4fa4-a97d-d965ccfc6d4b" outcome="Passed" testListId="8c84fa94-04c1-424b-9868-57a2d4851a1d" relativeResultsDirectory="26bf294c-c76c-49ed-8db4-6bef9b3c59d0" />
    <UnitTestResult executionId="46f861ea-9380-4f1e-94b1-44f69e9e7967" testId="7ac342f5-d941-880c-3a41-9a214f71d826" testName="Parse_DifferentEncodings_ParsesSuccessfully(&quot;JuvoPlayer.Tests.res.subtitles.media_player_subs_windows-1257.srt&quot;,&quot;windows-1257&quot;,&quot;[Baltic] 1.5: Ąą Įį Āā Ćć Čč Ģģ Ķķ Ļļ Ńń Ņņ Õõ Ųų Øø Ææ µ ß&quot;)" computerName="AVDC720" duration="00:00:00.0010000" startTime="2020-06-22T14:19:50.0000000+02:00" endTime="2020-06-22T14:19:50.0000000+02:00" testType="13cdc9d9-ddb5-4fa4-a97d-d965ccfc6d4b" outcome="Passed" testListId="8c84fa94-04c1-424b-9868-57a2d4851a1d" relativeResultsDirectory="46f861ea-9380-4f1e-94b1-44f69e9e7967" />
    <UnitTestResult executionId="90e43ad4-b9c1-4a7b-9c9b-cd2764a10b1f" testId="fd067bbf-348e-1b3b-3bb2-93d8b6657abe" testName="ParseTimeLine_TimeLineIsValid_ParsesSuccessfully(&quot;01:18.171 --&gt; 01:20.171 position:10%,line-left align:left size:35%&quot;)" computerName="AVDC720" duration="00:00:00.0010000" startTime="2020-06-22T14:19:52.0000000+02:00" endTime="2020-06-22T14:19:52.0000000+02:00" testType="13cdc9d9-ddb5-4fa4-a97d-d965ccfc6d4b" outcome="Passed" testListId="8c84fa94-04c1-424b-9868-57a2d4851a1d" relativeResultsDirectory="90e43ad4-b9c1-4a7b-9c9b-cd2764a10b1f" />
    <UnitTestResult executionId="186e49b7-7ce8-45ef-851c-d31e1b0ad27a" testId="1f7bba7b-44c7-d415-228c-13d53a0e097d" testName="ResolveByPath_InvalidPath_ReturnInvalidFormat" computerName="AVDC720" duration="00:00:00.0000001" startTime="2020-06-22T14:19:51.0000000+02:00" endTime="2020-06-22T14:19:51.0000000+02:00" testType="13cdc9d9-ddb5-4fa4-a97d-d965ccfc6d4b" outcome="Passed" testListId="8c84fa94-04c1-424b-9868-57a2d4851a1d" relativeResultsDirectory="186e49b7-7ce8-45ef-851c-d31e1b0ad27a" />
    <UnitTestResult executionId="43c19c8e-2482-4593-838b-76f3e9ef243f" testId="97595e50-425c-1bd9-270d-ac32868fdf2d" testName="Init_StreamConfigAvailable_ReturnsStreamConfig(ForEs)" computerName="AVDC720" duration="00:00:00.0060000" startTime="2020-06-22T14:19:51.0000000+02:00" endTime="2020-06-22T14:19:51.0000000+02:00" testType="13cdc9d9-ddb5-4fa4-a97d-d965ccfc6d4b" outcome="Passed" testListId="8c84fa94-04c1-424b-9868-57a2d4851a1d" relativeResultsDirectory="43c19c8e-2482-4593-838b-76f3e9ef243f" />
    <UnitTestResult executionId="130e385e-bfff-47a1-836b-7e8a3c3f0d97" testId="b5d74e53-26e8-fd8a-6e3c-c86cfe8ea12c" testName="Seek_Called_ListensForEos" computerName="AVDC720" duration="00:00:00.0020000" startTime="2020-06-22T14:19:51.0000000+02:00" endTime="2020-06-22T14:19:51.0000000+02:00" testType="13cdc9d9-ddb5-4fa4-a97d-d965ccfc6d4b" outcome="Passed" testListId="8c84fa94-04c1-424b-9868-57a2d4851a1d" relativeResultsDirectory="130e385e-bfff-47a1-836b-7e8a3c3f0d97" />
    <UnitTestResult executionId="04517a1b-3768-46e4-8247-849778b2ec43" testId="297e934f-7145-7b72-115d-3787b6d62aa4" testName="ParseTimeLine_WhenLineIsInvalid_ThrowsFormatException(&quot;--&gt;  00:02:17,440&quot;)" computerName="AVDC720" duration="00:00:00.0000001" startTime="2020-06-22T14:19:51.0000000+02:00" endTime="2020-06-22T14:19:51.0000000+02:00" testType="13cdc9d9-ddb5-4fa4-a97d-d965ccfc6d4b" outcome="Passed" testListId="8c84fa94-04c1-424b-9868-57a2d4851a1d" relativeResultsDirectory="04517a1b-3768-46e4-8247-849778b2ec43" />
    <UnitTestResult executionId="cdcdd09d-e3d6-42d5-9b28-162c3b0b4cf0" testId="3f7ea52d-8fbc-14ce-b76b-689a6ecb938b" testName="ParseTime_WhenTimeFormatIsInvalid_ThrowsFormatException(&quot;&quot;)" computerName="AVDC720" duration="00:00:00.0000001" startTime="2020-06-22T14:19:51.0000000+02:00" endTime="2020-06-22T14:19:51.0000000+02:00" testType="13cdc9d9-ddb5-4fa4-a97d-d965ccfc6d4b" outcome="Passed" testListId="8c84fa94-04c1-424b-9868-57a2d4851a1d" relativeResultsDirectory="cdcdd09d-e3d6-42d5-9b28-162c3b0b4cf0" />
    <UnitTestResult executionId="23f26785-09c3-4369-8168-c246b7668227" testId="a659b756-6e9d-b19a-f709-878e64441c5e" testName="ParseTime_TimeFormatIsValid_ParsesSuccessfully(&quot;9999:01:18.171&quot;,9999,1,18,171)" computerName="AVDC720" duration="00:00:00.0000001" startTime="2020-06-22T14:19:52.0000000+02:00" endTime="2020-06-22T14:19:52.0000000+02:00" testType="13cdc9d9-ddb5-4fa4-a97d-d965ccfc6d4b" outcome="Passed" testListId="8c84fa94-04c1-424b-9868-57a2d4851a1d" relativeResultsDirectory="23f26785-09c3-4369-8168-c246b7668227" />
    <UnitTestResult executionId="3789b4cd-ad82-434f-ac1c-c0765efc6722" testId="bfa7b9c5-0d1c-484d-ffb4-16f6680e082d" testName="ParseTimeLine_WhenLineIsInvalid_ThrowsFormatException(null)" computerName="AVDC720" duration="00:00:00.0010000" startTime="2020-06-22T14:19:51.0000000+02:00" endTime="2020-06-22T14:19:51.0000000+02:00" testType="13cdc9d9-ddb5-4fa4-a97d-d965ccfc6d4b" outcome="Passed" testListId="8c84fa94-04c1-424b-9868-57a2d4851a1d" relativeResultsDirectory="3789b4cd-ad82-434f-ac1c-c0765efc6722" />
    <UnitTestResult executionId="0a22b848-fce4-4b13-a8b7-0ad950540b2d" testId="10e2acea-9f1a-44dc-fcd2-d1496a18cd1a" testName="SupportsType_ValidType_ReturnsTrue(&quot;playready&quot;)" computerName="AVDC720" duration="00:00:00.0000001" startTime="2020-06-22T14:19:50.0000000+02:00" endTime="2020-06-22T14:19:50.0000000+02:00" testType="13cdc9d9-ddb5-4fa4-a97d-d965ccfc6d4b" outcome="Passed" testListId="8c84fa94-04c1-424b-9868-57a2d4851a1d" relativeResultsDirectory="0a22b848-fce4-4b13-a8b7-0ad950540b2d" />
    <UnitTestResult executionId="c8fc07d0-c400-42ae-8d9f-fa75970ca1e1" testId="87a46580-854b-14e6-9b30-6edf24aae711" testName="Resume_Called_CallsNextPacket(StartForUrl)" computerName="AVDC720" duration="00:00:00.0000001" startTime="2020-06-22T14:19:50.0000000+02:00" endTime="2020-06-22T14:19:50.0000000+02:00" testType="13cdc9d9-ddb5-4fa4-a97d-d965ccfc6d4b" outcome="Passed" testListId="8c84fa94-04c1-424b-9868-57a2d4851a1d" relativeResultsDirectory="c8fc07d0-c400-42ae-8d9f-fa75970ca1e1" />
    <UnitTestResult executionId="7043dcc2-4be4-4177-a059-852f162c46c0" testId="39d5ff9a-2a80-e32f-8c48-31ef5543d04d" testName="Get_KeyBetweenTwoCues_ReturnsNull" computerName="AVDC720" duration="00:00:00.0010000" startTime="2020-06-22T14:19:50.0000000+02:00" endTime="2020-06-22T14:19:50.0000000+02:00" testType="13cdc9d9-ddb5-4fa4-a97d-d965ccfc6d4b" outcome="Passed" testListId="8c84fa94-04c1-424b-9868-57a2d4851a1d" relativeResultsDirectory="7043dcc2-4be4-4177-a059-852f162c46c0" />
    <UnitTestResult executionId="7bbeed19-994f-4bbc-8609-8b4ebbc2b742" testId="cb66aab4-74da-9d22-4f63-1827d111c973" testName="TimeToNextFrame_CalledBeforeFirstPacket_ThrowsInvalidOperationException" computerName="AVDC720" duration="00:00:00.0010000" startTime="2020-06-22T14:19:51.0000000+02:00" endTime="2020-06-22T14:19:51.0000000+02:00" testType="13cdc9d9-ddb5-4fa4-a97d-d965ccfc6d4b" outcome="Passed" testListId="8c84fa94-04c1-424b-9868-57a2d4851a1d" relativeResultsDirectory="7bbeed19-994f-4bbc-8609-8b4ebbc2b742" />
    <UnitTestResult executionId="24fb5a5f-f39b-4507-bc89-e3d48fc727a6" testId="24b81133-6183-4881-a72c-c0d4de113274" testName="ParseTime_TimeFormatIsInvalid_ThrowsFormatException(null)" computerName="AVDC720" duration="00:00:00.0010000" startTime="2020-06-22T14:19:51.0000000+02:00" endTime="2020-06-22T14:19:51.0000000+02:00" testType="13cdc9d9-ddb5-4fa4-a97d-d965ccfc6d4b" outcome="Passed" testListId="8c84fa94-04c1-424b-9868-57a2d4851a1d" relativeResultsDirectory="24fb5a5f-f39b-4507-bc89-e3d48fc727a6" />
    <UnitTestResult executionId="614ebc42-c664-4995-8efc-3313c6b0431d" testId="d77ecc1e-9bc2-799a-79b3-b2ffe8608f4b" testName="ParseTime_TimeFormatIsInvalid_ThrowsFormatException(&quot;00.0&quot;)" computerName="AVDC720" duration="00:00:00.0000001" startTime="2020-06-22T14:19:51.0000000+02:00" endTime="2020-06-22T14:19:51.0000000+02:00" testType="13cdc9d9-ddb5-4fa4-a97d-d965ccfc6d4b" outcome="Passed" testListId="8c84fa94-04c1-424b-9868-57a2d4851a1d" relativeResultsDirectory="614ebc42-c664-4995-8efc-3313c6b0431d" />
    <UnitTestResult executionId="2f38dd61-e778-4d59-aa70-4eff6abea201" testId="4f7bdc50-58ea-1837-577f-74ef6cb0ffb7" testName="TestInvalidLogLevel" computerName="AVDC720" duration="00:00:00.0010000" startTime="2020-06-22T14:19:51.0000000+02:00" endTime="2020-06-22T14:19:51.0000000+02:00" testType="13cdc9d9-ddb5-4fa4-a97d-d965ccfc6d4b" outcome="Passed" testListId="8c84fa94-04c1-424b-9868-57a2d4851a1d" relativeResultsDirectory="2f38dd61-e778-4d59-aa70-4eff6abea201" />
    <UnitTestResult executionId="e3d167bf-7b70-4cc3-bb77-cde3092114b6" testId="546e2195-b0fd-c5a9-fb2f-7840d4c86cb8" testName="LoadAsEmbeddedAssembly_AssemblyContainsExceptedResource_LoadsResource" computerName="AVDC720" duration="00:00:00.0290000" startTime="2020-06-22T14:19:51.0000000+02:00" endTime="2020-06-22T14:19:51.0000000+02:00" testType="13cdc9d9-ddb5-4fa4-a97d-d965ccfc6d4b" outcome="Passed" testListId="8c84fa94-04c1-424b-9868-57a2d4851a1d" relativeResultsDirectory="e3d167bf-7b70-4cc3-bb77-cde3092114b6" />
    <UnitTestResult executionId="f48b0acd-3055-4482-a576-c48a4fbfabd4" testId="6edbc781-4e0b-a9f7-1870-a384b19f1879" testName="ParseTime_TimeFormatIsInvalid_ThrowsFormatException(&quot;0.0.0.0&quot;)" computerName="AVDC720" duration="00:00:00.0000001" startTime="2020-06-22T14:19:51.0000000+02:00" endTime="2020-06-22T14:19:51.0000000+02:00" testType="13cdc9d9-ddb5-4fa4-a97d-d965ccfc6d4b" outcome="Passed" testListId="8c84fa94-04c1-424b-9868-57a2d4851a1d" relativeResultsDirectory="f48b0acd-3055-4482-a576-c48a4fbfabd4" />
    <UnitTestResult executionId="99bc96c2-64e1-4390-9f06-a5df06ee3931" testId="913bcb3f-29bc-fd1f-7c98-c387d71227d4" testName="Start_StreamConfigFound_PublishesStreamConfig(StartForUrl)" computerName="AVDC720" duration="00:00:00.0010000" startTime="2020-06-22T14:19:51.0000000+02:00" endTime="2020-06-22T14:19:51.0000000+02:00" testType="13cdc9d9-ddb5-4fa4-a97d-d965ccfc6d4b" outcome="Passed" testListId="8c84fa94-04c1-424b-9868-57a2d4851a1d" relativeResultsDirectory="99bc96c2-64e1-4390-9f06-a5df06ee3931" />
    <UnitTestResult executionId="67f8aa09-a614-4e56-ab83-8f0cf5c70294" testId="cdaa95b4-0c6d-1e27-93cc-3d0e0a68a8ea" testName="Start_ClipDurationFound_PublishesClipDuration(StartForUrl)" computerName="AVDC720" duration="00:00:00.0010000" startTime="2020-06-22T14:19:51.0000000+02:00" endTime="2020-06-22T14:19:51.0000000+02:00" testType="13cdc9d9-ddb5-4fa4-a97d-d965ccfc6d4b" outcome="Passed" testListId="8c84fa94-04c1-424b-9868-57a2d4851a1d" relativeResultsDirectory="67f8aa09-a614-4e56-ab83-8f0cf5c70294" />
    <UnitTestResult executionId="110183f4-6add-453f-bd02-71eb72043f1b" testId="b7eb0c33-690a-f384-4720-26ede54cd459" testName="GetScheme_InvalidSystemId_ReturnsUnknown" computerName="AVDC720" duration="00:00:00.0010000" startTime="2020-06-22T14:19:50.0000000+02:00" endTime="2020-06-22T14:19:50.0000000+02:00" testType="13cdc9d9-ddb5-4fa4-a97d-d965ccfc6d4b" outcome="Passed" testListId="8c84fa94-04c1-424b-9868-57a2d4851a1d" relativeResultsDirectory="110183f4-6add-453f-bd02-71eb72043f1b" />
    <UnitTestResult executionId="053b64cc-3017-45d1-9b55-0ab3f3e59591" testId="3bb9e6bd-fed8-b1b2-1da9-9ab8e55f2013" testName="RegisterDataProviderFactory_ThrowsNull" computerName="AVDC720" duration="00:00:00.0010000" startTime="2020-06-22T14:19:50.0000000+02:00" endTime="2020-06-22T14:19:50.0000000+02:00" testType="13cdc9d9-ddb5-4fa4-a97d-d965ccfc6d4b" outcome="Passed" testListId="8c84fa94-04c1-424b-9868-57a2d4851a1d" relativeResultsDirectory="053b64cc-3017-45d1-9b55-0ab3f3e59591" />
    <UnitTestResult executionId="f6a46888-f927-4410-8689-4ee75dbbead1" testId="4316b1a0-3df5-84d3-9052-82615cd59e81" testName="PushChunk_CalledAfterReset_ThrowsException" computerName="AVDC720" duration="00:00:00.0020000" startTime="2020-06-22T14:19:51.0000000+02:00" endTime="2020-06-22T14:19:51.0000000+02:00" testType="13cdc9d9-ddb5-4fa4-a97d-d965ccfc6d4b" outcome="Passed" testListId="8c84fa94-04c1-424b-9868-57a2d4851a1d" relativeResultsDirectory="f6a46888-f927-4410-8689-4ee75dbbead1" />
    <UnitTestResult executionId="925c38aa-2c60-4527-9d03-daa650cfe884" testId="88dd71ef-8824-feb9-a45c-d465619740f7" testName="Serialization_OperationSerialized_DeserializedProperly(JuvoPlayer.Tests.Utils.DelayOperation)" computerName="AVDC720" duration="00:00:00.0010000" startTime="2020-06-22T14:19:50.0000000+02:00" endTime="2020-06-22T14:19:50.0000000+02:00" testType="13cdc9d9-ddb5-4fa4-a97d-d965ccfc6d4b" outcome="Passed" testListId="8c84fa94-04c1-424b-9868-57a2d4851a1d" relativeResultsDirectory="925c38aa-2c60-4527-9d03-daa650cfe884" />
    <UnitTestResult executionId="a1214d40-07f4-4e8d-a632-d18b1497b052" testId="fdaaee40-d5ec-3d57-52e3-ba061dbf8ab8" testName="Parse_DifferentEncodings_ParsesSuccessfully(&quot;JuvoPlayer.Tests.res.subtitles.subtitles_en.vtt&quot;,&quot;utf-8&quot;,&quot;A dangerous quest for a lone hunter.&quot;)" computerName="AVDC720" duration="00:00:00.0020000" startTime="2020-06-22T14:19:50.0000000+02:00" endTime="2020-06-22T14:19:50.0000000+02:00" testType="13cdc9d9-ddb5-4fa4-a97d-d965ccfc6d4b" outcome="Passed" testListId="8c84fa94-04c1-424b-9868-57a2d4851a1d" relativeResultsDirectory="a1214d40-07f4-4e8d-a632-d18b1497b052" />
    <UnitTestResult executionId="fffb1325-a740-4689-bbed-08fc214bce13" testId="8e853ee6-04cd-709e-3b10-3f4dc0ff936d" testName="Start_ClipDurationFound_PublishesClipDuration(StartForEs)" computerName="AVDC720" duration="00:00:00.0160000" startTime="2020-06-22T14:19:51.0000000+02:00" endTime="2020-06-22T14:19:51.0000000+02:00" testType="13cdc9d9-ddb5-4fa4-a97d-d965ccfc6d4b" outcome="Passed" testListId="8c84fa94-04c1-424b-9868-57a2d4851a1d" relativeResultsDirectory="fffb1325-a740-4689-bbed-08fc214bce13" />
    <UnitTestResult executionId="fbbeedcb-0b33-43d4-b736-5de96ea68e91" testId="c6b41802-25fd-66eb-f1c3-47cfda11148b" testName="Parse_DifferentEncodings_ParsesSuccessfully(&quot;JuvoPlayer.Tests.res.subtitles.media_player_subs_windows-1250.srt&quot;,&quot;windows-1250&quot;,&quot;[Central Europe] 2.5: Ąą Ćć Ęę Łł Ńń Óó Śś Źź Żż&quot;)" computerName="AVDC720" duration="00:00:00.0540000" startTime="2020-06-22T14:19:50.0000000+02:00" endTime="2020-06-22T14:19:50.0000000+02:00" testType="13cdc9d9-ddb5-4fa4-a97d-d965ccfc6d4b" outcome="Passed" testListId="8c84fa94-04c1-424b-9868-57a2d4851a1d" relativeResultsDirectory="fbbeedcb-0b33-43d4-b736-5de96ea68e91" />
    <UnitTestResult executionId="1015464a-2ff6-4c58-a4de-cc56ab8fb00c" testId="37281614-9f75-45d7-e1f5-a19213212db8" testName="Serialization_OperationSerialized_DeserializedProperly(JuvoPlayer.Tests.Utils.SeekOperation)" computerName="AVDC720" duration="00:00:00.0010000" startTime="2020-06-22T14:19:50.0000000+02:00" endTime="2020-06-22T14:19:50.0000000+02:00" testType="13cdc9d9-ddb5-4fa4-a97d-d965ccfc6d4b" outcome="Passed" testListId="8c84fa94-04c1-424b-9868-57a2d4851a1d" relativeResultsDirectory="1015464a-2ff6-4c58-a4de-cc56ab8fb00c" />
    <UnitTestResult executionId="442654ec-1d4d-437c-bd8f-89bcabf8032c" testId="9a9661dd-36b6-16db-2f09-bd73c6ac6d68" testName="ParseText_TextHasTwoLines_ReturnsTextWithTwoSeparatedLines" computerName="AVDC720" duration="00:00:00.0000001" startTime="2020-06-22T14:19:51.0000000+02:00" endTime="2020-06-22T14:19:51.0000000+02:00" testType="13cdc9d9-ddb5-4fa4-a97d-d965ccfc6d4b" outcome="Passed" testListId="8c84fa94-04c1-424b-9868-57a2d4851a1d" relativeResultsDirectory="442654ec-1d4d-437c-bd8f-89bcabf8032c" />
    <UnitTestResult executionId="bb1deb89-5ad1-4cbb-a6ab-7b5e72eb41d9" testId="57c0ae3c-c55a-4a36-bc50-46b8e916c8ec" testName="Compare_VariousTimes_ReturnsExpectedValues(10,0)" computerName="AVDC720" duration="00:00:00.0000001" startTime="2020-06-22T14:19:50.0000000+02:00" endTime="2020-06-22T14:19:50.0000000+02:00" testType="13cdc9d9-ddb5-4fa4-a97d-d965ccfc6d4b" outcome="Passed" testListId="8c84fa94-04c1-424b-9868-57a2d4851a1d" relativeResultsDirectory="bb1deb89-5ad1-4cbb-a6ab-7b5e72eb41d9" />
    <UnitTestResult executionId="0eb70617-e2cc-41ec-8e22-7d1bf8b6435d" testId="eae78d03-0df3-6019-5f3a-2a4efab1df85" testName="ParseTime_TimeFormatIsValid_ParsesSuccessfully(&quot;00:01:18.171&quot;,0,1,18,171)" computerName="AVDC720" duration="00:00:00.0000001" startTime="2020-06-22T14:19:51.0000000+02:00" endTime="2020-06-22T14:19:51.0000000+02:00" testType="13cdc9d9-ddb5-4fa4-a97d-d965ccfc6d4b" outcome="Passed" testListId="8c84fa94-04c1-424b-9868-57a2d4851a1d" relativeResultsDirectory="0eb70617-e2cc-41ec-8e22-7d1bf8b6435d" />
    <UnitTestResult executionId="0a2416fa-7974-49ec-8daf-a616971b93b5" testId="082e2fa9-eb0e-43b2-8e14-8ef9bd55403d" testName="OnAppendPacket_WhenPacketTypeIsInvalid_ThrowsArgumentException" computerName="AVDC720" duration="00:00:00.0020000" startTime="2020-06-22T14:19:51.0000000+02:00" endTime="2020-06-22T14:19:51.0000000+02:00" testType="13cdc9d9-ddb5-4fa4-a97d-d965ccfc6d4b" outcome="Passed" testListId="8c84fa94-04c1-424b-9868-57a2d4851a1d" relativeResultsDirectory="0a2416fa-7974-49ec-8daf-a616971b93b5" />
    <UnitTestResult executionId="88f9db57-c736-4035-918c-8893a7437020" testId="22652439-3c67-dfff-4ce3-b173308c9356" testName="Get_TwoAdjacentCuesAndGetInBetween_ReturnsSecondOne" computerName="AVDC720" duration="00:00:00.0000001" startTime="2020-06-22T14:19:50.0000000+02:00" endTime="2020-06-22T14:19:50.0000000+02:00" testType="13cdc9d9-ddb5-4fa4-a97d-d965ccfc6d4b" outcome="Passed" testListId="8c84fa94-04c1-424b-9868-57a2d4851a1d" relativeResultsDirectory="88f9db57-c736-4035-918c-8893a7437020" />
    <UnitTestResult executionId="d6f16892-a35d-4436-ac27-3c018efce276" testId="094b11a6-0532-7a03-8d14-df586e014bf7" testName="SupportsType_InvalidType_ReturnsFalse" computerName="AVDC720" duration="00:00:00.0010000" startTime="2020-06-22T14:19:50.0000000+02:00" endTime="2020-06-22T14:19:50.0000000+02:00" testType="13cdc9d9-ddb5-4fa4-a97d-d965ccfc6d4b" outcome="Passed" testListId="8c84fa94-04c1-424b-9868-57a2d4851a1d" relativeResultsDirectory="d6f16892-a35d-4436-ac27-3c018efce276" />
    <UnitTestResult executionId="67e44f9c-1605-4fd8-8fd7-e55582a809b3" testId="13dadd02-cded-047c-5edf-08e7f9cf5113" testName="OnAppendPacket_WhenConfigured_CallsPlayerAdapter" computerName="AVDC720" duration="00:00:00.0010000" startTime="2020-06-22T14:19:51.0000000+02:00" endTime="2020-06-22T14:19:51.0000000+02:00" testType="13cdc9d9-ddb5-4fa4-a97d-d965ccfc6d4b" outcome="Passed" testListId="8c84fa94-04c1-424b-9868-57a2d4851a1d" relativeResultsDirectory="67e44f9c-1605-4fd8-8fd7-e55582a809b3" />
    <UnitTestResult executionId="2dd453ec-12fd-424d-b391-f55eb60fbe2b" testId="372c9fce-3145-adc3-8977-856762fa7aac" testName="CreateDataProvider_NotSupported" computerName="AVDC720" duration="00:00:00.1580000" startTime="2020-06-22T14:19:50.0000000+02:00" endTime="2020-06-22T14:19:50.0000000+02:00" testType="13cdc9d9-ddb5-4fa4-a97d-d965ccfc6d4b" outcome="Passed" testListId="8c84fa94-04c1-424b-9868-57a2d4851a1d" relativeResultsDirectory="2dd453ec-12fd-424d-b391-f55eb60fbe2b" />
    <UnitTestResult executionId="46be67a9-8536-42b1-bf7d-cafc7442e40d" testId="7d5bc078-3ad1-6704-ebfc-1890dbc9df71" testName="TestConfigureWithValidConfigFile" computerName="AVDC720" duration="00:00:00.0000001" startTime="2020-06-22T14:19:51.0000000+02:00" endTime="2020-06-22T14:19:51.0000000+02:00" testType="13cdc9d9-ddb5-4fa4-a97d-d965ccfc6d4b" outcome="Passed" testListId="8c84fa94-04c1-424b-9868-57a2d4851a1d" relativeResultsDirectory="46be67a9-8536-42b1-bf7d-cafc7442e40d" />
    <UnitTestResult executionId="d68fe765-e673-49bf-bc46-279def821161" testId="82d4c515-f9fe-5c04-4ba8-723b5ff21f55" testName="SchemeIdUriToSystemId_InvalidSchemeId_ReturnsNull" computerName="AVDC720" duration="00:00:00.0010000" startTime="2020-06-22T14:19:50.0000000+02:00" endTime="2020-06-22T14:19:50.0000000+02:00" testType="13cdc9d9-ddb5-4fa4-a97d-d965ccfc6d4b" outcome="Passed" testListId="8c84fa94-04c1-424b-9868-57a2d4851a1d" relativeResultsDirectory="d68fe765-e673-49bf-bc46-279def821161" />
    <UnitTestResult executionId="75786225-5e0c-47a1-89e4-c27ff23109b7" testId="828833e5-ad1d-39c6-9465-e9a534d931b4" testName="ParseTimeLine_TimeLineIsInvalid_ThrowsFormatException(null)" computerName="AVDC720" duration="00:00:00.0020000" startTime="2020-06-22T14:19:52.0000000+02:00" endTime="2020-06-22T14:19:52.0000000+02:00" testType="13cdc9d9-ddb5-4fa4-a97d-d965ccfc6d4b" outcome="Passed" testListId="8c84fa94-04c1-424b-9868-57a2d4851a1d" relativeResultsDirectory="75786225-5e0c-47a1-89e4-c27ff23109b7" />
    <UnitTestResult executionId="27668837-9a05-4491-bd9e-359af14999ae" testId="e5d47529-6859-840c-851a-4907cc409f71" testName="Begin_GreaterThanEnd_ThrowsArgumentException" computerName="AVDC720" duration="00:00:00.0000001" startTime="2020-06-22T14:19:50.0000000+02:00" endTime="2020-06-22T14:19:50.0000000+02:00" testType="13cdc9d9-ddb5-4fa4-a97d-d965ccfc6d4b" outcome="Passed" testListId="8c84fa94-04c1-424b-9868-57a2d4851a1d" relativeResultsDirectory="27668837-9a05-4491-bd9e-359af14999ae" />
    <UnitTestResult executionId="6c50c375-643e-4613-ab19-3bc8f27d94ae" testId="b514154e-fcf9-e8b7-b0ab-c1233ec7970b" testName="End_EqualsBegin_ThrowsArgumentException" computerName="AVDC720" duration="00:00:00.0010000" startTime="2020-06-22T14:19:50.0000000+02:00" endTime="2020-06-22T14:19:50.0000000+02:00" testType="13cdc9d9-ddb5-4fa4-a97d-d965ccfc6d4b" outcome="Passed" testListId="8c84fa94-04c1-424b-9868-57a2d4851a1d" relativeResultsDirectory="6c50c375-643e-4613-ab19-3bc8f27d94ae" />
    <UnitTestResult executionId="3d283a13-18ab-4b42-b2b6-2853d2381477" testId="0bc18307-cfdc-0782-2c49-73e26dab37df" testName="Seek_Called_ResumesDemuxer" computerName="AVDC720" duration="00:00:00.0040000" startTime="2020-06-22T14:19:51.0000000+02:00" endTime="2020-06-22T14:19:51.0000000+02:00" testType="13cdc9d9-ddb5-4fa4-a97d-d965ccfc6d4b" outcome="Passed" testListId="8c84fa94-04c1-424b-9868-57a2d4851a1d" relativeResultsDirectory="3d283a13-18ab-4b42-b2b6-2853d2381477" />
    <UnitTestResult executionId="3908cb28-973e-4e9f-b449-43c3109b7c2c" testId="d344b394-6cc8-3bd8-7dae-88c5607a157d" testName="Parse_DifferentEncodings_ParsesSuccessfully(&quot;JuvoPlayer.Tests.res.subtitles.media_player_subs_windows-1258.srt&quot;,&quot;windows-1258&quot;,&quot;[Vietnamese] 0.5: Àà Áá Ââ Ææ Çç Đđ Èè Ïï Ăă Ññ Ơơ Øø Ưư ₫ £ €&quot;)" computerName="AVDC720" duration="00:00:00.0010000" startTime="2020-06-22T14:19:50.0000000+02:00" endTime="2020-06-22T14:19:50.0000000+02:00" testType="13cdc9d9-ddb5-4fa4-a97d-d965ccfc6d4b" outcome="Passed" testListId="8c84fa94-04c1-424b-9868-57a2d4851a1d" relativeResultsDirectory="3908cb28-973e-4e9f-b449-43c3109b7c2c" />
    <UnitTestResult executionId="237f4282-83b0-4be8-8fc3-4aa95ea3eaa7" testId="3f8dfde8-2658-03a7-336d-cc519ac91c3e" testName="Pause_Called_DoesntRetrieveNextPacket(StartForEs)" computerName="AVDC720" duration="00:00:00.0100000" startTime="2020-06-22T14:19:50.0000000+02:00" endTime="2020-06-22T14:19:50.0000000+02:00" testType="13cdc9d9-ddb5-4fa4-a97d-d965ccfc6d4b" outcome="Passed" testListId="8c84fa94-04c1-424b-9868-57a2d4851a1d" relativeResultsDirectory="237f4282-83b0-4be8-8fc3-4aa95ea3eaa7" />
    <UnitTestResult executionId="0c5c4720-664e-4811-828f-4ea754d56cf7" testId="9681c4d5-bb9b-2329-b528-bc4805c08192" testName="ParseTimeLine_TimeLineIsInvalid_ThrowsFormatException(&quot;01:18.171 01:20.171&quot;)" computerName="AVDC720" duration="00:00:00.0000001" startTime="2020-06-22T14:19:52.0000000+02:00" endTime="2020-06-22T14:19:52.0000000+02:00" testType="13cdc9d9-ddb5-4fa4-a97d-d965ccfc6d4b" outcome="Passed" testListId="8c84fa94-04c1-424b-9868-57a2d4851a1d" relativeResultsDirectory="0c5c4720-664e-4811-828f-4ea754d56cf7" />
    <UnitTestResult executionId="97129407-20a6-480b-a286-9ee2182c23cd" testId="0a22ca3f-5f04-a30c-0bdf-f2fda48d9002" testName="CreateDataProvider_ThrowsNull" computerName="AVDC720" duration="00:00:00.0010000" startTime="2020-06-22T14:19:50.0000000+02:00" endTime="2020-06-22T14:19:50.0000000+02:00" testType="13cdc9d9-ddb5-4fa4-a97d-d965ccfc6d4b" outcome="Passed" testListId="8c84fa94-04c1-424b-9868-57a2d4851a1d" relativeResultsDirectory="97129407-20a6-480b-a286-9ee2182c23cd" />
    <UnitTestResult executionId="aab4466a-5a8e-490f-83e7-359c03859be2" testId="b65dd040-cffc-7925-78a1-ceba0c7979b8" testName="Init_DrmInitDataAvailable_ReturnsDrmInitData(ForUrl)" computerName="AVDC720" duration="00:00:00.0050000" startTime="2020-06-22T14:19:51.0000000+02:00" endTime="2020-06-22T14:19:51.0000000+02:00" testType="13cdc9d9-ddb5-4fa4-a97d-d965ccfc6d4b" outcome="Passed" testListId="8c84fa94-04c1-424b-9868-57a2d4851a1d" relativeResultsDirectory="aab4466a-5a8e-490f-83e7-359c03859be2" />
    <UnitTestResult executionId="986cc1fb-ad19-4bc2-ac60-78475bd07cee" testId="757b9a3e-991f-064f-0f95-6721183441ff" testName="Get_ValidKey_ReturnsCue" computerName="AVDC720" duration="00:00:00.0000001" startTime="2020-06-22T14:19:50.0000000+02:00" endTime="2020-06-22T14:19:50.0000000+02:00" testType="13cdc9d9-ddb5-4fa4-a97d-d965ccfc6d4b" outcome="Passed" testListId="8c84fa94-04c1-424b-9868-57a2d4851a1d" relativeResultsDirectory="986cc1fb-ad19-4bc2-ac60-78475bd07cee" />
    <UnitTestResult executionId="441b3bd9-9528-4403-b68d-33d92fdb4856" testId="32a4594b-b1ea-44dc-9f50-e88fff32aca7" testName="LoadAsNetworkResource_UrlIsValid_LoadsResource" computerName="AVDC720" duration="00:00:00.0100000" startTime="2020-06-22T14:19:51.0000000+02:00" endTime="2020-06-22T14:19:51.0000000+02:00" testType="13cdc9d9-ddb5-4fa4-a97d-d965ccfc6d4b" outcome="Passed" testListId="8c84fa94-04c1-424b-9868-57a2d4851a1d" relativeResultsDirectory="441b3bd9-9528-4403-b68d-33d92fdb4856" />
    <UnitTestResult executionId="75ac8953-5ff2-4416-b30c-d82fd319f648" testId="cca65208-0adf-48f2-82bf-43699d9e9051" testName="PushChunk_CalledBeforeInitForEs_ThrowsException" computerName="AVDC720" duration="00:00:00.0010000" startTime="2020-06-22T14:19:51.0000000+02:00" endTime="2020-06-22T14:19:51.0000000+02:00" testType="13cdc9d9-ddb5-4fa4-a97d-d965ccfc6d4b" outcome="Passed" testListId="8c84fa94-04c1-424b-9868-57a2d4851a1d" relativeResultsDirectory="75ac8953-5ff2-4416-b30c-d82fd319f648" />
    <UnitTestResult executionId="43f42a24-899a-4f5b-b321-2863aed54157" testId="ff9a04ff-fa9e-340b-3ecc-b843a9161f2d" testName="ParseTimeLine_TimeLineIsInvalid_ThrowsFormatException(&quot;01:18.171 -&gt; 01:20.171&quot;)" computerName="AVDC720" duration="00:00:00.0000001" startTime="2020-06-22T14:19:52.0000000+02:00" endTime="2020-06-22T14:19:52.0000000+02:00" testType="13cdc9d9-ddb5-4fa4-a97d-d965ccfc6d4b" outcome="Passed" testListId="8c84fa94-04c1-424b-9868-57a2d4851a1d" relativeResultsDirectory="43f42a24-899a-4f5b-b321-2863aed54157" />
    <UnitTestResult executionId="3c65d7ac-dae8-4308-ba68-8bad8b228368" testId="bf726271-d726-9654-3c3e-7309912ba13e" testName="DeserializeJsonFile_ThrowsEmpty" computerName="AVDC720" duration="00:00:00.0170000" startTime="2020-06-22T14:19:50.0000000+02:00" endTime="2020-06-22T14:19:50.0000000+02:00" testType="13cdc9d9-ddb5-4fa4-a97d-d965ccfc6d4b" outcome="Passed" testListId="8c84fa94-04c1-424b-9868-57a2d4851a1d" relativeResultsDirectory="3c65d7ac-dae8-4308-ba68-8bad8b228368" />
    <UnitTestResult executionId="2b2f10df-9e12-497c-adcc-f83d7acc551b" testId="da5a75b7-aa19-0293-49b5-3bd5a004ec15" testName="Reset_Called_DeallocsAVIOFormatContext" computerName="AVDC720" duration="00:00:00.0030000" startTime="2020-06-22T14:19:51.0000000+02:00" endTime="2020-06-22T14:19:51.0000000+02:00" testType="13cdc9d9-ddb5-4fa4-a97d-d965ccfc6d4b" outcome="Passed" testListId="8c84fa94-04c1-424b-9868-57a2d4851a1d" relativeResultsDirectory="2b2f10df-9e12-497c-adcc-f83d7acc551b" />
    <UnitTestResult executionId="795592df-2530-44ba-827c-466b33ab58c2" testId="e1d59afc-ceae-0c1b-0769-05528c3d5bcc" testName="ParseTime_TimeFormatIsInvalid_ThrowsFormatException(&quot;&quot;)" computerName="AVDC720" duration="00:00:00.0000001" startTime="2020-06-22T14:19:51.0000000+02:00" endTime="2020-06-22T14:19:51.0000000+02:00" testType="13cdc9d9-ddb5-4fa4-a97d-d965ccfc6d4b" outcome="Passed" testListId="8c84fa94-04c1-424b-9868-57a2d4851a1d" relativeResultsDirectory="795592df-2530-44ba-827c-466b33ab58c2" />
    <UnitTestResult executionId="a72b729e-ec9e-43b7-bf4a-aecce668ad46" testId="27c0e446-fbb2-fa76-7f01-7a27a4208aca" testName="ResolveByMimeType_WebVttMimeType_ReturnsWebVttFormat" computerName="AVDC720" duration="00:00:00.0000001" startTime="2020-06-22T14:19:51.0000000+02:00" endTime="2020-06-22T14:19:51.0000000+02:00" testType="13cdc9d9-ddb5-4fa4-a97d-d965ccfc6d4b" outcome="Passed" testListId="8c84fa94-04c1-424b-9868-57a2d4851a1d" relativeResultsDirectory="a72b729e-ec9e-43b7-bf4a-aecce668ad46" />
    <UnitTestResult executionId="720c7746-59f5-479e-95c9-74d0c83856c9" testId="90bdca97-8eb4-c877-3c7b-3164b6f624b6" testName="TimeToNextFrame_CalledWhenBarrierIsReached_ReturnsPositiveTime" computerName="AVDC720" duration="00:00:00.0030000" startTime="2020-06-22T14:19:51.0000000+02:00" endTime="2020-06-22T14:19:51.0000000+02:00" testType="13cdc9d9-ddb5-4fa4-a97d-d965ccfc6d4b" outcome="Passed" testListId="8c84fa94-04c1-424b-9868-57a2d4851a1d" relativeResultsDirectory="720c7746-59f5-479e-95c9-74d0c83856c9" />
    <UnitTestResult executionId="f636783b-037d-4302-b849-c5f345bd6217" testId="124081ca-aa16-41ac-de1c-68bb2cb38e0b" testName="Parse_DifferentEncodings_ParsesSuccessfully(&quot;JuvoPlayer.Tests.res.subtitles.media_player_subs_windows-1252.srt&quot;,&quot;windows-1252&quot;,&quot;[Western Europe] 4.5: Àà Áá Ââ Ææ Çç Èè Ïï Ðð Ññ Õõ Øø Ýý Þþ £ €&quot;)" computerName="AVDC720" duration="00:00:00.0010000" startTime="2020-06-22T14:19:50.0000000+02:00" endTime="2020-06-22T14:19:50.0000000+02:00" testType="13cdc9d9-ddb5-4fa4-a97d-d965ccfc6d4b" outcome="Passed" testListId="8c84fa94-04c1-424b-9868-57a2d4851a1d" relativeResultsDirectory="f636783b-037d-4302-b849-c5f345bd6217" />
    <UnitTestResult executionId="221a7c18-80c9-4c0a-8c6c-b334b25e1619" testId="3accf9e4-664b-d25c-8a3f-c716b44b5888" testName="SupportsType_ValidType_ReturnsTrue(&quot;widevine&quot;)" computerName="AVDC720" duration="00:00:00.0000001" startTime="2020-06-22T14:19:50.0000000+02:00" endTime="2020-06-22T14:19:50.0000000+02:00" testType="13cdc9d9-ddb5-4fa4-a97d-d965ccfc6d4b" outcome="Passed" testListId="8c84fa94-04c1-424b-9868-57a2d4851a1d" relativeResultsDirectory="221a7c18-80c9-4c0a-8c6c-b334b25e1619" />
    <UnitTestResult executionId="ae71283a-e3fc-46c6-9f23-3c69ae6c1a4b" testId="a4113738-4c26-f7ce-6619-a550a359b6d4" testName="ResolveByMimeType_InvalidMimeType_ReturnsInvalidFormat" computerName="AVDC720" duration="00:00:00.0000001" startTime="2020-06-22T14:19:51.0000000+02:00" endTime="2020-06-22T14:19:51.0000000+02:00" testType="13cdc9d9-ddb5-4fa4-a97d-d965ccfc6d4b" outcome="Passed" testListId="8c84fa94-04c1-424b-9868-57a2d4851a1d" relativeResultsDirectory="ae71283a-e3fc-46c6-9f23-3c69ae6c1a4b" />
    <UnitTestResult executionId="80244b4f-96ad-4c28-9546-da48c86a8fe2" testId="0965358b-a03e-2e11-275b-12bdaaddc9f6" testName="Take_SizeGreaterThanBufferSize_ReturnsSizeEqualToBufferSize" computerName="AVDC720" duration="00:00:00.0010000" startTime="2020-06-22T14:19:50.0000000+02:00" endTime="2020-06-22T14:19:50.0000000+02:00" testType="13cdc9d9-ddb5-4fa4-a97d-d965ccfc6d4b" outcome="Passed" testListId="8c84fa94-04c1-424b-9868-57a2d4851a1d" relativeResultsDirectory="80244b4f-96ad-4c28-9546-da48c86a8fe2" />
    <UnitTestResult executionId="49b7e2a6-83b7-4c0a-974d-5c802d37c7e3" testId="f01d921c-ca10-b5d1-27ad-327291be9d87" testName="DeserializeJsonText_ThrowsEmpty" computerName="AVDC720" duration="00:00:00.0010000" startTime="2020-06-22T14:19:50.0000000+02:00" endTime="2020-06-22T14:19:50.0000000+02:00" testType="13cdc9d9-ddb5-4fa4-a97d-d965ccfc6d4b" outcome="Passed" testListId="8c84fa94-04c1-424b-9868-57a2d4851a1d" relativeResultsDirectory="49b7e2a6-83b7-4c0a-974d-5c802d37c7e3" />
    <UnitTestResult executionId="2619ac84-6c6f-465f-8439-f13e676e08f4" testId="53148e8e-938e-3bc8-e604-5f8120442e76" testName="ResolveByPath_SrtPath_ReturnSrtFormat" computerName="AVDC720" duration="00:00:00.0000001" startTime="2020-06-22T14:19:51.0000000+02:00" endTime="2020-06-22T14:19:51.0000000+02:00" testType="13cdc9d9-ddb5-4fa4-a97d-d965ccfc6d4b" outcome="Passed" testListId="8c84fa94-04c1-424b-9868-57a2d4851a1d" relativeResultsDirectory="2619ac84-6c6f-465f-8439-f13e676e08f4" />
    <UnitTestResult executionId="3a62be74-c23b-41b4-8758-1a3d7563c9bc" testId="08fa8c0b-a89b-568b-783e-bb49d811f5cb" testName="HasAVMedia_OK" computerName="AVDC720" duration="00:00:00.0020000" startTime="2020-06-22T14:19:51.0000000+02:00" endTime="2020-06-22T14:19:51.0000000+02:00" testType="13cdc9d9-ddb5-4fa4-a97d-d965ccfc6d4b" outcome="Passed" testListId="8c84fa94-04c1-424b-9868-57a2d4851a1d" relativeResultsDirectory="3a62be74-c23b-41b4-8758-1a3d7563c9bc" />
    <UnitTestResult executionId="5716724a-e81d-485b-97af-1868e30742c4" testId="8c69b9b6-1758-6875-02cf-0ad701b0c4d3" testName="ParseTimeLine_WhenLineIsInvalid_ThrowsFormatException(&quot;00:02:17,440 - 00:02:20,375&quot;)" computerName="AVDC720" duration="00:00:00.0000001" startTime="2020-06-22T14:19:51.0000000+02:00" endTime="2020-06-22T14:19:51.0000000+02:00" testType="13cdc9d9-ddb5-4fa4-a97d-d965ccfc6d4b" outcome="Passed" testListId="8c84fa94-04c1-424b-9868-57a2d4851a1d" relativeResultsDirectory="5716724a-e81d-485b-97af-1868e30742c4" />
    <UnitTestResult executionId="34db0e3a-f9ac-4950-adf1-751280631e1e" testId="d92b4795-1b5e-a5e3-4306-d72267a0cfd6" testName="ParseTimeLine_TimeLineIsValid_ParsesSuccessfully(&quot;01:18.171 --&gt; 01:20.171&quot;)" computerName="AVDC720" duration="00:00:00.0100000" startTime="2020-06-22T14:19:52.0000000+02:00" endTime="2020-06-22T14:19:52.0000000+02:00" testType="13cdc9d9-ddb5-4fa4-a97d-d965ccfc6d4b" outcome="Passed" testListId="8c84fa94-04c1-424b-9868-57a2d4851a1d" relativeResultsDirectory="34db0e3a-f9ac-4950-adf1-751280631e1e" />
    <UnitTestResult executionId="19851623-fdce-40a2-9906-74d4c5f4e5c9" testId="4974b841-fe50-bc17-3fa6-12c238970853" testName="MoveToTimeLine_WebVttHasNoTimeLine_ReturnsNull" computerName="AVDC720" duration="00:00:00.0000001" startTime="2020-06-22T14:19:51.0000000+02:00" endTime="2020-06-22T14:19:51.0000000+02:00" testType="13cdc9d9-ddb5-4fa4-a97d-d965ccfc6d4b" outcome="Passed" testListId="8c84fa94-04c1-424b-9868-57a2d4851a1d" relativeResultsDirectory="19851623-fdce-40a2-9906-74d4c5f4e5c9" />
    <UnitTestResult executionId="b4afffc7-3d93-439f-bed0-3fad769f53c5" testId="f3e08194-d050-86f4-49c6-9c623a6c25ea" testName="ParseTimeLine_WhenLineIsInvalid_ThrowsFormatException(&quot;&quot;)" computerName="AVDC720" duration="00:00:00.0000001" startTime="2020-06-22T14:19:51.0000000+02:00" endTime="2020-06-22T14:19:51.0000000+02:00" testType="13cdc9d9-ddb5-4fa4-a97d-d965ccfc6d4b" outcome="Passed" testListId="8c84fa94-04c1-424b-9868-57a2d4851a1d" relativeResultsDirectory="b4afffc7-3d93-439f-bed0-3fad769f53c5" />
    <UnitTestResult executionId="bfde353c-3861-4dfc-a1af-b428e8e4c75c" testId="897e23d8-e677-fcfc-c803-4657c2ba83e9" testName="Parse_DifferentEncodings_ParsesSuccessfully(&quot;JuvoPlayer.Tests.res.subtitles.subtitles_de.vtt&quot;,&quot;utf-8&quot;,&quot;Stellen Sie beste Streaming Performance zur Verfügung,&quot;)" computerName="AVDC720" duration="00:00:00.0060000" startTime="2020-06-22T14:19:50.0000000+02:00" endTime="2020-06-22T14:19:50.0000000+02:00" testType="13cdc9d9-ddb5-4fa4-a97d-d965ccfc6d4b" outcome="Passed" testListId="8c84fa94-04c1-424b-9868-57a2d4851a1d" relativeResultsDirectory="bfde353c-3861-4dfc-a1af-b428e8e4c75c" />
    <UnitTestResult executionId="cb9459c4-ad8a-4d96-b282-61c479fdfbb8" testId="461167f4-f83d-dfb6-f998-4b01ff39fbbb" testName="ParseText_ContainsEscapeSequence_DecodesSuccessfully(&quot;begin &amp;lt; end&quot;,&quot;begin &lt; end&quot;)" computerName="AVDC720" duration="00:00:00.0000001" startTime="2020-06-22T14:19:51.0000000+02:00" endTime="2020-06-22T14:19:51.0000000+02:00" testType="13cdc9d9-ddb5-4fa4-a97d-d965ccfc6d4b" outcome="Passed" testListId="8c84fa94-04c1-424b-9868-57a2d4851a1d" relativeResultsDirectory="cb9459c4-ad8a-4d96-b282-61c479fdfbb8" />
    <UnitTestResult executionId="09d43514-efd9-4418-9228-f2a604529ffd" testId="30591759-8bfa-94ac-8ed2-5b8e57e7d2b3" testName="Resolve_SrtSubtitleInfo_ReturnsSrtFormat" computerName="AVDC720" duration="00:00:00.0020000" startTime="2020-06-22T14:19:51.0000000+02:00" endTime="2020-06-22T14:19:51.0000000+02:00" testType="13cdc9d9-ddb5-4fa4-a97d-d965ccfc6d4b" outcome="Passed" testListId="8c84fa94-04c1-424b-9868-57a2d4851a1d" relativeResultsDirectory="09d43514-efd9-4418-9228-f2a604529ffd" />
    <UnitTestResult executionId="564b95b5-a8ec-4def-9cab-cad460db188f" testId="e63e97dd-9e6c-4645-bf1f-6cbc1114526d" testName="Reset_CalledWhileFlushIsInProgress_CancelsFlush" computerName="AVDC720" duration="00:00:00.0020000" startTime="2020-06-22T14:19:50.0000000+02:00" endTime="2020-06-22T14:19:50.0000000+02:00" testType="13cdc9d9-ddb5-4fa4-a97d-d965ccfc6d4b" outcome="Passed" testListId="8c84fa94-04c1-424b-9868-57a2d4851a1d" relativeResultsDirectory="564b95b5-a8ec-4def-9cab-cad460db188f" />
    <UnitTestResult executionId="72b0071c-5b45-403f-ad37-86426f198fa1" testId="34dfc2c1-12c5-e35a-2da9-15862f421a1f" testName="TestConfigureWithDefaultLevels" computerName="AVDC720" duration="00:00:00.0000001" startTime="2020-06-22T14:19:51.0000000+02:00" endTime="2020-06-22T14:19:51.0000000+02:00" testType="13cdc9d9-ddb5-4fa4-a97d-d965ccfc6d4b" outcome="Passed" testListId="8c84fa94-04c1-424b-9868-57a2d4851a1d" relativeResultsDirectory="72b0071c-5b45-403f-ad37-86426f198fa1" />
    <UnitTestResult executionId="1cd39fb7-828b-49f3-95a4-f22edad44d3e" testId="ef16af07-a0ec-96c0-1d10-e96fe005892e" testName="Seek_Called_DemuxesNextPacket" computerName="AVDC720" duration="00:00:00.0140000" startTime="2020-06-22T14:19:50.0000000+02:00" endTime="2020-06-22T14:19:51.0000000+02:00" testType="13cdc9d9-ddb5-4fa4-a97d-d965ccfc6d4b" outcome="Passed" testListId="8c84fa94-04c1-424b-9868-57a2d4851a1d" relativeResultsDirectory="1cd39fb7-828b-49f3-95a4-f22edad44d3e" />
    <UnitTestResult executionId="4296516d-4259-4d1d-867b-87ae07d94f32" testId="3007bb0c-41a6-c578-20f7-6fe2cf8444cb" testName="GetDrmType_ValidType_ReturnsValid(&quot;widevine&quot;,Widevine)" computerName="AVDC720" duration="00:00:00.0000001" startTime="2020-06-22T14:19:50.0000000+02:00" endTime="2020-06-22T14:19:50.0000000+02:00" testType="13cdc9d9-ddb5-4fa4-a97d-d965ccfc6d4b" outcome="Passed" testListId="8c84fa94-04c1-424b-9868-57a2d4851a1d" relativeResultsDirectory="4296516d-4259-4d1d-867b-87ae07d94f32" />
    <UnitTestResult executionId="7853f5c5-8291-4a45-8848-8829c13a902a" testId="dcf10506-16c1-f65b-62cc-54c81f3d69fc" testName="Load_PathPointsToNetworkResource_LoadsAsNetworkResource(&quot;https://valid_https_uri&quot;)" computerName="AVDC720" duration="00:00:00.0000001" startTime="2020-06-22T14:19:51.0000000+02:00" endTime="2020-06-22T14:19:51.0000000+02:00" testType="13cdc9d9-ddb5-4fa4-a97d-d965ccfc6d4b" outcome="Passed" testListId="8c84fa94-04c1-424b-9868-57a2d4851a1d" relativeResultsDirectory="7853f5c5-8291-4a45-8848-8829c13a902a" />
    <UnitTestResult executionId="aceaa286-e3d8-487e-8cc4-0c0caaf93688" testId="7f654377-f7ad-ac97-076c-9956054067df" testName="Compare_VariousTimes_ReturnsExpectedValues(5,-1)" computerName="AVDC720" duration="00:00:00.0000001" startTime="2020-06-22T14:19:50.0000000+02:00" endTime="2020-06-22T14:19:50.0000000+02:00" testType="13cdc9d9-ddb5-4fa4-a97d-d965ccfc6d4b" outcome="Passed" testListId="8c84fa94-04c1-424b-9868-57a2d4851a1d" relativeResultsDirectory="aceaa286-e3d8-487e-8cc4-0c0caaf93688" />
    <UnitTestResult executionId="b281e80e-6612-42ab-ae6f-a07b26ca7ce1" testId="6fac98b9-fc8f-ded6-86b3-b3150632ee5f" testName="Load_PathPointsToNetworkResource_LoadsAsNetworkResource(&quot;http://valid_http_uri&quot;)" computerName="AVDC720" duration="00:00:00.0120000" startTime="2020-06-22T14:19:51.0000000+02:00" endTime="2020-06-22T14:19:51.0000000+02:00" testType="13cdc9d9-ddb5-4fa4-a97d-d965ccfc6d4b" outcome="Passed" testListId="8c84fa94-04c1-424b-9868-57a2d4851a1d" relativeResultsDirectory="b281e80e-6612-42ab-ae6f-a07b26ca7ce1" />
    <UnitTestResult executionId="8aa3e7de-ddee-4fb9-b79d-8721d53677e0" testId="c2da144b-378e-b165-a41b-7b65e6d54970" testName="DeserializeJsonText_OK" computerName="AVDC720" duration="00:00:00.0380000" startTime="2020-06-22T14:19:50.0000000+02:00" endTime="2020-06-22T14:19:50.0000000+02:00" testType="13cdc9d9-ddb5-4fa4-a97d-d965ccfc6d4b" outcome="Passed" testListId="8c84fa94-04c1-424b-9868-57a2d4851a1d" relativeResultsDirectory="8aa3e7de-ddee-4fb9-b79d-8721d53677e0" />
    <UnitTestResult executionId="7d10506d-7f01-4566-a595-6971098a5c16" testId="a7854dd3-8d20-6641-2e3e-29ad46bbb531" testName="ParseTime_WhenTimeExceedsADay_ParsesSuccessfully" computerName="AVDC720" duration="00:00:00.0000001" startTime="2020-06-22T14:19:51.0000000+02:00" endTime="2020-06-22T14:19:51.0000000+02:00" testType="13cdc9d9-ddb5-4fa4-a97d-d965ccfc6d4b" outcome="Passed" testListId="8c84fa94-04c1-424b-9868-57a2d4851a1d" relativeResultsDirectory="7d10506d-7f01-4566-a595-6971098a5c16" />
    <UnitTestResult executionId="e1aeec68-2368-4b64-a61e-a8e8a713f3e7" testId="3a15d223-5377-905d-8b73-e96a8942d8f8" testName="OnChangeActiveStream_UnknownSubtitles_ThrowsArgumentException" computerName="AVDC720" duration="00:00:00.0010000" startTime="2020-06-22T14:19:51.0000000+02:00" endTime="2020-06-22T14:19:51.0000000+02:00" testType="13cdc9d9-ddb5-4fa4-a97d-d965ccfc6d4b" outcome="Passed" testListId="8c84fa94-04c1-424b-9868-57a2d4851a1d" relativeResultsDirectory="e1aeec68-2368-4b64-a61e-a8e8a713f3e7" />
    <UnitTestResult executionId="6e408dde-039e-4313-85dd-379f50c3c5d0" testId="433c7d56-6fb5-d8f0-a9cc-eacc667c0a6b" testName="Get_KeyForSecondCue_ReturnsSecondCue" computerName="AVDC720" duration="00:00:00.0010000" startTime="2020-06-22T14:19:50.0000000+02:00" endTime="2020-06-22T14:19:50.0000000+02:00" testType="13cdc9d9-ddb5-4fa4-a97d-d965ccfc6d4b" outcome="Passed" testListId="8c84fa94-04c1-424b-9868-57a2d4851a1d" relativeResultsDirectory="6e408dde-039e-4313-85dd-379f50c3c5d0" />
    <UnitTestResult executionId="2d6eb5ce-233c-46a3-8918-f448610c0dd0" testId="0df30c92-10e5-04f8-7ba8-ad81df080036" testName="Init_DrmInitDataAvailable_ReturnsDrmInitData(ForEs)" computerName="AVDC720" duration="00:00:00.0050000" startTime="2020-06-22T14:19:51.0000000+02:00" endTime="2020-06-22T14:19:51.0000000+02:00" testType="13cdc9d9-ddb5-4fa4-a97d-d965ccfc6d4b" outcome="Passed" testListId="8c84fa94-04c1-424b-9868-57a2d4851a1d" relativeResultsDirectory="2d6eb5ce-233c-46a3-8918-f448610c0dd0" />
    <UnitTestResult executionId="55286dfd-49ff-4224-a098-6eb2bb1542b9" testId="29f4eefb-fddf-c444-6e0a-5e03485d543c" testName="TakeAsync_SizeLessThanBufferSize_ReturnsRequestedSize" computerName="AVDC720" duration="00:00:00.0120000" startTime="2020-06-22T14:19:50.0000000+02:00" endTime="2020-06-22T14:19:50.0000000+02:00" testType="13cdc9d9-ddb5-4fa4-a97d-d965ccfc6d4b" outcome="Passed" testListId="8c84fa94-04c1-424b-9868-57a2d4851a1d" relativeResultsDirectory="55286dfd-49ff-4224-a098-6eb2bb1542b9" />
    <UnitTestResult executionId="9ce5b12a-0edd-4b5e-897a-ec92ccd3ee38" testId="6ec026f1-46c9-6133-cbd4-a87c07ad774c" testName="TestConfigureMultipleTimes" computerName="AVDC720" duration="00:00:00.0020000" startTime="2020-06-22T14:19:51.0000000+02:00" endTime="2020-06-22T14:19:51.0000000+02:00" testType="13cdc9d9-ddb5-4fa4-a97d-d965ccfc6d4b" outcome="Passed" testListId="8c84fa94-04c1-424b-9868-57a2d4851a1d" relativeResultsDirectory="9ce5b12a-0edd-4b5e-897a-ec92ccd3ee38" />
    <UnitTestResult executionId="182c9360-8ee4-48f2-b007-1e17265379ac" testId="639b760f-d73b-dd9e-184b-d4fba82810a2" testName="Get_TwoAdjacentCuesAndGetForFirst_ReturnsFirstOne" computerName="AVDC720" duration="00:00:00.0010000" startTime="2020-06-22T14:19:50.0000000+02:00" endTime="2020-06-22T14:19:50.0000000+02:00" testType="13cdc9d9-ddb5-4fa4-a97d-d965ccfc6d4b" outcome="Passed" testListId="8c84fa94-04c1-424b-9868-57a2d4851a1d" relativeResultsDirectory="182c9360-8ee4-48f2-b007-1e17265379ac" />
    <UnitTestResult executionId="4dc78624-53a4-4611-8be1-9bb11b35b15f" testId="17fa2bb9-6058-ffa9-3803-d58553ec74eb" testName="End_LessThanBegin_ThrowsArgumentException" computerName="AVDC720" duration="00:00:00.0010000" startTime="2020-06-22T14:19:50.0000000+02:00" endTime="2020-06-22T14:19:50.0000000+02:00" testType="13cdc9d9-ddb5-4fa4-a97d-d965ccfc6d4b" outcome="Passed" testListId="8c84fa94-04c1-424b-9868-57a2d4851a1d" relativeResultsDirectory="4dc78624-53a4-4611-8be1-9bb11b35b15f" />
    <UnitTestResult executionId="06b0bd42-4dac-497c-b6ab-c1e17b98a407" testId="b7fd9400-1bb5-081c-d5a3-25a6c282dcbe" testName="HasRepresentation_OK" computerName="AVDC720" duration="00:00:00.0010000" startTime="2020-06-22T14:19:51.0000000+02:00" endTime="2020-06-22T14:19:51.0000000+02:00" testType="13cdc9d9-ddb5-4fa4-a97d-d965ccfc6d4b" outcome="Passed" testListId="8c84fa94-04c1-424b-9868-57a2d4851a1d" relativeResultsDirectory="06b0bd42-4dac-497c-b6ab-c1e17b98a407" />
    <UnitTestResult executionId="d35122b9-67b0-48e0-99d2-a54b6bfea62f" testId="2a5400f7-59f9-282c-1900-944ef8ecb847" testName="SupportsSchemeIdUri_PlayReadySchemeIdUri_ReturnsTrue" computerName="AVDC720" duration="00:00:00.0000001" startTime="2020-06-22T14:19:50.0000000+02:00" endTime="2020-06-22T14:19:50.0000000+02:00" testType="13cdc9d9-ddb5-4fa4-a97d-d965ccfc6d4b" outcome="Passed" testListId="8c84fa94-04c1-424b-9868-57a2d4851a1d" relativeResultsDirectory="d35122b9-67b0-48e0-99d2-a54b6bfea62f" />
    <UnitTestResult executionId="34dec735-8e32-4315-a62e-af04e16623f6" testId="f87db683-3a8e-4544-d4a4-bec956bf3b3f" testName="ParseTimeLine_WhenTimeIsValid_ReturnsExpectedBeginAndEnd" computerName="AVDC720" duration="00:00:00.0000001" startTime="2020-06-22T14:19:51.0000000+02:00" endTime="2020-06-22T14:19:51.0000000+02:00" testType="13cdc9d9-ddb5-4fa4-a97d-d965ccfc6d4b" outcome="Passed" testListId="8c84fa94-04c1-424b-9868-57a2d4851a1d" relativeResultsDirectory="34dec735-8e32-4315-a62e-af04e16623f6" />
    <UnitTestResult executionId="a2932384-7494-4284-be08-1fa6dfd1dbd8" testId="8b7b35e7-42f3-7119-a9bd-fd9bc70bdd46" testName="Flush_Called_ResetsDemuxer" computerName="AVDC720" duration="00:00:00.0360000" startTime="2020-06-22T14:19:50.0000000+02:00" endTime="2020-06-22T14:19:50.0000000+02:00" testType="13cdc9d9-ddb5-4fa4-a97d-d965ccfc6d4b" outcome="Passed" testListId="8c84fa94-04c1-424b-9868-57a2d4851a1d" relativeResultsDirectory="a2932384-7494-4284-be08-1fa6dfd1dbd8" />
    <UnitTestResult executionId="09d81a49-7f26-4045-945c-2b49eb004914" testId="d85db656-22e2-d893-8495-ecfd404d4e9f" testName="TestConstructorWithNull" computerName="AVDC720" duration="00:00:00.0010000" startTime="2020-06-22T14:19:50.0000000+02:00" endTime="2020-06-22T14:19:50.0000000+02:00" testType="13cdc9d9-ddb5-4fa4-a97d-d965ccfc6d4b" outcome="Passed" testListId="8c84fa94-04c1-424b-9868-57a2d4851a1d" relativeResultsDirectory="09d81a49-7f26-4045-945c-2b49eb004914" />
    <UnitTestResult executionId="797e7c8a-2dcf-4c00-ab2c-778ca58b5804" testId="c1b0f31a-ea5a-298b-bdf9-e1d1cecd60bb" testName="ReadPacket_InvokedWithSizeGreaterThanBufferSize_ReturnsAllData" computerName="AVDC720" duration="00:00:00.0050000" startTime="2020-06-22T14:19:51.0000000+02:00" endTime="2020-06-22T14:19:51.0000000+02:00" testType="13cdc9d9-ddb5-4fa4-a97d-d965ccfc6d4b" outcome="Passed" testListId="8c84fa94-04c1-424b-9868-57a2d4851a1d" relativeResultsDirectory="797e7c8a-2dcf-4c00-ab2c-778ca58b5804" />
    <UnitTestResult executionId="065b07ec-8e96-4b43-b889-a260ced125e9" testId="6d33e4a5-ae74-c82a-5d2b-0a3770f1919a" testName="DeserializeJsonText_ThrowsNull" computerName="AVDC720" duration="00:00:00.0000001" startTime="2020-06-22T14:19:50.0000000+02:00" endTime="2020-06-22T14:19:50.0000000+02:00" testType="13cdc9d9-ddb5-4fa4-a97d-d965ccfc6d4b" outcome="Passed" testListId="8c84fa94-04c1-424b-9868-57a2d4851a1d" relativeResultsDirectory="065b07ec-8e96-4b43-b889-a260ced125e9" />
[...]
    <TestEntry testId="22652439-3c67-dfff-4ce3-b173308c9356" executionId="88f9db57-c736-4035-918c-8893a7437020" testListId="8c84fa94-04c1-424b-9868-57a2d4851a1d" />
    <TestEntry testId="094b11a6-0532-7a03-8d14-df586e014bf7" executionId="d6f16892-a35d-4436-ac27-3c018efce276" testListId="8c84fa94-04c1-424b-9868-57a2d4851a1d" />
    <TestEntry testId="13dadd02-cded-047c-5edf-08e7f9cf5113" executionId="67e44f9c-1605-4fd8-8fd7-e55582a809b3" testListId="8c84fa94-04c1-424b-9868-57a2d4851a1d" />
    <TestEntry testId="372c9fce-3145-adc3-8977-856762fa7aac" executionId="2dd453ec-12fd-424d-b391-f55eb60fbe2b" testListId="8c84fa94-04c1-424b-9868-57a2d4851a1d" />
    <TestEntry testId="7d5bc078-3ad1-6704-ebfc-1890dbc9df71" executionId="46be67a9-8536-42b1-bf7d-cafc7442e40d" testListId="8c84fa94-04c1-424b-9868-57a2d4851a1d" />
    <TestEntry testId="82d4c515-f9fe-5c04-4ba8-723b5ff21f55" executionId="d68fe765-e673-49bf-bc46-279def821161" testListId="8c84fa94-04c1-424b-9868-57a2d4851a1d" />
    <TestEntry testId="828833e5-ad1d-39c6-9465-e9a534d931b4" executionId="75786225-5e0c-47a1-89e4-c27ff23109b7" testListId="8c84fa94-04c1-424b-9868-57a2d4851a1d" />
    <TestEntry testId="e5d47529-6859-840c-851a-4907cc409f71" executionId="27668837-9a05-4491-bd9e-359af14999ae" testListId="8c84fa94-04c1-424b-9868-57a2d4851a1d" />
    <TestEntry testId="b514154e-fcf9-e8b7-b0ab-c1233ec7970b" executionId="6c50c375-643e-4613-ab19-3bc8f27d94ae" testListId="8c84fa94-04c1-424b-9868-57a2d4851a1d" />
    <TestEntry testId="0bc18307-cfdc-0782-2c49-73e26dab37df" executionId="3d283a13-18ab-4b42-b2b6-2853d2381477" testListId="8c84fa94-04c1-424b-9868-57a2d4851a1d" />
    <TestEntry testId="d344b394-6cc8-3bd8-7dae-88c5607a157d" executionId="3908cb28-973e-4e9f-b449-43c3109b7c2c" testListId="8c84fa94-04c1-424b-9868-57a2d4851a1d" />
    <TestEntry testId="3f8dfde8-2658-03a7-336d-cc519ac91c3e" executionId="237f4282-83b0-4be8-8fc3-4aa95ea3eaa7" testListId="8c84fa94-04c1-424b-9868-57a2d4851a1d" />
    <TestEntry testId="9681c4d5-bb9b-2329-b528-bc4805c08192" executionId="0c5c4720-664e-4811-828f-4ea754d56cf7" testListId="8c84fa94-04c1-424b-9868-57a2d4851a1d" />
    <TestEntry testId="0a22ca3f-5f04-a30c-0bdf-f2fda48d9002" executionId="97129407-20a6-480b-a286-9ee2182c23cd" testListId="8c84fa94-04c1-424b-9868-57a2d4851a1d" />
    <TestEntry testId="b65dd040-cffc-7925-78a1-ceba0c7979b8" executionId="aab4466a-5a8e-490f-83e7-359c03859be2" testListId="8c84fa94-04c1-424b-9868-57a2d4851a1d" />
    <TestEntry testId="757b9a3e-991f-064f-0f95-6721183441ff" executionId="986cc1fb-ad19-4bc2-ac60-78475bd07cee" testListId="8c84fa94-04c1-424b-9868-57a2d4851a1d" />
    <TestEntry testId="32a4594b-b1ea-44dc-9f50-e88fff32aca7" executionId="441b3bd9-9528-4403-b68d-33d92fdb4856" testListId="8c84fa94-04c1-424b-9868-57a2d4851a1d" />
    <TestEntry testId="cca65208-0adf-48f2-82bf-43699d9e9051" executionId="75ac8953-5ff2-4416-b30c-d82fd319f648" testListId="8c84fa94-04c1-424b-9868-57a2d4851a1d" />
    <TestEntry testId="ff9a04ff-fa9e-340b-3ecc-b843a9161f2d" executionId="43f42a24-899a-4f5b-b321-2863aed54157" testListId="8c84fa94-04c1-424b-9868-57a2d4851a1d" />
    <TestEntry testId="bf726271-d726-9654-3c3e-7309912ba13e" executionId="3c65d7ac-dae8-4308-ba68-8bad8b228368" testListId="8c84fa94-04c1-424b-9868-57a2d4851a1d" />
    <TestEntry testId="da5a75b7-aa19-0293-49b5-3bd5a004ec15" executionId="2b2f10df-9e12-497c-adcc-f83d7acc551b" testListId="8c84fa94-04c1-424b-9868-57a2d4851a1d" />
    <TestEntry testId="e1d59afc-ceae-0c1b-0769-05528c3d5bcc" executionId="795592df-2530-44ba-827c-466b33ab58c2" testListId="8c84fa94-04c1-424b-9868-57a2d4851a1d" />
    <TestEntry testId="27c0e446-fbb2-fa76-7f01-7a27a4208aca" executionId="a72b729e-ec9e-43b7-bf4a-aecce668ad46" testListId="8c84fa94-04c1-424b-9868-57a2d4851a1d" />
    <TestEntry testId="90bdca97-8eb4-c877-3c7b-3164b6f624b6" executionId="720c7746-59f5-479e-95c9-74d0c83856c9" testListId="8c84fa94-04c1-424b-9868-57a2d4851a1d" />
    <TestEntry testId="124081ca-aa16-41ac-de1c-68bb2cb38e0b" executionId="f636783b-037d-4302-b849-c5f345bd6217" testListId="8c84fa94-04c1-424b-9868-57a2d4851a1d" />
    <TestEntry testId="3accf9e4-664b-d25c-8a3f-c716b44b5888" executionId="221a7c18-80c9-4c0a-8c6c-b334b25e1619" testListId="8c84fa94-04c1-424b-9868-57a2d4851a1d" />
    <TestEntry testId="a4113738-4c26-f7ce-6619-a550a359b6d4" executionId="ae71283a-e3fc-46c6-9f23-3c69ae6c1a4b" testListId="8c84fa94-04c1-424b-9868-57a2d4851a1d" />
    <TestEntry testId="0965358b-a03e-2e11-275b-12bdaaddc9f6" executionId="80244b4f-96ad-4c28-9546-da48c86a8fe2" testListId="8c84fa94-04c1-424b-9868-57a2d4851a1d" />
    <TestEntry testId="f01d921c-ca10-b5d1-27ad-327291be9d87" executionId="49b7e2a6-83b7-4c0a-974d-5c802d37c7e3" testListId="8c84fa94-04c1-424b-9868-57a2d4851a1d" />
    <TestEntry testId="53148e8e-938e-3bc8-e604-5f8120442e76" executionId="2619ac84-6c6f-465f-8439-f13e676e08f4" testListId="8c84fa94-04c1-424b-9868-57a2d4851a1d" />
    <TestEntry testId="08fa8c0b-a89b-568b-783e-bb49d811f5cb" executionId="3a62be74-c23b-41b4-8758-1a3d7563c9bc" testListId="8c84fa94-04c1-424b-9868-57a2d4851a1d" />
    <TestEntry testId="8c69b9b6-1758-6875-02cf-0ad701b0c4d3" executionId="5716724a-e81d-485b-97af-1868e30742c4" testListId="8c84fa94-04c1-424b-9868-57a2d4851a1d" />
    <TestEntry testId="d92b4795-1b5e-a5e3-4306-d72267a0cfd6" executionId="34db0e3a-f9ac-4950-adf1-751280631e1e" testListId="8c84fa94-04c1-424b-9868-57a2d4851a1d" />
    <TestEntry testId="4974b841-fe50-bc17-3fa6-12c238970853" executionId="19851623-fdce-40a2-9906-74d4c5f4e5c9" testListId="8c84fa94-04c1-424b-9868-57a2d4851a1d" />
    <TestEntry testId="f3e08194-d050-86f4-49c6-9c623a6c25ea" executionId="b4afffc7-3d93-439f-bed0-3fad769f53c5" testListId="8c84fa94-04c1-424b-9868-57a2d4851a1d" />
    <TestEntry testId="897e23d8-e677-fcfc-c803-4657c2ba83e9" executionId="bfde353c-3861-4dfc-a1af-b428e8e4c75c" testListId="8c84fa94-04c1-424b-9868-57a2d4851a1d" />
    <TestEntry testId="461167f4-f83d-dfb6-f998-4b01ff39fbbb" executionId="cb9459c4-ad8a-4d96-b282-61c479fdfbb8" testListId="8c84fa94-04c1-424b-9868-57a2d4851a1d" />
    <TestEntry testId="30591759-8bfa-94ac-8ed2-5b8e57e7d2b3" executionId="09d43514-efd9-4418-9228-f2a604529ffd" testListId="8c84fa94-04c1-424b-9868-57a2d4851a1d" />
    <TestEntry testId="e63e97dd-9e6c-4645-bf1f-6cbc1114526d" executionId="564b95b5-a8ec-4def-9cab-cad460db188f" testListId="8c84fa94-04c1-424b-9868-57a2d4851a1d" />
    <TestEntry testId="34dfc2c1-12c5-e35a-2da9-15862f421a1f" executionId="72b0071c-5b45-403f-ad37-86426f198fa1" testListId="8c84fa94-04c1-424b-9868-57a2d4851a1d" />
    <TestEntry testId="ef16af07-a0ec-96c0-1d10-e96fe005892e" executionId="1cd39fb7-828b-49f3-95a4-f22edad44d3e" testListId="8c84fa94-04c1-424b-9868-57a2d4851a1d" />
    <TestEntry testId="3007bb0c-41a6-c578-20f7-6fe2cf8444cb" executionId="4296516d-4259-4d1d-867b-87ae07d94f32" testListId="8c84fa94-04c1-424b-9868-57a2d4851a1d" />
    <TestEntry testId="dcf10506-16c1-f65b-62cc-54c81f3d69fc" executionId="7853f5c5-8291-4a45-8848-8829c13a902a" testListId="8c84fa94-04c1-424b-9868-57a2d4851a1d" />
    <TestEntry testId="7f654377-f7ad-ac97-076c-9956054067df" executionId="aceaa286-e3d8-487e-8cc4-0c0caaf93688" testListId="8c84fa94-04c1-424b-9868-57a2d4851a1d" />
    <TestEntry testId="6fac98b9-fc8f-ded6-86b3-b3150632ee5f" executionId="b281e80e-6612-42ab-ae6f-a07b26ca7ce1" testListId="8c84fa94-04c1-424b-9868-57a2d4851a1d" />
    <TestEntry testId="c2da144b-378e-b165-a41b-7b65e6d54970" executionId="8aa3e7de-ddee-4fb9-b79d-8721d53677e0" testListId="8c84fa94-04c1-424b-9868-57a2d4851a1d" />
    <TestEntry testId="a7854dd3-8d20-6641-2e3e-29ad46bbb531" executionId="7d10506d-7f01-4566-a595-6971098a5c16" testListId="8c84fa94-04c1-424b-9868-57a2d4851a1d" />
    <TestEntry testId="3a15d223-5377-905d-8b73-e96a8942d8f8" executionId="e1aeec68-2368-4b64-a61e-a8e8a713f3e7" testListId="8c84fa94-04c1-424b-9868-57a2d4851a1d" />
    <TestEntry testId="433c7d56-6fb5-d8f0-a9cc-eacc667c0a6b" executionId="6e408dde-039e-4313-85dd-379f50c3c5d0" testListId="8c84fa94-04c1-424b-9868-57a2d4851a1d" />
    <TestEntry testId="0df30c92-10e5-04f8-7ba8-ad81df080036" executionId="2d6eb5ce-233c-46a3-8918-f448610c0dd0" testListId="8c84fa94-04c1-424b-9868-57a2d4851a1d" />
    <TestEntry testId="29f4eefb-fddf-c444-6e0a-5e03485d543c" executionId="55286dfd-49ff-4224-a098-6eb2bb1542b9" testListId="8c84fa94-04c1-424b-9868-57a2d4851a1d" />
    <TestEntry testId="6ec026f1-46c9-6133-cbd4-a87c07ad774c" executionId="9ce5b12a-0edd-4b5e-897a-ec92ccd3ee38" testListId="8c84fa94-04c1-424b-9868-57a2d4851a1d" />
    <TestEntry testId="639b760f-d73b-dd9e-184b-d4fba82810a2" executionId="182c9360-8ee4-48f2-b007-1e17265379ac" testListId="8c84fa94-04c1-424b-9868-57a2d4851a1d" />
    <TestEntry testId="17fa2bb9-6058-ffa9-3803-d58553ec74eb" executionId="4dc78624-53a4-4611-8be1-9bb11b35b15f" testListId="8c84fa94-04c1-424b-9868-57a2d4851a1d" />
    <TestEntry testId="b7fd9400-1bb5-081c-d5a3-25a6c282dcbe" executionId="06b0bd42-4dac-497c-b6ab-c1e17b98a407" testListId="8c84fa94-04c1-424b-9868-57a2d4851a1d" />
    <TestEntry testId="2a5400f7-59f9-282c-1900-944ef8ecb847" executionId="d35122b9-67b0-48e0-99d2-a54b6bfea62f" testListId="8c84fa94-04c1-424b-9868-57a2d4851a1d" />
    <TestEntry testId="f87db683-3a8e-4544-d4a4-bec956bf3b3f" executionId="34dec735-8e32-4315-a62e-af04e16623f6" testListId="8c84fa94-04c1-424b-9868-57a2d4851a1d" />
    <TestEntry testId="8b7b35e7-42f3-7119-a9bd-fd9bc70bdd46" executionId="a2932384-7494-4284-be08-1fa6dfd1dbd8" testListId="8c84fa94-04c1-424b-9868-57a2d4851a1d" />
    <TestEntry testId="d85db656-22e2-d893-8495-ecfd404d4e9f" executionId="09d81a49-7f26-4045-945c-2b49eb004914" testListId="8c84fa94-04c1-424b-9868-57a2d4851a1d" />
    <TestEntry testId="c1b0f31a-ea5a-298b-bdf9-e1d1cecd60bb" executionId="797e7c8a-2dcf-4c00-ab2c-778ca58b5804" testListId="8c84fa94-04c1-424b-9868-57a2d4851a1d" />
    <TestEntry testId="6d33e4a5-ae74-c82a-5d2b-0a3770f1919a" executionId="065b07ec-8e96-4b43-b889-a260ced125e9" testListId="8c84fa94-04c1-424b-9868-57a2d4851a1d" />
    <TestEntry testId="e627cd52-2378-d6fc-2ff2-c4c49c512a76" executionId="104c41d2-cb5b-47f4-932d-bef5b70f29e4" testListId="8c84fa94-04c1-424b-9868-57a2d4851a1d" />
    <TestEntry testId="af40adc3-6ce4-fbdb-f50c-26697781469d" executionId="20587cdd-7a90-4f51-b98f-203fd9fe95e4" testListId="8c84fa94-04c1-424b-9868-57a2d4851a1d" />
    <TestEntry testId="d7ac1929-9b02-b83c-c131-e7b03e1000aa" executionId="73971dce-54fc-4e7a-8273-66281be92912" testListId="8c84fa94-04c1-424b-9868-57a2d4851a1d" />
    <TestEntry testId="cf536672-6dbb-41a2-84f9-ab59c52d810f" executionId="d1cc69e9-bcb9-44a8-83ed-0ea08458c2e8" testListId="8c84fa94-04c1-424b-9868-57a2d4851a1d" />
    <TestEntry testId="d281a02d-385b-cf02-8059-643dcf52507d" executionId="1b13ee8d-79c3-4169-b09a-12c8295a5e82" testListId="8c84fa94-04c1-424b-9868-57a2d4851a1d" />
    <TestEntry testId="a350e347-16d8-e1df-3789-caee1e50cb04" executionId="7fe1e40b-12af-41f1-a08c-7ed127ff4d0b" testListId="8c84fa94-04c1-424b-9868-57a2d4851a1d" />
    <TestEntry testId="0e065e73-d47f-3a00-98d6-e8eb7ca6357c" executionId="5bfb44f5-ae97-45b1-94a4-37616d7a3218" testListId="8c84fa94-04c1-424b-9868-57a2d4851a1d" />
    <TestEntry testId="d0f6acef-cfad-0d05-742a-6ff2e1b06efb" executionId="079e0d7e-3e96-4b89-802e-96730bf7f99a" testListId="8c84fa94-04c1-424b-9868-57a2d4851a1d" />
    <TestEntry testId="94d95040-3698-185d-5d6f-562ab37711a4" executionId="beff904b-85be-4c78-996d-e64a27cf355d" testListId="8c84fa94-04c1-424b-9868-57a2d4851a1d" />
    <TestEntry testId="5aba6d27-4c6f-ae2f-cf75-baaf7277a3aa" executionId="96ee1aa6-2350-4849-bc5b-f7943ee857dd" testListId="8c84fa94-04c1-424b-9868-57a2d4851a1d" />
    <TestEntry testId="ecb58899-c328-f985-2c0b-ed632069fc86" executionId="9bd1f706-b98b-4eec-9f63-79add3f7bc9b" testListId="8c84fa94-04c1-424b-9868-57a2d4851a1d" />
    <TestEntry testId="65fdcfa3-e586-80fb-25e9-f3179ce3d17c" executionId="d5da2386-8ed5-4c63-9262-11238c94b999" testListId="8c84fa94-04c1-424b-9868-57a2d4851a1d" />
    <TestEntry testId="941c0021-a8fe-25b1-de50-c1e94e8c1fd9" executionId="37121291-738f-44a2-b4fb-449c05946801" testListId="8c84fa94-04c1-424b-9868-57a2d4851a1d" />
    <TestEntry testId="635a9c0c-0703-a7fe-f188-0e7aded18217" executionId="2417075f-f365-43d5-b710-920db0c252f6" testListId="8c84fa94-04c1-424b-9868-57a2d4851a1d" />
    <TestEntry testId="6da6330c-b6fa-01a4-6fe8-ff39b10cad90" executionId="2ac7ea3c-eb6f-4167-a775-fa3b4fa7b09c" testListId="8c84fa94-04c1-424b-9868-57a2d4851a1d" />
    <TestEntry testId="13c9576e-1060-3a96-db24-b3da48519d05" executionId="e1bd6fb9-34ee-4538-a8b3-70553c775dd8" testListId="8c84fa94-04c1-424b-9868-57a2d4851a1d" />
    <TestEntry testId="1401be64-9b1a-fe9c-cbe7-91ee817fac69" executionId="91527bc8-6f46-4299-a2de-dc046d175d55" testListId="8c84fa94-04c1-424b-9868-57a2d4851a1d" />
    <TestEntry testId="02fb1555-b786-4aa2-7007-ec43c1c9fbe1" executionId="42fb48d4-8398-4c1b-8515-4caeb9bf583e" testListId="8c84fa94-04c1-424b-9868-57a2d4851a1d" />
    <TestEntry testId="0d59dc87-668a-e439-20c3-2f6fcc18afb6" executionId="cb8f79d2-a38b-46a7-bcc4-7bfe6306c5a7" testListId="8c84fa94-04c1-424b-9868-57a2d4851a1d" />
    <TestEntry testId="7a04701a-199d-8dcd-efe9-bb7e5f52c2c3" executionId="8940889a-5cc9-4021-9461-68c45dc5d5b9" testListId="8c84fa94-04c1-424b-9868-57a2d4851a1d" />
    <TestEntry testId="188b81ef-d6d5-d5db-9dda-ab27251848f9" executionId="0ebc25f0-7ac6-4a61-bf2a-4bb255525f08" testListId="8c84fa94-04c1-424b-9868-57a2d4851a1d" />
    <TestEntry testId="8eee559b-f88d-5f49-738c-7ba028df49b7" executionId="2393a63e-0080-4536-ae8b-ff097453451b" testListId="8c84fa94-04c1-424b-9868-57a2d4851a1d" />
    <TestEntry testId="520722aa-6a80-b3d5-b800-d9703ed85ffc" executionId="7367716b-de2b-4b9e-ac15-06058af2ffd7" testListId="8c84fa94-04c1-424b-9868-57a2d4851a1d" />
    <TestEntry testId="dc96a1db-064c-82c9-b5a0-e3b7d110c702" executionId="c5111206-5e24-47a1-a42d-50903c98be1d" testListId="8c84fa94-04c1-424b-9868-57a2d4851a1d" />
    <TestEntry testId="ce01ebcc-a3b9-cf57-b548-3aec0795ebd5" executionId="cc8d2e86-600e-49c2-9633-82d2ed89c7fe" testListId="8c84fa94-04c1-424b-9868-57a2d4851a1d" />
    <TestEntry testId="2451296b-865e-f1ac-6397-248629b7319a" executionId="d01e2d31-fd04-4473-8862-04018e71a2c0" testListId="8c84fa94-04c1-424b-9868-57a2d4851a1d" />
    <TestEntry testId="300838be-4f51-a4d3-86e3-26fa36f90ffb" executionId="556cdc6d-3a80-44ee-b925-632093aa2203" testListId="8c84fa94-04c1-424b-9868-57a2d4851a1d" />
    <TestEntry testId="f27ecf69-9c6a-7512-245c-df2210246910" executionId="43ec3c2e-5e75-4d01-b483-47e0d4570a97" testListId="8c84fa94-04c1-424b-9868-57a2d4851a1d" />
    <TestEntry testId="9bf965f4-b07a-9f83-7d3c-04862d018a76" executionId="02c9703c-9243-4f45-a8eb-0ed6a9bc4f4e" testListId="8c84fa94-04c1-424b-9868-57a2d4851a1d" />
    <TestEntry testId="0d5e9659-8752-ad65-3659-a1154060e2e0" executionId="428ca9ab-272b-4507-b6e9-bd7f3d4699ad" testListId="8c84fa94-04c1-424b-9868-57a2d4851a1d" />
    <TestEntry testId="a696fe85-6892-5787-2988-b6dc32a7eaae" executionId="2ea08bc9-db2d-43e2-8ece-f02a1ae3233e" testListId="8c84fa94-04c1-424b-9868-57a2d4851a1d" />
    <TestEntry testId="308c0503-5aa8-3cad-0410-698b5f3745ae" executionId="3421c4e2-416f-4b2c-815f-12ccc1bf366a" testListId="8c84fa94-04c1-424b-9868-57a2d4851a1d" />
    <TestEntry testId="8d0615a4-0a37-112e-879e-4003daa62f87" executionId="5f223470-ed3c-47ec-85dc-d05c7e4427cb" testListId="8c84fa94-04c1-424b-9868-57a2d4851a1d" />
    <TestEntry testId="ba867f1f-710b-a6f5-4ace-b54486edaddc" executionId="dd4d0922-13cd-4ff5-8d02-99d277618a5d" testListId="8c84fa94-04c1-424b-9868-57a2d4851a1d" />
    <TestEntry testId="e7c41882-0f2b-10a3-a41f-5cb13aefcf02" executionId="e35c8d2b-125c-458f-ab62-36b7ce7dda06" testListId="8c84fa94-04c1-424b-9868-57a2d4851a1d" />
    <TestEntry testId="864940c8-b53d-5e0a-9ab8-2ad580ee97c1" executionId="832e2606-670f-41f0-8589-9e903ba6b1c9" testListId="8c84fa94-04c1-424b-9868-57a2d4851a1d" />
    <TestEntry testId="b6c7b137-6c12-aa0e-37c0-885b1840aaf2" executionId="10f7dbe0-aee3-4c17-af23-f3994b1c0e68" testListId="8c84fa94-04c1-424b-9868-57a2d4851a1d" />
    <TestEntry testId="4131df9f-9d50-eb51-fb6f-119ab1926039" executionId="9bc5a2d6-6383-4d37-9496-73a2774e65b5" testListId="8c84fa94-04c1-424b-9868-57a2d4851a1d" />
    <TestEntry testId="c417f526-f617-d89a-9e27-2a222a15bac0" executionId="5dff2253-d264-4e8a-ba14-263749bd8b0e" testListId="8c84fa94-04c1-424b-9868-57a2d4851a1d" />
    <TestEntry testId="83e5bca1-3234-f540-991c-2f3a40248a15" executionId="6f133ca0-25db-4300-a2b3-cb3d2fb1105d" testListId="8c84fa94-04c1-424b-9868-57a2d4851a1d" />
    <TestEntry testId="5da37516-dacb-d422-fbee-12efa0638ad9" executionId="8a2ffefe-b397-4518-971e-44f26aa40146" testListId="8c84fa94-04c1-424b-9868-57a2d4851a1d" />
    <TestEntry testId="934d902b-af41-a86f-d0cb-6e5ba6785975" executionId="29258b73-94c8-411e-a75e-620d18a161d4" testListId="8c84fa94-04c1-424b-9868-57a2d4851a1d" />
    <TestEntry testId="66c7aa12-2df2-fe1f-0f30-30b43cfdd6b4" executionId="7c83d1ab-458f-4095-a472-8c3abc452207" testListId="8c84fa94-04c1-424b-9868-57a2d4851a1d" />
    <TestEntry testId="277f52da-2282-9c65-51fe-2a9bdc6748b7" executionId="14135f94-46c8-4c31-8119-91b795a021e6" testListId="8c84fa94-04c1-424b-9868-57a2d4851a1d" />
    <TestEntry testId="88bc5129-e7aa-8963-c140-f3fd33a92044" executionId="e5a908ef-498c-4558-a4e5-1c49eade06a3" testListId="8c84fa94-04c1-424b-9868-57a2d4851a1d" />
    <TestEntry testId="f1c5443e-e0a7-e961-fdae-6f316e6bdffa" executionId="9f776690-3742-4b98-a6a8-97eea3e3d905" testListId="8c84fa94-04c1-424b-9868-57a2d4851a1d" />
    <TestEntry testId="c0cf0641-dce5-3e52-e867-94fa19192895" executionId="e91f3940-c0a0-47d9-aea7-6b5361f134b6" testListId="8c84fa94-04c1-424b-9868-57a2d4851a1d" />
    <TestEntry testId="852b5e0e-9762-784e-5557-e2cf4ea73784" executionId="3a488aa5-b836-475f-a9d4-63d4d0680a6f" testListId="8c84fa94-04c1-424b-9868-57a2d4851a1d" />
    <TestEntry testId="c0e373ae-3e15-775d-5f9d-a8c872e8b285" executionId="d2c4c675-f62f-4b2c-b85f-286d7e0bbbf5" testListId="8c84fa94-04c1-424b-9868-57a2d4851a1d" />
    <TestEntry testId="1b0e12dd-7d88-c49c-b42d-b67339dc24f6" executionId="9b782496-bd3c-4491-8953-ab82b3fecf99" testListId="8c84fa94-04c1-424b-9868-57a2d4851a1d" />
    <TestEntry testId="2fcfa690-0061-2be9-893e-b95e28348722" executionId="8a6f8adb-9342-45a9-a355-71d0eee61116" testListId="8c84fa94-04c1-424b-9868-57a2d4851a1d" />
    <TestEntry testId="c2ca0d7d-68c1-9a10-64d5-38b811f1c187" executionId="0769008e-328b-41f8-96a3-a87141f994a7" testListId="8c84fa94-04c1-424b-9868-57a2d4851a1d" />
    <TestEntry testId="63887502-2290-59ec-06c5-74675818419c" executionId="c8fb8595-3bd7-47a5-a6cf-c8e4bdc675f9" testListId="8c84fa94-04c1-424b-9868-57a2d4851a1d" />
    <TestEntry testId="ec81a422-56dc-8438-8278-26703789eecf" executionId="b8b91561-525e-4b7a-b96a-35371999e986" testListId="8c84fa94-04c1-424b-9868-57a2d4851a1d" />
  </TestEntries>
  <TestLists>
    <TestList name="Results Not in a List" id="8c84fa94-04c1-424b-9868-57a2d4851a1d" />
    <TestList name="All Loaded Results" id="19431567-8539-422a-85d7-44ee4e166bda" />
  </TestLists>
  <ResultSummary outcome="Completed">
    <Counters total="206" executed="205" passed="205" failed="0" error="0" timeout="0" aborted="0" inconclusive="0" passedButRunAborted="0" notRunnable="0" notExecuted="0" disconnected="0" warning="0" completed="0" inProgress="0" pending="0" />
    <Output>
      <StdOut>NUnit Adapter 3.9.0.0: Test execution started
Running all tests in /home/p.buczynski/git/code/juvo-player/JuvoPlayer.Tests/bin/Debug/netcoreapp2.0/JuvoPlayer.Tests.dll
NUnit3TestExecutor converted 206 of 206 NUnit test cases
Test 'DEBUG_MpdParser' was skipped in the test run.
NUnit Adapter 3.9.0.0: Test execution complete
</StdOut>
    </Output>
  </ResultSummary>
</TestRun>