<?xml version="1.0" encoding="utf-8"?>
<TestRun id="81a5fa10-4225-4aab-84df-6ecab6ed4dcb" name="@AVDC720 2020-06-22 14:14:50" xmlns="http://microsoft.com/schemas/VisualStudio/TeamTest/2010">
  <Times creation="2020-06-22T14:14:50.7944824+02:00" queuing="2020-06-22T14:14:50.7944825+02:00" start="2020-06-22T14:14:49.3895183+02:00" finish="2020-06-22T14:14:52.3813928+02:00" />
  <TestSettings name="default" id="49edd653-55e2-494f-acd4-bfda3207be18">
    <Deployment runDeploymentRoot="_AVDC720_2020-06-22_14_14_50" />
  </TestSettings>
  <Results>
    <UnitTestResult executionId="b670e26a-cdea-4b35-bb15-5f83b09d226c" testId="cb66aab4-74da-9d22-4f63-1827d111c973" testName="TimeToNextFrame_CalledBeforeFirstPacket_ThrowsInvalidOperationException" computerName="AVDC720" duration="00:00:00.0010000" startTime="2020-06-22T14:14:52.0000000+02:00" endTime="2020-06-22T14:14:52.0000000+02:00" testType="13cdc9d9-ddb5-4fa4-a97d-d965ccfc6d4b" outcome="Passed" testListId="8c84fa94-04c1-424b-9868-57a2d4851a1d" relativeResultsDirectory="b670e26a-cdea-4b35-bb15-5f83b09d226c" />
    <UnitTestResult executionId="c11f7bf1-0817-4ecc-8218-4ad2c94cabfc" testId="897e23d8-e677-fcfc-c803-4657c2ba83e9" testName="Parse_DifferentEncodings_ParsesSuccessfully(&quot;JuvoPlayer.Tests.res.subtitles.subtitles_de.vtt&quot;,&quot;utf-8&quot;,&quot;Stellen Sie beste Streaming Performance zur Verfügung,&quot;)" computerName="AVDC720" duration="00:00:00.0070000" startTime="2020-06-22T14:14:50.0000000+02:00" endTime="2020-06-22T14:14:50.0000000+02:00" testType="13cdc9d9-ddb5-4fa4-a97d-d965ccfc6d4b" outcome="Passed" testListId="8c84fa94-04c1-424b-9868-57a2d4851a1d" relativeResultsDirectory="c11f7bf1-0817-4ecc-8218-4ad2c94cabfc" />
    <UnitTestResult executionId="25a51121-3461-4fd0-b8ce-dab6c31db3c8" testId="8e853ee6-04cd-709e-3b10-3f4dc0ff936d" testName="Start_ClipDurationFound_PublishesClipDuration(StartForEs)" computerName="AVDC720" duration="00:00:00.0160000" startTime="2020-06-22T14:14:51.0000000+02:00" endTime="2020-06-22T14:14:51.0000000+02:00" testType="13cdc9d9-ddb5-4fa4-a97d-d965ccfc6d4b" outcome="Passed" testListId="8c84fa94-04c1-424b-9868-57a2d4851a1d" relativeResultsDirectory="25a51121-3461-4fd0-b8ce-dab6c31db3c8" />
    <UnitTestResult executionId="68486a42-39d7-4381-a246-37b5b53f68c0" testId="0a22ca3f-5f04-a30c-0bdf-f2fda48d9002" testName="CreateDataProvider_ThrowsNull" computerName="AVDC720" duration="00:00:00.0010000" startTime="2020-06-22T14:14:51.0000000+02:00" endTime="2020-06-22T14:14:51.0000000+02:00" testType="13cdc9d9-ddb5-4fa4-a97d-d965ccfc6d4b" outcome="Passed" testListId="8c84fa94-04c1-424b-9868-57a2d4851a1d" relativeResultsDirectory="68486a42-39d7-4381-a246-37b5b53f68c0" />
    <UnitTestResult executionId="e6d11dff-0d30-48cb-8aa1-d8aba7cb8284" testId="d69bd21c-4887-795d-066d-a5d448489d31" testName="ParseTime_WhenTimeFormatIsInvalid_ThrowsFormatException(&quot;a.b.c.d&quot;)" computerName="AVDC720" duration="00:00:00.0000001" startTime="2020-06-22T14:14:52.0000000+02:00" endTime="2020-06-22T14:14:52.0000000+02:00" testType="13cdc9d9-ddb5-4fa4-a97d-d965ccfc6d4b" outcome="Passed" testListId="8c84fa94-04c1-424b-9868-57a2d4851a1d" relativeResultsDirectory="e6d11dff-0d30-48cb-8aa1-d8aba7cb8284" />
    <UnitTestResult executionId="ec62eb0d-58c1-4974-af0b-2fbdbb4a27b3" testId="ba867f1f-710b-a6f5-4ace-b54486edaddc" testName="TestConstructorWithNull" computerName="AVDC720" duration="00:00:00.0010000" startTime="2020-06-22T14:14:51.0000000+02:00" endTime="2020-06-22T14:14:51.0000000+02:00" testType="13cdc9d9-ddb5-4fa4-a97d-d965ccfc6d4b" outcome="Passed" testListId="8c84fa94-04c1-424b-9868-57a2d4851a1d" relativeResultsDirectory="ec62eb0d-58c1-4974-af0b-2fbdbb4a27b3" />
    <UnitTestResult executionId="ef0216c4-d7ac-4c1a-8c36-e8fde894e56a" testId="7f654377-f7ad-ac97-076c-9956054067df" testName="Compare_VariousTimes_ReturnsExpectedValues(5,-1)" computerName="AVDC720" duration="00:00:00.0000001" startTime="2020-06-22T14:14:51.0000000+02:00" endTime="2020-06-22T14:14:51.0000000+02:00" testType="13cdc9d9-ddb5-4fa4-a97d-d965ccfc6d4b" outcome="Passed" testListId="8c84fa94-04c1-424b-9868-57a2d4851a1d" relativeResultsDirectory="ef0216c4-d7ac-4c1a-8c36-e8fde894e56a" />
    <UnitTestResult executionId="3cb385f4-ab73-481c-8719-75ca5e63657a" testId="433c7d56-6fb5-d8f0-a9cc-eacc667c0a6b" testName="Get_KeyForSecondCue_ReturnsSecondCue" computerName="AVDC720" duration="00:00:00.0010000" startTime="2020-06-22T14:14:51.0000000+02:00" endTime="2020-06-22T14:14:51.0000000+02:00" testType="13cdc9d9-ddb5-4fa4-a97d-d965ccfc6d4b" outcome="Passed" testListId="8c84fa94-04c1-424b-9868-57a2d4851a1d" relativeResultsDirectory="3cb385f4-ab73-481c-8719-75ca5e63657a" />
    <UnitTestResult executionId="6ebaa3b0-2558-43cb-9692-b0775cedc9a3" testId="297e934f-7145-7b72-115d-3787b6d62aa4" testName="ParseTimeLine_WhenLineIsInvalid_ThrowsFormatException(&quot;--&gt;  00:02:17,440&quot;)" computerName="AVDC720" duration="00:00:00.0000001" startTime="2020-06-22T14:14:52.0000000+02:00" endTime="2020-06-22T14:14:52.0000000+02:00" testType="13cdc9d9-ddb5-4fa4-a97d-d965ccfc6d4b" outcome="Passed" testListId="8c84fa94-04c1-424b-9868-57a2d4851a1d" relativeResultsDirectory="6ebaa3b0-2558-43cb-9692-b0775cedc9a3" />
    <UnitTestResult executionId="5a80fce2-2ad4-41be-a5f6-f2ca7015723a" testId="934d902b-af41-a86f-d0cb-6e5ba6785975" testName="ParseTime_TimeFormatIsValid_ParsesSuccessfully(&quot;01:18.171&quot;,0,1,18,171)" computerName="AVDC720" duration="00:00:00.0000001" startTime="2020-06-22T14:14:52.0000000+02:00" endTime="2020-06-22T14:14:52.0000000+02:00" testType="13cdc9d9-ddb5-4fa4-a97d-d965ccfc6d4b" outcome="Passed" testListId="8c84fa94-04c1-424b-9868-57a2d4851a1d" relativeResultsDirectory="5a80fce2-2ad4-41be-a5f6-f2ca7015723a" />
    <UnitTestResult executionId="c18ebad4-6d09-4ce1-90c7-da10a7d3aba2" testId="320b5630-864f-a352-1987-972112f06fc2" testName="XMLData_AppParserSysParser_same_OK" computerName="AVDC720" duration="00:00:00.4180000" startTime="2020-06-22T14:14:51.0000000+02:00" endTime="2020-06-22T14:14:52.0000000+02:00" testType="13cdc9d9-ddb5-4fa4-a97d-d965ccfc6d4b" outcome="Passed" testListId="8c84fa94-04c1-424b-9868-57a2d4851a1d" relativeResultsDirectory="c18ebad4-6d09-4ce1-90c7-da10a7d3aba2" />
    <UnitTestResult executionId="6bd69be7-9c81-4885-bdbc-ff3bdf69d79e" testId="cbd08089-7dfa-f39a-6544-f54af436e9b1" testName="Take_MultipleAdds_ProperlyReturnsData" computerName="AVDC720" duration="00:00:00.0030000" startTime="2020-06-22T14:14:51.0000000+02:00" endTime="2020-06-22T14:14:51.0000000+02:00" testType="13cdc9d9-ddb5-4fa4-a97d-d965ccfc6d4b" outcome="Passed" testListId="8c84fa94-04c1-424b-9868-57a2d4851a1d" relativeResultsDirectory="6bd69be7-9c81-4885-bdbc-ff3bdf69d79e" />
    <UnitTestResult executionId="1050606d-6328-4dba-94e6-3b16a0536ecb" testId="e7c41882-0f2b-10a3-a41f-5cb13aefcf02" testName="Get_MapIsEmpty_ReturnsNull" computerName="AVDC720" duration="00:00:00.0000001" startTime="2020-06-22T14:14:51.0000000+02:00" endTime="2020-06-22T14:14:51.0000000+02:00" testType="13cdc9d9-ddb5-4fa4-a97d-d965ccfc6d4b" outcome="Passed" testListId="8c84fa94-04c1-424b-9868-57a2d4851a1d" relativeResultsDirectory="1050606d-6328-4dba-94e6-3b16a0536ecb" />
    <UnitTestResult executionId="24b8787c-6141-4707-b9db-4d0e623602b1" testId="f01d921c-ca10-b5d1-27ad-327291be9d87" testName="DeserializeJsonText_ThrowsEmpty" computerName="AVDC720" duration="00:00:00.0010000" startTime="2020-06-22T14:14:50.0000000+02:00" endTime="2020-06-22T14:14:50.0000000+02:00" testType="13cdc9d9-ddb5-4fa4-a97d-d965ccfc6d4b" outcome="Passed" testListId="8c84fa94-04c1-424b-9868-57a2d4851a1d" relativeResultsDirectory="24b8787c-6141-4707-b9db-4d0e623602b1" />
    <UnitTestResult executionId="004a639b-7438-4383-8d99-911add185cff" testId="bfa7b9c5-0d1c-484d-ffb4-16f6680e082d" testName="ParseTimeLine_WhenLineIsInvalid_ThrowsFormatException(null)" computerName="AVDC720" duration="00:00:00.0010000" startTime="2020-06-22T14:14:52.0000000+02:00" endTime="2020-06-22T14:14:52.0000000+02:00" testType="13cdc9d9-ddb5-4fa4-a97d-d965ccfc6d4b" outcome="Passed" testListId="8c84fa94-04c1-424b-9868-57a2d4851a1d" relativeResultsDirectory="004a639b-7438-4383-8d99-911add185cff" />
    <UnitTestResult executionId="b0139a09-e73f-482c-b1f2-c7fec57b7e17" testId="d281a02d-385b-cf02-8059-643dcf52507d" testName="ParseTime_WhenTimeFormatIsInvalid_ThrowsFormatException(&quot;25:02:17&quot;)" computerName="AVDC720" duration="00:00:00.0000001" startTime="2020-06-22T14:14:52.0000000+02:00" endTime="2020-06-22T14:14:52.0000000+02:00" testType="13cdc9d9-ddb5-4fa4-a97d-d965ccfc6d4b" outcome="Passed" testListId="8c84fa94-04c1-424b-9868-57a2d4851a1d" relativeResultsDirectory="b0139a09-e73f-482c-b1f2-c7fec57b7e17" />
    <UnitTestResult executionId="d632de81-7832-4d12-b7ac-bb65a5312abd" testId="13c9576e-1060-3a96-db24-b3da48519d05" testName="Reset_Called_ResetsDemuxer" computerName="AVDC720" duration="00:00:00.0000001" startTime="2020-06-22T14:14:51.0000000+02:00" endTime="2020-06-22T14:14:51.0000000+02:00" testType="13cdc9d9-ddb5-4fa4-a97d-d965ccfc6d4b" outcome="Passed" testListId="8c84fa94-04c1-424b-9868-57a2d4851a1d" relativeResultsDirectory="d632de81-7832-4d12-b7ac-bb65a5312abd" />
    <UnitTestResult executionId="9421c504-652c-49d8-8026-b6b219ffb894" testId="aa4e9518-8a0d-c4b5-88b9-4da429c58985" testName="Parse_DifferentEncodings_ParsesSuccessfully(&quot;JuvoPlayer.Tests.res.subtitles.subtitles_es.vtt&quot;,&quot;utf-8&quot;,&quot;Éstas son tierras de dragones, Sintel.&quot;)" computerName="AVDC720" duration="00:00:00.0030000" startTime="2020-06-22T14:14:50.0000000+02:00" endTime="2020-06-22T14:14:50.0000000+02:00" testType="13cdc9d9-ddb5-4fa4-a97d-d965ccfc6d4b" outcome="Passed" testListId="8c84fa94-04c1-424b-9868-57a2d4851a1d" relativeResultsDirectory="9421c504-652c-49d8-8026-b6b219ffb894" />
    <UnitTestResult executionId="5aded3fd-df00-484d-89d1-ff74162f88c6" testId="dcf10506-16c1-f65b-62cc-54c81f3d69fc" testName="Load_PathPointsToNetworkResource_LoadsAsNetworkResource(&quot;https://valid_https_uri&quot;)" computerName="AVDC720" duration="00:00:00.0000001" startTime="2020-06-22T14:14:52.0000000+02:00" endTime="2020-06-22T14:14:52.0000000+02:00" testType="13cdc9d9-ddb5-4fa4-a97d-d965ccfc6d4b" outcome="Passed" testListId="8c84fa94-04c1-424b-9868-57a2d4851a1d" relativeResultsDirectory="5aded3fd-df00-484d-89d1-ff74162f88c6" />
    <UnitTestResult executionId="e8864831-e3b6-4049-9a2d-83c32824e56e" testId="30591759-8bfa-94ac-8ed2-5b8e57e7d2b3" testName="Resolve_SrtSubtitleInfo_ReturnsSrtFormat" computerName="AVDC720" duration="00:00:00.0020000" startTime="2020-06-22T14:14:52.0000000+02:00" endTime="2020-06-22T14:14:52.0000000+02:00" testType="13cdc9d9-ddb5-4fa4-a97d-d965ccfc6d4b" outcome="Passed" testListId="8c84fa94-04c1-424b-9868-57a2d4851a1d" relativeResultsDirectory="e8864831-e3b6-4049-9a2d-83c32824e56e" />
    <UnitTestResult executionId="7ce4906f-0e79-43a8-81ee-b80405cd0ede" testId="53148e8e-938e-3bc8-e604-5f8120442e76" testName="ResolveByPath_SrtPath_ReturnSrtFormat" computerName="AVDC720" duration="00:00:00.0000001" startTime="2020-06-22T14:14:52.0000000+02:00" endTime="2020-06-22T14:14:52.0000000+02:00" testType="13cdc9d9-ddb5-4fa4-a97d-d965ccfc6d4b" outcome="Passed" testListId="8c84fa94-04c1-424b-9868-57a2d4851a1d" relativeResultsDirectory="7ce4906f-0e79-43a8-81ee-b80405cd0ede" />
    <UnitTestResult executionId="946065d0-ac7c-431c-8b7e-0ec265877a00" testId="03900516-35b4-a3f2-ee8e-53c1d537ca19" testName="SupportsSystemId_PlayReadySystemId_ReturnsTrue" computerName="AVDC720" duration="00:00:00.0000001" startTime="2020-06-22T14:14:51.0000000+02:00" endTime="2020-06-22T14:14:51.0000000+02:00" testType="13cdc9d9-ddb5-4fa4-a97d-d965ccfc6d4b" outcome="Passed" testListId="8c84fa94-04c1-424b-9868-57a2d4851a1d" relativeResultsDirectory="946065d0-ac7c-431c-8b7e-0ec265877a00" />
    <UnitTestResult executionId="68311379-82b8-4762-8308-d3382d2da754" testId="7d5bc078-3ad1-6704-ebfc-1890dbc9df71" testName="TestConfigureWithValidConfigFile" computerName="AVDC720" duration="00:00:00.0000001" startTime="2020-06-22T14:14:51.0000000+02:00" endTime="2020-06-22T14:14:51.0000000+02:00" testType="13cdc9d9-ddb5-4fa4-a97d-d965ccfc6d4b" outcome="Passed" testListId="8c84fa94-04c1-424b-9868-57a2d4851a1d" relativeResultsDirectory="68311379-82b8-4762-8308-d3382d2da754" />
    <UnitTestResult executionId="ea4f024f-d64a-4fd0-9f27-f696c66aeb30" testId="fdaaee40-d5ec-3d57-52e3-ba061dbf8ab8" testName="Parse_DifferentEncodings_ParsesSuccessfully(&quot;JuvoPlayer.Tests.res.subtitles.subtitles_en.vtt&quot;,&quot;utf-8&quot;,&quot;A dangerous quest for a lone hunter.&quot;)" computerName="AVDC720" duration="00:00:00.0030000" startTime="2020-06-22T14:14:50.0000000+02:00" endTime="2020-06-22T14:14:50.0000000+02:00" testType="13cdc9d9-ddb5-4fa4-a97d-d965ccfc6d4b" outcome="Passed" testListId="8c84fa94-04c1-424b-9868-57a2d4851a1d" relativeResultsDirectory="ea4f024f-d64a-4fd0-9f27-f696c66aeb30" />
    <UnitTestResult executionId="cfbd39ba-d18f-4cf7-8636-1b1652cf830e" testId="2451296b-865e-f1ac-6397-248629b7319a" testName="Reset_Called_DeallocsAVFormatContext(ForUrl)" computerName="AVDC720" duration="00:00:00.0010000" startTime="2020-06-22T14:14:51.0000000+02:00" endTime="2020-06-22T14:14:51.0000000+02:00" testType="13cdc9d9-ddb5-4fa4-a97d-d965ccfc6d4b" outcome="Passed" testListId="8c84fa94-04c1-424b-9868-57a2d4851a1d" relativeResultsDirectory="cfbd39ba-d18f-4cf7-8636-1b1652cf830e" />
    <UnitTestResult executionId="164532ae-1b7d-4c37-9b98-3ab1d579285b" testId="79e155a0-4a41-3695-7dd9-360fb50ae27a" testName="ParseTime_TimeFormatIsInvalid_ThrowsFormatException(&quot;00:00:00:00.0&quot;)" computerName="AVDC720" duration="00:00:00.0000001" startTime="2020-06-22T14:14:52.0000000+02:00" endTime="2020-06-22T14:14:52.0000000+02:00" testType="13cdc9d9-ddb5-4fa4-a97d-d965ccfc6d4b" outcome="Passed" testListId="8c84fa94-04c1-424b-9868-57a2d4851a1d" relativeResultsDirectory="164532ae-1b7d-4c37-9b98-3ab1d579285b" />
    <UnitTestResult executionId="dd955daa-a149-4e10-9b47-6de4f9c98518" testId="d0f6acef-cfad-0d05-742a-6ff2e1b06efb" testName="GetStreamsDescription_ClipWithNoSubtitles_ReturnsEmptyList" computerName="AVDC720" duration="00:00:00.0080000" startTime="2020-06-22T14:14:51.0000000+02:00" endTime="2020-06-22T14:14:51.0000000+02:00" testType="13cdc9d9-ddb5-4fa4-a97d-d965ccfc6d4b" outcome="Passed" testListId="8c84fa94-04c1-424b-9868-57a2d4851a1d" relativeResultsDirectory="dd955daa-a149-4e10-9b47-6de4f9c98518" />
    <UnitTestResult executionId="6f9c9eaf-2e44-41bf-b379-e23f44e50e64" testId="b7eb0c33-690a-f384-4720-26ede54cd459" testName="GetScheme_InvalidSystemId_ReturnsUnknown" computerName="AVDC720" duration="00:00:00.0010000" startTime="2020-06-22T14:14:51.0000000+02:00" endTime="2020-06-22T14:14:51.0000000+02:00" testType="13cdc9d9-ddb5-4fa4-a97d-d965ccfc6d4b" outcome="Passed" testListId="8c84fa94-04c1-424b-9868-57a2d4851a1d" relativeResultsDirectory="6f9c9eaf-2e44-41bf-b379-e23f44e50e64" />
    <UnitTestResult executionId="9db56a3e-73a6-4639-9615-9b7aecc0728b" testId="d344b394-6cc8-3bd8-7dae-88c5607a157d" testName="Parse_DifferentEncodings_ParsesSuccessfully(&quot;JuvoPlayer.Tests.res.subtitles.media_player_subs_windows-1258.srt&quot;,&quot;windows-1258&quot;,&quot;[Vietnamese] 0.5: Àà Áá Ââ Ææ Çç Đđ Èè Ïï Ăă Ññ Ơơ Øø Ưư ₫ £ €&quot;)" computerName="AVDC720" duration="00:00:00.0010000" startTime="2020-06-22T14:14:50.0000000+02:00" endTime="2020-06-22T14:14:50.0000000+02:00" testType="13cdc9d9-ddb5-4fa4-a97d-d965ccfc6d4b" outcome="Passed" testListId="8c84fa94-04c1-424b-9868-57a2d4851a1d" relativeResultsDirectory="9db56a3e-73a6-4639-9615-9b7aecc0728b" />
    <UnitTestResult executionId="1de854d1-cd46-4f12-b2e3-c78f8a9a92cc" testId="8783796f-a651-a81b-ada6-5919643ee00e" testName="Reset_CalledAfterBarrierIsReached_ResetsBarrier" computerName="AVDC720" duration="00:00:00.0000001" startTime="2020-06-22T14:14:52.0000000+02:00" endTime="2020-06-22T14:14:52.0000000+02:00" testType="13cdc9d9-ddb5-4fa4-a97d-d965ccfc6d4b" outcome="Passed" testListId="8c84fa94-04c1-424b-9868-57a2d4851a1d" relativeResultsDirectory="1de854d1-cd46-4f12-b2e3-c78f8a9a92cc" />
    <UnitTestResult executionId="fdaaeab6-b4f0-4f97-9cb9-80752fe570b0" testId="308c0503-5aa8-3cad-0410-698b5f3745ae" testName="Compare_VariousTimes_ReturnsExpectedValues(20,1)" computerName="AVDC720" duration="00:00:00.0000001" startTime="2020-06-22T14:14:51.0000000+02:00" endTime="2020-06-22T14:14:51.0000000+02:00" testType="13cdc9d9-ddb5-4fa4-a97d-d965ccfc6d4b" outcome="Passed" testListId="8c84fa94-04c1-424b-9868-57a2d4851a1d" relativeResultsDirectory="fdaaeab6-b4f0-4f97-9cb9-80752fe570b0" />
    <UnitTestResult executionId="5ec243ff-7114-4766-9ee2-bda3008be806" testId="a350e347-16d8-e1df-3789-caee1e50cb04" testName="Parse_DifferentEncodings_ParsesSuccessfully(&quot;JuvoPlayer.Tests.res.subtitles.media_player_subs_big5.srt&quot;,&quot;big5&quot;,&quot;[Chinese Traditional] 3.0: 她有一隻貓。貓有皮毛&quot;)" computerName="AVDC720" duration="00:00:00.0050000" startTime="2020-06-22T14:14:50.0000000+02:00" endTime="2020-06-22T14:14:50.0000000+02:00" testType="13cdc9d9-ddb5-4fa4-a97d-d965ccfc6d4b" outcome="Passed" testListId="8c84fa94-04c1-424b-9868-57a2d4851a1d" relativeResultsDirectory="5ec243ff-7114-4766-9ee2-bda3008be806" />
    <UnitTestResult executionId="b4b6630d-de75-4dfd-8dbe-7d3e77001fa2" testId="14b24806-a082-47eb-f4a4-0872c3c59611" testName="Start_DRMInitDataFound_PublishesDRMInitData(StartForEs)" computerName="AVDC720" duration="00:00:00.0040000" startTime="2020-06-22T14:14:51.0000000+02:00" endTime="2020-06-22T14:14:51.0000000+02:00" testType="13cdc9d9-ddb5-4fa4-a97d-d965ccfc6d4b" outcome="Passed" testListId="8c84fa94-04c1-424b-9868-57a2d4851a1d" relativeResultsDirectory="b4b6630d-de75-4dfd-8dbe-7d3e77001fa2" />
    <UnitTestResult executionId="312f5ffc-39bc-4910-842d-40b85bdea437" testId="ce01ebcc-a3b9-cf57-b548-3aec0795ebd5" testName="Reached_CalledBeforeFirstPacket_ThrowsInvalidOperationException" computerName="AVDC720" duration="00:00:00.0010000" startTime="2020-06-22T14:14:52.0000000+02:00" endTime="2020-06-22T14:14:52.0000000+02:00" testType="13cdc9d9-ddb5-4fa4-a97d-d965ccfc6d4b" outcome="Passed" testListId="8c84fa94-04c1-424b-9868-57a2d4851a1d" relativeResultsDirectory="312f5ffc-39bc-4910-842d-40b85bdea437" />
    <UnitTestResult executionId="805619f0-6399-4876-9737-0fc48adb0769" testId="9d43c9dd-9ed0-37ad-3810-cd0fa27c1b3a" testName="Compare_VariousTimes_ReturnsExpectedValues(25,1)" computerName="AVDC720" duration="00:00:00.0000001" startTime="2020-06-22T14:14:51.0000000+02:00" endTime="2020-06-22T14:14:51.0000000+02:00" testType="13cdc9d9-ddb5-4fa4-a97d-d965ccfc6d4b" outcome="Passed" testListId="8c84fa94-04c1-424b-9868-57a2d4851a1d" relativeResultsDirectory="805619f0-6399-4876-9737-0fc48adb0769" />
    <UnitTestResult executionId="90602719-6eb4-4cb6-a7ee-8fb920a0169f" testId="a659b756-6e9d-b19a-f709-878e64441c5e" testName="ParseTime_TimeFormatIsValid_ParsesSuccessfully(&quot;9999:01:18.171&quot;,9999,1,18,171)" computerName="AVDC720" duration="00:00:00.0000001" startTime="2020-06-22T14:14:52.0000000+02:00" endTime="2020-06-22T14:14:52.0000000+02:00" testType="13cdc9d9-ddb5-4fa4-a97d-d965ccfc6d4b" outcome="Passed" testListId="8c84fa94-04c1-424b-9868-57a2d4851a1d" relativeResultsDirectory="90602719-6eb4-4cb6-a7ee-8fb920a0169f" />
    <UnitTestResult executionId="07daee2d-9e06-4c34-baad-7bd7941d7bd9" testId="6da6330c-b6fa-01a4-6fe8-ff39b10cad90" testName="Init_ClipDurationAvailable_ReturnsDuration(ForUrl)" computerName="AVDC720" duration="00:00:00.0010000" startTime="2020-06-22T14:14:51.0000000+02:00" endTime="2020-06-22T14:14:51.0000000+02:00" testType="13cdc9d9-ddb5-4fa4-a97d-d965ccfc6d4b" outcome="Passed" testListId="8c84fa94-04c1-424b-9868-57a2d4851a1d" relativeResultsDirectory="07daee2d-9e06-4c34-baad-7bd7941d7bd9" />
    <UnitTestResult executionId="4f817a1e-0361-41d3-8acb-aa9b82d8b8ba" testId="082e2fa9-eb0e-43b2-8e14-8ef9bd55403d" testName="OnAppendPacket_WhenPacketTypeIsInvalid_ThrowsArgumentException" computerName="AVDC720" duration="00:00:00.0010000" startTime="2020-06-22T14:14:52.0000000+02:00" endTime="2020-06-22T14:14:52.0000000+02:00" testType="13cdc9d9-ddb5-4fa4-a97d-d965ccfc6d4b" outcome="Passed" testListId="8c84fa94-04c1-424b-9868-57a2d4851a1d" relativeResultsDirectory="4f817a1e-0361-41d3-8acb-aa9b82d8b8ba" />
    <UnitTestResult executionId="3fd45a6f-4699-403f-8e73-305e3d7af8eb" testId="3f7ea52d-8fbc-14ce-b76b-689a6ecb938b" testName="ParseTime_WhenTimeFormatIsInvalid_ThrowsFormatException(&quot;&quot;)" computerName="AVDC720" duration="00:00:00.0000001" startTime="2020-06-22T14:14:52.0000000+02:00" endTime="2020-06-22T14:14:52.0000000+02:00" testType="13cdc9d9-ddb5-4fa4-a97d-d965ccfc6d4b" outcome="Passed" testListId="8c84fa94-04c1-424b-9868-57a2d4851a1d" relativeResultsDirectory="3fd45a6f-4699-403f-8e73-305e3d7af8eb" />
    <UnitTestResult executionId="c14dc07b-a4b3-4ee5-8ad7-6a59ca8ab279" testId="f3e08194-d050-86f4-49c6-9c623a6c25ea" testName="ParseTimeLine_WhenLineIsInvalid_ThrowsFormatException(&quot;&quot;)" computerName="AVDC720" duration="00:00:00.0000001" startTime="2020-06-22T14:14:52.0000000+02:00" endTime="2020-06-22T14:14:52.0000000+02:00" testType="13cdc9d9-ddb5-4fa4-a97d-d965ccfc6d4b" outcome="Passed" testListId="8c84fa94-04c1-424b-9868-57a2d4851a1d" relativeResultsDirectory="c14dc07b-a4b3-4ee5-8ad7-6a59ca8ab279" />
    <UnitTestResult executionId="b3617001-0500-4540-acbb-cec0c314102a" testId="c78e9722-6d02-3845-ccf5-7d0c55504ab1" testName="DEBUG_MpdParser" computerName="AVDC720" duration="00:00:00.0040000" startTime="2020-06-22T14:14:50.0000000+02:00" endTime="2020-06-22T14:14:50.0000000+02:00" testType="13cdc9d9-ddb5-4fa4-a97d-d965ccfc6d4b" outcome="NotExecuted" testListId="8c84fa94-04c1-424b-9868-57a2d4851a1d" relativeResultsDirectory="b3617001-0500-4540-acbb-cec0c314102a">
      <Output>
        <ErrorInfo>
          <Message>Disabled temporarily</Message>
        </ErrorInfo>
      </Output>
    </UnitTestResult>
    <UnitTestResult executionId="a522be13-a69a-488a-b563-b5ab7c0cdb0f" testId="b5d74e53-26e8-fd8a-6e3c-c86cfe8ea12c" testName="Seek_Called_ListensForEos" computerName="AVDC720" duration="00:00:00.0020000" startTime="2020-06-22T14:14:51.0000000+02:00" endTime="2020-06-22T14:14:51.0000000+02:00" testType="13cdc9d9-ddb5-4fa4-a97d-d965ccfc6d4b" outcome="Passed" testListId="8c84fa94-04c1-424b-9868-57a2d4851a1d" relativeResultsDirectory="a522be13-a69a-488a-b563-b5ab7c0cdb0f" />
    <UnitTestResult executionId="b253079e-53f3-41ba-8498-6c64201abea4" testId="843772ee-7171-937b-ee83-555f894077cb" testName="PacketReady_DemuxerSendsNullPacket_ProducesEOSPackets" computerName="AVDC720" duration="00:00:00.0390000" startTime="2020-06-22T14:14:51.0000000+02:00" endTime="2020-06-22T14:14:51.0000000+02:00" testType="13cdc9d9-ddb5-4fa4-a97d-d965ccfc6d4b" outcome="Passed" testListId="8c84fa94-04c1-424b-9868-57a2d4851a1d" relativeResultsDirectory="b253079e-53f3-41ba-8498-6c64201abea4" />
    <UnitTestResult executionId="a06a2dc6-e788-445a-8928-9afadbfd7172" testId="7d1053d3-3965-5046-05f3-5d8a55de4e4c" testName="Serialization_OperationSerialized_DeserializedProperly(JuvoPlayer.Tests.Utils.StartOperation)" computerName="AVDC720" duration="00:00:00.0000001" startTime="2020-06-22T14:14:50.0000000+02:00" endTime="2020-06-22T14:14:50.0000000+02:00" testType="13cdc9d9-ddb5-4fa4-a97d-d965ccfc6d4b" outcome="Passed" testListId="8c84fa94-04c1-424b-9868-57a2d4851a1d" relativeResultsDirectory="a06a2dc6-e788-445a-8928-9afadbfd7172" />
    <UnitTestResult executionId="68d3021c-23df-41ad-bac3-727a0ceacd5f" testId="4131df9f-9d50-eb51-fb6f-119ab1926039" testName="TakeAsync_TokenCancelled_ThrowsTaskCanceledException" computerName="AVDC720" duration="00:00:00.0040000" startTime="2020-06-22T14:14:51.0000000+02:00" endTime="2020-06-22T14:14:51.0000000+02:00" testType="13cdc9d9-ddb5-4fa4-a97d-d965ccfc6d4b" outcome="Passed" testListId="8c84fa94-04c1-424b-9868-57a2d4851a1d" relativeResultsDirectory="68d3021c-23df-41ad-bac3-727a0ceacd5f" />
    <UnitTestResult executionId="15ab7d73-5f04-4ec9-ad45-2d9bd208844e" testId="9a9661dd-36b6-16db-2f09-bd73c6ac6d68" testName="ParseText_TextHasTwoLines_ReturnsTextWithTwoSeparatedLines" computerName="AVDC720" duration="00:00:00.0010000" startTime="2020-06-22T14:14:52.0000000+02:00" endTime="2020-06-22T14:14:52.0000000+02:00" testType="13cdc9d9-ddb5-4fa4-a97d-d965ccfc6d4b" outcome="Passed" testListId="8c84fa94-04c1-424b-9868-57a2d4851a1d" relativeResultsDirectory="15ab7d73-5f04-4ec9-ad45-2d9bd208844e" />
    <UnitTestResult executionId="879e2092-19a3-4868-9148-550a08274a56" testId="757b9a3e-991f-064f-0f95-6721183441ff" testName="Get_ValidKey_ReturnsCue" computerName="AVDC720" duration="00:00:00.0000001" startTime="2020-06-22T14:14:51.0000000+02:00" endTime="2020-06-22T14:14:51.0000000+02:00" testType="13cdc9d9-ddb5-4fa4-a97d-d965ccfc6d4b" outcome="Passed" testListId="8c84fa94-04c1-424b-9868-57a2d4851a1d" relativeResultsDirectory="879e2092-19a3-4868-9148-550a08274a56" />
    <UnitTestResult executionId="4a3e0786-050a-4355-b6a9-bbae2d2c5dd7" testId="83e5bca1-3234-f540-991c-2f3a40248a15" testName="ParseTime_WhenTimeIsValid_ParsesSuccessfully" computerName="AVDC720" duration="00:00:00.0000001" startTime="2020-06-22T14:14:52.0000000+02:00" endTime="2020-06-22T14:14:52.0000000+02:00" testType="13cdc9d9-ddb5-4fa4-a97d-d965ccfc6d4b" outcome="Passed" testListId="8c84fa94-04c1-424b-9868-57a2d4851a1d" relativeResultsDirectory="4a3e0786-050a-4355-b6a9-bbae2d2c5dd7" />
    <UnitTestResult executionId="cd565ed1-aa0b-44ef-8a9c-5556e96a2dc4" testId="66c7aa12-2df2-fe1f-0f30-30b43cfdd6b4" testName="Pause_Called_DoesntRetrieveNextPacket(StartForUrl)" computerName="AVDC720" duration="00:00:00.0020000" startTime="2020-06-22T14:14:51.0000000+02:00" endTime="2020-06-22T14:14:51.0000000+02:00" testType="13cdc9d9-ddb5-4fa4-a97d-d965ccfc6d4b" outcome="Passed" testListId="8c84fa94-04c1-424b-9868-57a2d4851a1d" relativeResultsDirectory="cd565ed1-aa0b-44ef-8a9c-5556e96a2dc4" />
    <UnitTestResult executionId="edfbce80-bcc1-48c8-8d9f-c633d7ef773f" testId="8d86425c-9966-faa7-aa49-ad14ec445516" testName="ParseTime_WhenTimeFormatIsInvalid_ThrowsFormatException(&quot;25.02.17.440&quot;)" computerName="AVDC720" duration="00:00:00.0000001" startTime="2020-06-22T14:14:52.0000000+02:00" endTime="2020-06-22T14:14:52.0000000+02:00" testType="13cdc9d9-ddb5-4fa4-a97d-d965ccfc6d4b" outcome="Passed" testListId="8c84fa94-04c1-424b-9868-57a2d4851a1d" relativeResultsDirectory="edfbce80-bcc1-48c8-8d9f-c633d7ef773f" />
    <UnitTestResult executionId="a3e81deb-8e15-476a-864c-08146fc6c381" testId="14bf11d8-cd56-b03e-b93b-91e02f6e5782" testName="ParseTimeLine_WhenLineIsInvalid_ThrowsFormatException(&quot;00:02:17,440 --&gt;&quot;)" computerName="AVDC720" duration="00:00:00.0000001" startTime="2020-06-22T14:14:52.0000000+02:00" endTime="2020-06-22T14:14:52.0000000+02:00" testType="13cdc9d9-ddb5-4fa4-a97d-d965ccfc6d4b" outcome="Passed" testListId="8c84fa94-04c1-424b-9868-57a2d4851a1d" relativeResultsDirectory="a3e81deb-8e15-476a-864c-08146fc6c381" />
    <UnitTestResult executionId="7a6c4196-6563-45f9-beea-681b8b4aa2da" testId="8b5ade29-f79f-4071-809a-b5dffc281389" testName="ParseTimeLine_TimeLineIsInvalid_ThrowsFormatException(&quot;01:18.171 -- 01:20.171&quot;)" computerName="AVDC720" duration="00:00:00.0000001" startTime="2020-06-22T14:14:52.0000000+02:00" endTime="2020-06-22T14:14:52.0000000+02:00" testType="13cdc9d9-ddb5-4fa4-a97d-d965ccfc6d4b" outcome="Passed" testListId="8c84fa94-04c1-424b-9868-57a2d4851a1d" relativeResultsDirectory="7a6c4196-6563-45f9-beea-681b8b4aa2da" />
    <UnitTestResult executionId="f66b1e11-292d-42b8-9f89-1487c1c402cc" testId="f81baf0f-ead9-5f35-fa39-b734665fe9b1" testName="Reached_SecondPacketDoesntReachBarrier_BarrierIsNotReached" computerName="AVDC720" duration="00:00:00.0000001" startTime="2020-06-22T14:14:52.0000000+02:00" endTime="2020-06-22T14:14:52.0000000+02:00" testType="13cdc9d9-ddb5-4fa4-a97d-d965ccfc6d4b" outcome="Passed" testListId="8c84fa94-04c1-424b-9868-57a2d4851a1d" relativeResultsDirectory="f66b1e11-292d-42b8-9f89-1487c1c402cc" />
    <UnitTestResult executionId="012643a6-afc2-434d-9419-6f8611cd98ed" testId="34dfc2c1-12c5-e35a-2da9-15862f421a1f" testName="TestConfigureWithDefaultLevels" computerName="AVDC720" duration="00:00:00.0000001" startTime="2020-06-22T14:14:51.0000000+02:00" endTime="2020-06-22T14:14:51.0000000+02:00" testType="13cdc9d9-ddb5-4fa4-a97d-d965ccfc6d4b" outcome="Passed" testListId="8c84fa94-04c1-424b-9868-57a2d4851a1d" relativeResultsDirectory="012643a6-afc2-434d-9419-6f8611cd98ed" />
    <UnitTestResult executionId="94794e3c-c0a1-4422-a06f-bdea6fd81c5b" testId="17fa2bb9-6058-ffa9-3803-d58553ec74eb" testName="End_LessThanBegin_ThrowsArgumentException" computerName="AVDC720" duration="00:00:00.0010000" startTime="2020-06-22T14:14:51.0000000+02:00" endTime="2020-06-22T14:14:51.0000000+02:00" testType="13cdc9d9-ddb5-4fa4-a97d-d965ccfc6d4b" outcome="Passed" testListId="8c84fa94-04c1-424b-9868-57a2d4851a1d" relativeResultsDirectory="94794e3c-c0a1-4422-a06f-bdea6fd81c5b" />
    <UnitTestResult executionId="66314287-0729-407b-813a-220141388942" testId="3007bb0c-41a6-c578-20f7-6fe2cf8444cb" testName="GetDrmType_ValidType_ReturnsValid(&quot;widevine&quot;,Widevine)" computerName="AVDC720" duration="00:00:00.0000001" startTime="2020-06-22T14:14:51.0000000+02:00" endTime="2020-06-22T14:14:51.0000000+02:00" testType="13cdc9d9-ddb5-4fa4-a97d-d965ccfc6d4b" outcome="Passed" testListId="8c84fa94-04c1-424b-9868-57a2d4851a1d" relativeResultsDirectory="66314287-0729-407b-813a-220141388942" />
    <UnitTestResult executionId="ccb0c643-8f33-422b-bc0a-bc7621d81e5a" testId="6fac98b9-fc8f-ded6-86b3-b3150632ee5f" testName="Load_PathPointsToNetworkResource_LoadsAsNetworkResource(&quot;http://valid_http_uri&quot;)" computerName="AVDC720" duration="00:00:00.0130000" startTime="2020-06-22T14:14:52.0000000+02:00" endTime="2020-06-22T14:14:52.0000000+02:00" testType="13cdc9d9-ddb5-4fa4-a97d-d965ccfc6d4b" outcome="Passed" testListId="8c84fa94-04c1-424b-9868-57a2d4851a1d" relativeResultsDirectory="ccb0c643-8f33-422b-bc0a-bc7621d81e5a" />
    <UnitTestResult executionId="2a05e450-b079-4dc7-9ca2-284ce3a7df71" testId="f7156c87-b8b9-0e61-1608-47647affb3d9" testName="Serialization_AllOperationsSerialized_DeserializedProperly" computerName="AVDC720" duration="00:00:00.0940000" startTime="2020-06-22T14:14:50.0000000+02:00" endTime="2020-06-22T14:14:50.0000000+02:00" testType="13cdc9d9-ddb5-4fa4-a97d-d965ccfc6d4b" outcome="Passed" testListId="8c84fa94-04c1-424b-9868-57a2d4851a1d" relativeResultsDirectory="2a05e450-b079-4dc7-9ca2-284ce3a7df71" />
    <UnitTestResult executionId="57c5970c-3e4d-430c-b088-e1284b5a04c7" testId="97595e50-425c-1bd9-270d-ac32868fdf2d" testName="Init_StreamConfigAvailable_ReturnsStreamConfig(ForEs)" computerName="AVDC720" duration="00:00:00.0040000" startTime="2020-06-22T14:14:51.0000000+02:00" endTime="2020-06-22T14:14:51.0000000+02:00" testType="13cdc9d9-ddb5-4fa4-a97d-d965ccfc6d4b" outcome="Passed" testListId="8c84fa94-04c1-424b-9868-57a2d4851a1d" relativeResultsDirectory="57c5970c-3e4d-430c-b088-e1284b5a04c7" />
    <UnitTestResult executionId="575a3e11-3e44-4ccc-ae1a-5ffe652a8a35" testId="5ca64586-df96-c4e0-6cbd-c37e2176547b" testName="DeserializeJsonText_ThrowsInvalid" computerName="AVDC720" duration="00:00:00.0040000" startTime="2020-06-22T14:14:50.0000000+02:00" endTime="2020-06-22T14:14:50.0000000+02:00" testType="13cdc9d9-ddb5-4fa4-a97d-d965ccfc6d4b" outcome="Passed" testListId="8c84fa94-04c1-424b-9868-57a2d4851a1d" relativeResultsDirectory="575a3e11-3e44-4ccc-ae1a-5ffe652a8a35" />
    <UnitTestResult executionId="1f603ba6-407a-4cbf-8fce-928fe0a624a0" testId="29bfe808-3bba-cdc2-53ed-a6509a64d330" testName="Start_DemuxerInitFails_PublishesDemuxerError(StartForUrl)" computerName="AVDC720" duration="00:00:00.0000001" startTime="2020-06-22T14:14:51.0000000+02:00" endTime="2020-06-22T14:14:51.0000000+02:00" testType="13cdc9d9-ddb5-4fa4-a97d-d965ccfc6d4b" outcome="Passed" testListId="8c84fa94-04c1-424b-9868-57a2d4851a1d" relativeResultsDirectory="1f603ba6-407a-4cbf-8fce-928fe0a624a0" />
    <UnitTestResult executionId="8cb7250d-5100-478d-b5f7-af7fe9856621" testId="09021642-119b-2b6e-4751-93eb7ddbf929" testName="GetDrmType_InvalidType_ReturnsUnknown" computerName="AVDC720" duration="00:00:00.0040000" startTime="2020-06-22T14:14:51.0000000+02:00" endTime="2020-06-22T14:14:51.0000000+02:00" testType="13cdc9d9-ddb5-4fa4-a97d-d965ccfc6d4b" outcome="Passed" testListId="8c84fa94-04c1-424b-9868-57a2d4851a1d" relativeResultsDirectory="8cb7250d-5100-478d-b5f7-af7fe9856621" />
    <UnitTestResult executionId="b2672a2e-a59a-4052-86d8-96f3b5ed262a" testId="0d5e9659-8752-ad65-3659-a1154060e2e0" testName="Start_StreamConfigFound_PublishesStreamConfig(StartForEs)" computerName="AVDC720" duration="00:00:00.0040000" startTime="2020-06-22T14:14:51.0000000+02:00" endTime="2020-06-22T14:14:51.0000000+02:00" testType="13cdc9d9-ddb5-4fa4-a97d-d965ccfc6d4b" outcome="Passed" testListId="8c84fa94-04c1-424b-9868-57a2d4851a1d" relativeResultsDirectory="b2672a2e-a59a-4052-86d8-96f3b5ed262a" />
    <UnitTestResult executionId="fdce756c-fe61-41ca-adb5-dc9c36f98161" testId="b514154e-fcf9-e8b7-b0ab-c1233ec7970b" testName="End_EqualsBegin_ThrowsArgumentException" computerName="AVDC720" duration="00:00:00.0010000" startTime="2020-06-22T14:14:51.0000000+02:00" endTime="2020-06-22T14:14:51.0000000+02:00" testType="13cdc9d9-ddb5-4fa4-a97d-d965ccfc6d4b" outcome="Passed" testListId="8c84fa94-04c1-424b-9868-57a2d4851a1d" relativeResultsDirectory="fdce756c-fe61-41ca-adb5-dc9c36f98161" />
    <UnitTestResult executionId="d1fe06a3-65b8-4fdf-9e8b-572b229d3236" testId="800df5e6-2778-4289-fb38-2692d926e438" testName="Take_MultipleTakes_ProperlyReturnsData" computerName="AVDC720" duration="00:00:00.0000001" startTime="2020-06-22T14:14:51.0000000+02:00" endTime="2020-06-22T14:14:51.0000000+02:00" testType="13cdc9d9-ddb5-4fa4-a97d-d965ccfc6d4b" outcome="Passed" testListId="8c84fa94-04c1-424b-9868-57a2d4851a1d" relativeResultsDirectory="d1fe06a3-65b8-4fdf-9e8b-572b229d3236" />
    <UnitTestResult executionId="9e8f5336-0df5-47e9-9647-de34107f0aa3" testId="7a04701a-199d-8dcd-efe9-bb7e5f52c2c3" testName="Parse_DifferentEncodings_ParsesSuccessfully(&quot;JuvoPlayer.Tests.res.subtitles.media_player_subs_gb2312.srt&quot;,&quot;gb2312&quot;,&quot;[Chinese Simplified] 4.5: 她有一只猫.猫的皮毛有&quot;)" computerName="AVDC720" duration="00:00:00.0040000" startTime="2020-06-22T14:14:50.0000000+02:00" endTime="2020-06-22T14:14:50.0000000+02:00" testType="13cdc9d9-ddb5-4fa4-a97d-d965ccfc6d4b" outcome="Passed" testListId="8c84fa94-04c1-424b-9868-57a2d4851a1d" relativeResultsDirectory="9e8f5336-0df5-47e9-9647-de34107f0aa3" />
    <UnitTestResult executionId="ded93ad2-2ff5-445d-b152-1febc6c1be33" testId="a6d0eb97-9095-37a6-7ebf-53f8881d60f0" testName="GetDrmType_ValidType_ReturnsValid(&quot;playready&quot;,PlayReady)" computerName="AVDC720" duration="00:00:00.0000001" startTime="2020-06-22T14:14:51.0000000+02:00" endTime="2020-06-22T14:14:51.0000000+02:00" testType="13cdc9d9-ddb5-4fa4-a97d-d965ccfc6d4b" outcome="Passed" testListId="8c84fa94-04c1-424b-9868-57a2d4851a1d" relativeResultsDirectory="ded93ad2-2ff5-445d-b152-1febc6c1be33" />
    <UnitTestResult executionId="93a04fb3-328d-4159-975e-2b3cddef6a0a" testId="387dafbc-f6b1-0e58-56ab-e371f4acda38" testName="Start_PacketDemuxed_PublishesPacket(StartForUrl)" computerName="AVDC720" duration="00:00:00.0010000" startTime="2020-06-22T14:14:51.0000000+02:00" endTime="2020-06-22T14:14:51.0000000+02:00" testType="13cdc9d9-ddb5-4fa4-a97d-d965ccfc6d4b" outcome="Passed" testListId="8c84fa94-04c1-424b-9868-57a2d4851a1d" relativeResultsDirectory="93a04fb3-328d-4159-975e-2b3cddef6a0a" />
    <UnitTestResult executionId="dda7c837-0695-4a54-8fd6-6994105db62d" testId="ecb58899-c328-f985-2c0b-ed632069fc86" testName="ParseTime_TimeFormatIsInvalid_ThrowsFormatException(&quot;0,0,0.0&quot;)" computerName="AVDC720" duration="00:00:00.0000001" startTime="2020-06-22T14:14:52.0000000+02:00" endTime="2020-06-22T14:14:52.0000000+02:00" testType="13cdc9d9-ddb5-4fa4-a97d-d965ccfc6d4b" outcome="Passed" testListId="8c84fa94-04c1-424b-9868-57a2d4851a1d" relativeResultsDirectory="dda7c837-0695-4a54-8fd6-6994105db62d" />
    <UnitTestResult executionId="e3aa1c3f-20c9-400d-bfe8-f83e98ff13e1" testId="300838be-4f51-a4d3-86e3-26fa36f90ffb" testName="DeserializeJsonFile_ThrowsNull" computerName="AVDC720" duration="00:00:00.0010000" startTime="2020-06-22T14:14:50.0000000+02:00" endTime="2020-06-22T14:14:50.0000000+02:00" testType="13cdc9d9-ddb5-4fa4-a97d-d965ccfc6d4b" outcome="Passed" testListId="8c84fa94-04c1-424b-9868-57a2d4851a1d" relativeResultsDirectory="e3aa1c3f-20c9-400d-bfe8-f83e98ff13e1" />
    <UnitTestResult executionId="ca6b9d73-4f4c-4142-9405-4d827aee4646" testId="fd067bbf-348e-1b3b-3bb2-93d8b6657abe" testName="ParseTimeLine_TimeLineIsValid_ParsesSuccessfully(&quot;01:18.171 --&gt; 01:20.171 position:10%,line-left align:left size:35%&quot;)" computerName="AVDC720" duration="00:00:00.0010000" startTime="2020-06-22T14:14:52.0000000+02:00" endTime="2020-06-22T14:14:52.0000000+02:00" testType="13cdc9d9-ddb5-4fa4-a97d-d965ccfc6d4b" outcome="Passed" testListId="8c84fa94-04c1-424b-9868-57a2d4851a1d" relativeResultsDirectory="ca6b9d73-4f4c-4142-9405-4d827aee4646" />
    <UnitTestResult executionId="bdeba0bc-56a7-4f72-8b52-2e0498352eb8" testId="231edfdb-78fe-7971-98f1-f1ed15c7b9ce" testName="Parse_DifferentEncodings_ParsesSuccessfully(&quot;JuvoPlayer.Tests.res.subtitles.media_player_subs_windows-1255.srt&quot;,&quot;windows-1255&quot;,&quot;[Herbrew] 3.0: ₪ װױ  אבג דהוז חטיכ ל ר ¡ ¿ § µ ¾ ¥&quot;)" computerName="AVDC720" duration="00:00:00.0010000" startTime="2020-06-22T14:14:50.0000000+02:00" endTime="2020-06-22T14:14:50.0000000+02:00" testType="13cdc9d9-ddb5-4fa4-a97d-d965ccfc6d4b" outcome="Passed" testListId="8c84fa94-04c1-424b-9868-57a2d4851a1d" relativeResultsDirectory="bdeba0bc-56a7-4f72-8b52-2e0498352eb8" />
    <UnitTestResult executionId="6684366d-30aa-41bd-84e9-4ebd1ca4417f" testId="5aba6d27-4c6f-ae2f-cf75-baaf7277a3aa" testName="Init_CalledSecondTime_ThrowsInvalidOperationException(ForUrl)" computerName="AVDC720" duration="00:00:00.0030000" startTime="2020-06-22T14:14:51.0000000+02:00" endTime="2020-06-22T14:14:51.0000000+02:00" testType="13cdc9d9-ddb5-4fa4-a97d-d965ccfc6d4b" outcome="Passed" testListId="8c84fa94-04c1-424b-9868-57a2d4851a1d" relativeResultsDirectory="6684366d-30aa-41bd-84e9-4ebd1ca4417f" />
    <UnitTestResult executionId="f09341c5-9977-4320-ac86-15007d8f0545" testId="63887502-2290-59ec-06c5-74675818419c" testName="OnStreamConfigChanged_WhenStreamConfigIsNull_ThrowsArgumentNullException" computerName="AVDC720" duration="00:00:00.0010000" startTime="2020-06-22T14:14:52.0000000+02:00" endTime="2020-06-22T14:14:52.0000000+02:00" testType="13cdc9d9-ddb5-4fa4-a97d-d965ccfc6d4b" outcome="Passed" testListId="8c84fa94-04c1-424b-9868-57a2d4851a1d" relativeResultsDirectory="f09341c5-9977-4320-ac86-15007d8f0545" />
    <UnitTestResult executionId="cc821467-ab0d-4626-8cfa-1cfd31348c6f" testId="828833e5-ad1d-39c6-9465-e9a534d931b4" testName="ParseTimeLine_TimeLineIsInvalid_ThrowsFormatException(null)" computerName="AVDC720" duration="00:00:00.0010000" startTime="2020-06-22T14:14:52.0000000+02:00" endTime="2020-06-22T14:14:52.0000000+02:00" testType="13cdc9d9-ddb5-4fa4-a97d-d965ccfc6d4b" outcome="Passed" testListId="8c84fa94-04c1-424b-9868-57a2d4851a1d" relativeResultsDirectory="cc821467-ab0d-4626-8cfa-1cfd31348c6f" />
    <UnitTestResult executionId="a2a8e00e-4226-47fa-8f1d-be9c063d8073" testId="bd93227b-c515-27be-ca4c-f543b843cc7e" testName="Parse_DifferentEncodings_ParsesSuccessfully(&quot;JuvoPlayer.Tests.res.subtitles.media_player_subs_windows-1254.srt&quot;,&quot;windows-1254&quot;,&quot;[Turkish] 3.5: Çç Ğğ Öö Üü Şş ¡ ¿ § µ ¾&quot;)" computerName="AVDC720" duration="00:00:00.0010000" startTime="2020-06-22T14:14:50.0000000+02:00" endTime="2020-06-22T14:14:50.0000000+02:00" testType="13cdc9d9-ddb5-4fa4-a97d-d965ccfc6d4b" outcome="Passed" testListId="8c84fa94-04c1-424b-9868-57a2d4851a1d" relativeResultsDirectory="a2a8e00e-4226-47fa-8f1d-be9c063d8073" />
    <UnitTestResult executionId="d741ae43-9fd9-4fe9-8ee4-77df186fd921" testId="9cc3315d-ab2d-0d5c-5fc9-8503edd24a84" testName="CreateDataProvider_OK" computerName="AVDC720" duration="00:00:00.0390000" startTime="2020-06-22T14:14:50.0000000+02:00" endTime="2020-06-22T14:14:51.0000000+02:00" testType="13cdc9d9-ddb5-4fa4-a97d-d965ccfc6d4b" outcome="Passed" testListId="8c84fa94-04c1-424b-9868-57a2d4851a1d" relativeResultsDirectory="d741ae43-9fd9-4fe9-8ee4-77df186fd921" />
    <UnitTestResult executionId="43c98356-bbe7-4eeb-a510-fc69f6da624d" testId="c2da144b-378e-b165-a41b-7b65e6d54970" testName="DeserializeJsonText_OK" computerName="AVDC720" duration="00:00:00.0380000" startTime="2020-06-22T14:14:50.0000000+02:00" endTime="2020-06-22T14:14:50.0000000+02:00" testType="13cdc9d9-ddb5-4fa4-a97d-d965ccfc6d4b" outcome="Passed" testListId="8c84fa94-04c1-424b-9868-57a2d4851a1d" relativeResultsDirectory="43c98356-bbe7-4eeb-a510-fc69f6da624d" />
    <UnitTestResult executionId="2a8ccae6-55dd-4df6-ba0f-3292c3b1dd0d" testId="c6b41802-25fd-66eb-f1c3-47cfda11148b" testName="Parse_DifferentEncodings_ParsesSuccessfully(&quot;JuvoPlayer.Tests.res.subtitles.media_player_subs_windows-1250.srt&quot;,&quot;windows-1250&quot;,&quot;[Central Europe] 2.5: Ąą Ćć Ęę Łł Ńń Óó Śś Źź Żż&quot;)" computerName="AVDC720" duration="00:00:00.0390000" startTime="2020-06-22T14:14:50.0000000+02:00" endTime="2020-06-22T14:14:50.0000000+02:00" testType="13cdc9d9-ddb5-4fa4-a97d-d965ccfc6d4b" outcome="Passed" testListId="8c84fa94-04c1-424b-9868-57a2d4851a1d" relativeResultsDirectory="2a8ccae6-55dd-4df6-ba0f-3292c3b1dd0d" />
    <UnitTestResult executionId="36a28a54-78da-4811-8c2b-d4a3782fe305" testId="d92b4795-1b5e-a5e3-4306-d72267a0cfd6" testName="ParseTimeLine_TimeLineIsValid_ParsesSuccessfully(&quot;01:18.171 --&gt; 01:20.171&quot;)" computerName="AVDC720" duration="00:00:00.0100000" startTime="2020-06-22T14:14:52.0000000+02:00" endTime="2020-06-22T14:14:52.0000000+02:00" testType="13cdc9d9-ddb5-4fa4-a97d-d965ccfc6d4b" outcome="Passed" testListId="8c84fa94-04c1-424b-9868-57a2d4851a1d" relativeResultsDirectory="36a28a54-78da-4811-8c2b-d4a3782fe305" />
    <UnitTestResult executionId="193a2c3c-24ea-4ae4-9b63-a008cb8506c1" testId="d85db656-22e2-d893-8495-ecfd404d4e9f" testName="TestConstructorWithNull" computerName="AVDC720" duration="00:00:00.0010000" startTime="2020-06-22T14:14:51.0000000+02:00" endTime="2020-06-22T14:14:51.0000000+02:00" testType="13cdc9d9-ddb5-4fa4-a97d-d965ccfc6d4b" outcome="Passed" testListId="8c84fa94-04c1-424b-9868-57a2d4851a1d" relativeResultsDirectory="193a2c3c-24ea-4ae4-9b63-a008cb8506c1" />
    <UnitTestResult executionId="4275fdf2-d842-4779-a2bf-ce9e605d398a" testId="6682c8f3-9c28-94a7-d656-217500880b94" testName="SchemeIdUriToSystemId_PlayReadySchemeId_ReturnsSystemId" computerName="AVDC720" duration="00:00:00.0000001" startTime="2020-06-22T14:14:51.0000000+02:00" endTime="2020-06-22T14:14:51.0000000+02:00" testType="13cdc9d9-ddb5-4fa4-a97d-d965ccfc6d4b" outcome="Passed" testListId="8c84fa94-04c1-424b-9868-57a2d4851a1d" relativeResultsDirectory="4275fdf2-d842-4779-a2bf-ce9e605d398a" />
    <UnitTestResult executionId="14901eb7-ccb0-4695-afcd-40975f5040aa" testId="0d59dc87-668a-e439-20c3-2f6fcc18afb6" testName="Reached_SecondPacketIsNonDataPacket_BarrierIsNotReached" computerName="AVDC720" duration="00:00:00.0000001" startTime="2020-06-22T14:14:52.0000000+02:00" endTime="2020-06-22T14:14:52.0000000+02:00" testType="13cdc9d9-ddb5-4fa4-a97d-d965ccfc6d4b" outcome="Passed" testListId="8c84fa94-04c1-424b-9868-57a2d4851a1d" relativeResultsDirectory="14901eb7-ccb0-4695-afcd-40975f5040aa" />
    <UnitTestResult executionId="902d513a-573e-4965-8376-0f4062635b75" testId="c417f526-f617-d89a-9e27-2a222a15bac0" testName="TestConfigureWithNull" computerName="AVDC720" duration="00:00:00.0020000" startTime="2020-06-22T14:14:51.0000000+02:00" endTime="2020-06-22T14:14:51.0000000+02:00" testType="13cdc9d9-ddb5-4fa4-a97d-d965ccfc6d4b" outcome="Passed" testListId="8c84fa94-04c1-424b-9868-57a2d4851a1d" relativeResultsDirectory="902d513a-573e-4965-8376-0f4062635b75" />
    <UnitTestResult executionId="fe5cc1b8-134a-418b-8279-486151479a17" testId="94d95040-3698-185d-5d6f-562ab37711a4" testName="Init_CalledSecondTime_ThrowsInvalidOperationException(ForEs)" computerName="AVDC720" duration="00:00:00.0570000" startTime="2020-06-22T14:14:51.0000000+02:00" endTime="2020-06-22T14:14:51.0000000+02:00" testType="13cdc9d9-ddb5-4fa4-a97d-d965ccfc6d4b" outcome="Passed" testListId="8c84fa94-04c1-424b-9868-57a2d4851a1d" relativeResultsDirectory="fe5cc1b8-134a-418b-8279-486151479a17" />
    <UnitTestResult executionId="9dd34a14-3f5e-47f2-9d38-ecd07d1d7791" testId="a696fe85-6892-5787-2988-b6dc32a7eaae" testName="Parse_DifferentEncodings_ParsesSuccessfully(&quot;JuvoPlayer.Tests.res.subtitles.media_player_subs_windows-1251.srt&quot;,&quot;windows-1251&quot;,&quot;[Cyrylic] 5.0: Жж Зз Кк Лл Ыы Чч Щщ Ъъ Ыы Юю Яя&quot;)" computerName="AVDC720" duration="00:00:00.0010000" startTime="2020-06-22T14:14:50.0000000+02:00" endTime="2020-06-22T14:14:50.0000000+02:00" testType="13cdc9d9-ddb5-4fa4-a97d-d965ccfc6d4b" outcome="Passed" testListId="8c84fa94-04c1-424b-9868-57a2d4851a1d" relativeResultsDirectory="9dd34a14-3f5e-47f2-9d38-ecd07d1d7791" />
    <UnitTestResult executionId="be889a40-1342-4122-97fb-9e3ca033c8a9" testId="8c69b9b6-1758-6875-02cf-0ad701b0c4d3" testName="ParseTimeLine_WhenLineIsInvalid_ThrowsFormatException(&quot;00:02:17,440 - 00:02:20,375&quot;)" computerName="AVDC720" duration="00:00:00.0000001" startTime="2020-06-22T14:14:52.0000000+02:00" endTime="2020-06-22T14:14:52.0000000+02:00" testType="13cdc9d9-ddb5-4fa4-a97d-d965ccfc6d4b" outcome="Passed" testListId="8c84fa94-04c1-424b-9868-57a2d4851a1d" relativeResultsDirectory="be889a40-1342-4122-97fb-9e3ca033c8a9" />
    <UnitTestResult executionId="9f78b93d-b19b-49d9-8ce5-5b77ab210f70" testId="57c0ae3c-c55a-4a36-bc50-46b8e916c8ec" testName="Compare_VariousTimes_ReturnsExpectedValues(10,0)" computerName="AVDC720" duration="00:00:00.0000001" startTime="2020-06-22T14:14:51.0000000+02:00" endTime="2020-06-22T14:14:51.0000000+02:00" testType="13cdc9d9-ddb5-4fa4-a97d-d965ccfc6d4b" outcome="Passed" testListId="8c84fa94-04c1-424b-9868-57a2d4851a1d" relativeResultsDirectory="9f78b93d-b19b-49d9-8ce5-5b77ab210f70" />
    <UnitTestResult executionId="306138dd-4ee5-4970-9834-e32c9291b2ea" testId="9681c4d5-bb9b-2329-b528-bc4805c08192" testName="ParseTimeLine_TimeLineIsInvalid_ThrowsFormatException(&quot;01:18.171 01:20.171&quot;)" computerName="AVDC720" duration="00:00:00.0000001" startTime="2020-06-22T14:14:52.0000000+02:00" endTime="2020-06-22T14:14:52.0000000+02:00" testType="13cdc9d9-ddb5-4fa4-a97d-d965ccfc6d4b" outcome="Passed" testListId="8c84fa94-04c1-424b-9868-57a2d4851a1d" relativeResultsDirectory="306138dd-4ee5-4970-9834-e32c9291b2ea" />
    <UnitTestResult executionId="5eda05b3-5bbf-41bc-abfe-4e434ee0a940" testId="292b8184-3595-15f3-6608-17958c811f3c" testName="Parse_DifferentEncodings_ParsesSuccessfully(&quot;JuvoPlayer.Tests.res.subtitles.media_player_subs_cp-949.srt&quot;,&quot;euc-kr&quot;,&quot;[Korean] 3.5: 그녀는 고양이가. 고양이 모피를 가지고&quot;)" computerName="AVDC720" duration="00:00:00.0030000" startTime="2020-06-22T14:14:50.0000000+02:00" endTime="2020-06-22T14:14:50.0000000+02:00" testType="13cdc9d9-ddb5-4fa4-a97d-d965ccfc6d4b" outcome="Passed" testListId="8c84fa94-04c1-424b-9868-57a2d4851a1d" relativeResultsDirectory="5eda05b3-5bbf-41bc-abfe-4e434ee0a940" />
    <UnitTestResult executionId="dc9d6481-e73b-4afe-9c1c-329b52bd95ba" testId="0bc18307-cfdc-0782-2c49-73e26dab37df" testName="Seek_Called_ResumesDemuxer" computerName="AVDC720" duration="00:00:00.0040000" startTime="2020-06-22T14:14:51.0000000+02:00" endTime="2020-06-22T14:14:51.0000000+02:00" testType="13cdc9d9-ddb5-4fa4-a97d-d965ccfc6d4b" outcome="Passed" testListId="8c84fa94-04c1-424b-9868-57a2d4851a1d" relativeResultsDirectory="dc9d6481-e73b-4afe-9c1c-329b52bd95ba" />
    <UnitTestResult executionId="a299b165-33e4-4688-88f1-d4a1a28c7bdc" testId="a01cf621-ca79-9bae-641f-945046dfdf90" testName="CompleteAdding_AddAsyncCalled_ThrowsInvalidOperationException" computerName="AVDC720" duration="00:00:00.0150000" startTime="2020-06-22T14:14:51.0000000+02:00" endTime="2020-06-22T14:14:51.0000000+02:00" testType="13cdc9d9-ddb5-4fa4-a97d-d965ccfc6d4b" outcome="Passed" testListId="8c84fa94-04c1-424b-9868-57a2d4851a1d" relativeResultsDirectory="a299b165-33e4-4688-88f1-d4a1a28c7bdc" />
    <UnitTestResult executionId="3138e852-4b5c-431c-9519-1f18c3f29314" testId="02fb1555-b786-4aa2-7007-ec43c1c9fbe1" testName="ParseTime_WhenTimeFormatIsInvalid_ThrowsFormatException(null)" computerName="AVDC720" duration="00:00:00.0010000" startTime="2020-06-22T14:14:52.0000000+02:00" endTime="2020-06-22T14:14:52.0000000+02:00" testType="13cdc9d9-ddb5-4fa4-a97d-d965ccfc6d4b" outcome="Passed" testListId="8c84fa94-04c1-424b-9868-57a2d4851a1d" relativeResultsDirectory="3138e852-4b5c-431c-9519-1f18c3f29314" />
    <UnitTestResult executionId="377454e9-dace-4511-b32f-eb8aa9bfc4e5" testId="a7854dd3-8d20-6641-2e3e-29ad46bbb531" testName="ParseTime_WhenTimeExceedsADay_ParsesSuccessfully" computerName="AVDC720" duration="00:00:00.0000001" startTime="2020-06-22T14:14:52.0000000+02:00" endTime="2020-06-22T14:14:52.0000000+02:00" testType="13cdc9d9-ddb5-4fa4-a97d-d965ccfc6d4b" outcome="Passed" testListId="8c84fa94-04c1-424b-9868-57a2d4851a1d" relativeResultsDirectory="377454e9-dace-4511-b32f-eb8aa9bfc4e5" />
    <UnitTestResult executionId="de031b43-ed8b-402f-bd58-c6d462a3d441" testId="39d5ff9a-2a80-e32f-8c48-31ef5543d04d" testName="Get_KeyBetweenTwoCues_ReturnsNull" computerName="AVDC720" duration="00:00:00.0010000" startTime="2020-06-22T14:14:51.0000000+02:00" endTime="2020-06-22T14:14:51.0000000+02:00" testType="13cdc9d9-ddb5-4fa4-a97d-d965ccfc6d4b" outcome="Passed" testListId="8c84fa94-04c1-424b-9868-57a2d4851a1d" relativeResultsDirectory="de031b43-ed8b-402f-bd58-c6d462a3d441" />
    <UnitTestResult executionId="d41ed933-14a5-4d25-9ecf-531829763750" testId="5b212d48-3586-21cd-2d5d-74feb2deb816" testName="MoveToTimeLine_WebVttHasTwoTimeLines_ReturnsBoth" computerName="AVDC720" duration="00:00:00.0000001" startTime="2020-06-22T14:14:52.0000000+02:00" endTime="2020-06-22T14:14:52.0000000+02:00" testType="13cdc9d9-ddb5-4fa4-a97d-d965ccfc6d4b" outcome="Passed" testListId="8c84fa94-04c1-424b-9868-57a2d4851a1d" relativeResultsDirectory="d41ed933-14a5-4d25-9ecf-531829763750" />
    <UnitTestResult executionId="4e6dbeca-f25e-4f1a-ac0a-cc3de863ed35" testId="e63e97dd-9e6c-4645-bf1f-6cbc1114526d" testName="Reset_CalledWhileFlushIsInProgress_CancelsFlush" computerName="AVDC720" duration="00:00:00.0020000" startTime="2020-06-22T14:14:51.0000000+02:00" endTime="2020-06-22T14:14:51.0000000+02:00" testType="13cdc9d9-ddb5-4fa4-a97d-d965ccfc6d4b" outcome="Passed" testListId="8c84fa94-04c1-424b-9868-57a2d4851a1d" relativeResultsDirectory="4e6dbeca-f25e-4f1a-ac0a-cc3de863ed35" />
    <UnitTestResult executionId="a6277c27-55bf-419b-a6ae-91187e91e02b" testId="f27ecf69-9c6a-7512-245c-df2210246910" testName="AppParser_OK" computerName="AVDC720" duration="00:00:00.1790000" startTime="2020-06-22T14:14:51.0000000+02:00" endTime="2020-06-22T14:14:51.0000000+02:00" testType="13cdc9d9-ddb5-4fa4-a97d-d965ccfc6d4b" outcome="Passed" testListId="8c84fa94-04c1-424b-9868-57a2d4851a1d" relativeResultsDirectory="a6277c27-55bf-419b-a6ae-91187e91e02b" />
    <UnitTestResult executionId="5c83b2ac-26f6-4306-8a6a-040a2fab89e7" testId="461167f4-f83d-dfb6-f998-4b01ff39fbbb" testName="ParseText_ContainsEscapeSequence_DecodesSuccessfully(&quot;begin &amp;lt; end&quot;,&quot;begin &lt; end&quot;)" computerName="AVDC720" duration="00:00:00.0000001" startTime="2020-06-22T14:14:52.0000000+02:00" endTime="2020-06-22T14:14:52.0000000+02:00" testType="13cdc9d9-ddb5-4fa4-a97d-d965ccfc6d4b" outcome="Passed" testListId="8c84fa94-04c1-424b-9868-57a2d4851a1d" relativeResultsDirectory="5c83b2ac-26f6-4306-8a6a-040a2fab89e7" />
    <UnitTestResult executionId="f627185c-b16b-4441-98db-a7f4a3540081" testId="2a5400f7-59f9-282c-1900-944ef8ecb847" testName="SupportsSchemeIdUri_PlayReadySchemeIdUri_ReturnsTrue" computerName="AVDC720" duration="00:00:00.0000001" startTime="2020-06-22T14:14:51.0000000+02:00" endTime="2020-06-22T14:14:51.0000000+02:00" testType="13cdc9d9-ddb5-4fa4-a97d-d965ccfc6d4b" outcome="Passed" testListId="8c84fa94-04c1-424b-9868-57a2d4851a1d" relativeResultsDirectory="f627185c-b16b-4441-98db-a7f4a3540081" />
    <UnitTestResult executionId="b2877145-533e-4eeb-aae4-575489dbaf14" testId="27c0e446-fbb2-fa76-7f01-7a27a4208aca" testName="ResolveByMimeType_WebVttMimeType_ReturnsWebVttFormat" computerName="AVDC720" duration="00:00:00.0000001" startTime="2020-06-22T14:14:52.0000000+02:00" endTime="2020-06-22T14:14:52.0000000+02:00" testType="13cdc9d9-ddb5-4fa4-a97d-d965ccfc6d4b" outcome="Passed" testListId="8c84fa94-04c1-424b-9868-57a2d4851a1d" relativeResultsDirectory="b2877145-533e-4eeb-aae4-575489dbaf14" />
    <UnitTestResult executionId="ed132faf-5134-4fac-b9b9-4be987fe5043" testId="520722aa-6a80-b3d5-b800-d9703ed85ffc" testName="ParseTimeLine_TimeLineIsValid_ParsesSuccessfully(&quot;01:18.171  --&gt;   01:20.171&quot;)" computerName="AVDC720" duration="00:00:00.0010000" startTime="2020-06-22T14:14:52.0000000+02:00" endTime="2020-06-22T14:14:52.0000000+02:00" testType="13cdc9d9-ddb5-4fa4-a97d-d965ccfc6d4b" outcome="Passed" testListId="8c84fa94-04c1-424b-9868-57a2d4851a1d" relativeResultsDirectory="ed132faf-5134-4fac-b9b9-4be987fe5043" />
    <UnitTestResult executionId="da533d05-ab45-4dca-b91a-772bfda1f50a" testId="6d33e4a5-ae74-c82a-5d2b-0a3770f1919a" testName="DeserializeJsonText_ThrowsNull" computerName="AVDC720" duration="00:00:00.0000001" startTime="2020-06-22T14:14:50.0000000+02:00" endTime="2020-06-22T14:14:50.0000000+02:00" testType="13cdc9d9-ddb5-4fa4-a97d-d965ccfc6d4b" outcome="Passed" testListId="8c84fa94-04c1-424b-9868-57a2d4851a1d" relativeResultsDirectory="da533d05-ab45-4dca-b91a-772bfda1f50a" />
    <UnitTestResult executionId="4b01bba8-f153-4abe-8787-596125f707ba" testId="0e065e73-d47f-3a00-98d6-e8eb7ca6357c" testName="Init_StreamConfigAvailable_ReturnsStreamConfig(ForUrl)" computerName="AVDC720" duration="00:00:00.0010000" startTime="2020-06-22T14:14:51.0000000+02:00" endTime="2020-06-22T14:14:51.0000000+02:00" testType="13cdc9d9-ddb5-4fa4-a97d-d965ccfc6d4b" outcome="Passed" testListId="8c84fa94-04c1-424b-9868-57a2d4851a1d" relativeResultsDirectory="4b01bba8-f153-4abe-8787-596125f707ba" />
    <UnitTestResult executionId="02c72d44-89ce-4849-ae0e-007b0647fc64" testId="5086e7e5-6679-888c-406b-de1ba0a5028e" testName="Parse_DifferentEncodings_ParsesSuccessfully(&quot;JuvoPlayer.Tests.res.subtitles.media_player_subs_utf8.srt&quot;,&quot;utf-8&quot;,&quot;[UTF-8] 3.0: 고양이. Чч Щщ Ъъ. Óó Śś Źź. Ýý Ţţ Ł €. 猫.&quot;)" computerName="AVDC720" duration="00:00:00.0010000" startTime="2020-06-22T14:14:50.0000000+02:00" endTime="2020-06-22T14:14:50.0000000+02:00" testType="13cdc9d9-ddb5-4fa4-a97d-d965ccfc6d4b" outcome="Passed" testListId="8c84fa94-04c1-424b-9868-57a2d4851a1d" relativeResultsDirectory="02c72d44-89ce-4849-ae0e-007b0647fc64" />
    <UnitTestResult executionId="b0562c7e-261e-4a3a-bd5a-d4762fb1bb0f" testId="c09a9465-f15f-2431-e3ef-062999b6d76e" testName="GetScheme_PlayReadySystemId_ReturnsValid" computerName="AVDC720" duration="00:00:00.0000001" startTime="2020-06-22T14:14:51.0000000+02:00" endTime="2020-06-22T14:14:51.0000000+02:00" testType="13cdc9d9-ddb5-4fa4-a97d-d965ccfc6d4b" outcome="Passed" testListId="8c84fa94-04c1-424b-9868-57a2d4851a1d" relativeResultsDirectory="b0562c7e-261e-4a3a-bd5a-d4762fb1bb0f" />
    <UnitTestResult executionId="5ba54989-4b5b-465d-b8f5-446743b0da38" testId="b6c7b137-6c12-aa0e-37c0-885b1840aaf2" testName="Reset_CalledWhileDataSourcePublishedChunk_SkipsPublishedChunk" computerName="AVDC720" duration="00:00:00.0010000" startTime="2020-06-22T14:14:51.0000000+02:00" endTime="2020-06-22T14:14:51.0000000+02:00" testType="13cdc9d9-ddb5-4fa4-a97d-d965ccfc6d4b" outcome="Passed" testListId="8c84fa94-04c1-424b-9868-57a2d4851a1d" relativeResultsDirectory="5ba54989-4b5b-465d-b8f5-446743b0da38" />
    <UnitTestResult executionId="51c7311a-3942-402b-8247-b325d8d82f69" testId="cf536672-6dbb-41a2-84f9-ab59c52d810f" testName="OnAppendPacket_WhenConfigured_CallsContextExtraDataHandler" computerName="AVDC720" duration="00:00:00.0180000" startTime="2020-06-22T14:14:52.0000000+02:00" endTime="2020-06-22T14:14:52.0000000+02:00" testType="13cdc9d9-ddb5-4fa4-a97d-d965ccfc6d4b" outcome="Passed" testListId="8c84fa94-04c1-424b-9868-57a2d4851a1d" relativeResultsDirectory="51c7311a-3942-402b-8247-b325d8d82f69" />
    <UnitTestResult executionId="6c4d120c-5089-4a5f-b5fe-b12b523fc59e" testId="4f7bdc50-58ea-1837-577f-74ef6cb0ffb7" testName="TestInvalidLogLevel" computerName="AVDC720" duration="00:00:00.0010000" startTime="2020-06-22T14:14:51.0000000+02:00" endTime="2020-06-22T14:14:51.0000000+02:00" testType="13cdc9d9-ddb5-4fa4-a97d-d965ccfc6d4b" outcome="Passed" testListId="8c84fa94-04c1-424b-9868-57a2d4851a1d" relativeResultsDirectory="6c4d120c-5089-4a5f-b5fe-b12b523fc59e" />
    <UnitTestResult executionId="20edbf0a-741d-4a2b-84e4-1238de174436" testId="bdd6414d-53bc-cce6-3e9b-7c3b1b2abd5f" testName="ParseTimeLine_TimeLineIsInvalid_ThrowsFormatException(&quot;01:18.171 01:20.171 --&gt;&quot;)" computerName="AVDC720" duration="00:00:00.0000001" startTime="2020-06-22T14:14:52.0000000+02:00" endTime="2020-06-22T14:14:52.0000000+02:00" testType="13cdc9d9-ddb5-4fa4-a97d-d965ccfc6d4b" outcome="Passed" testListId="8c84fa94-04c1-424b-9868-57a2d4851a1d" relativeResultsDirectory="20edbf0a-741d-4a2b-84e4-1238de174436" />
    <UnitTestResult executionId="f0960047-2850-4211-8eb9-132e1ee9bdb6" testId="852b5e0e-9762-784e-5557-e2cf4ea73784" testName="Reached_SecondPacketReachesBarrier_BarrierIsReached" computerName="AVDC720" duration="00:00:00.0000001" startTime="2020-06-22T14:14:52.0000000+02:00" endTime="2020-06-22T14:14:52.0000000+02:00" testType="13cdc9d9-ddb5-4fa4-a97d-d965ccfc6d4b" outcome="Passed" testListId="8c84fa94-04c1-424b-9868-57a2d4851a1d" relativeResultsDirectory="f0960047-2850-4211-8eb9-132e1ee9bdb6" />
    <UnitTestResult executionId="d7217e10-55cd-4cb4-a777-cee9f0ca0073" testId="8d0615a4-0a37-112e-879e-4003daa62f87" testName="GetKeySystemName_PlayReadySystemId_ReturnsValid" computerName="AVDC720" duration="00:00:00.0000001" startTime="2020-06-22T14:14:51.0000000+02:00" endTime="2020-06-22T14:14:51.0000000+02:00" testType="13cdc9d9-ddb5-4fa4-a97d-d965ccfc6d4b" outcome="Passed" testListId="8c84fa94-04c1-424b-9868-57a2d4851a1d" relativeResultsDirectory="d7217e10-55cd-4cb4-a777-cee9f0ca0073" />
    <UnitTestResult executionId="0326680e-2e3a-4aed-aafc-06233417ff1e" testId="d77ecc1e-9bc2-799a-79b3-b2ffe8608f4b" testName="ParseTime_TimeFormatIsInvalid_ThrowsFormatException(&quot;00.0&quot;)" computerName="AVDC720" duration="00:00:00.0000001" startTime="2020-06-22T14:14:52.0000000+02:00" endTime="2020-06-22T14:14:52.0000000+02:00" testType="13cdc9d9-ddb5-4fa4-a97d-d965ccfc6d4b" outcome="Passed" testListId="8c84fa94-04c1-424b-9868-57a2d4851a1d" relativeResultsDirectory="0326680e-2e3a-4aed-aafc-06233417ff1e" />
    <UnitTestResult executionId="4c405b34-ee04-46e4-a03f-80f1aa3fa0c7" testId="d7ac1929-9b02-b83c-c131-e7b03e1000aa" testName="Start_DRMInitDataFound_PublishesDRMInitData(StartForUrl)" computerName="AVDC720" duration="00:00:00.0010000" startTime="2020-06-22T14:14:51.0000000+02:00" endTime="2020-06-22T14:14:51.0000000+02:00" testType="13cdc9d9-ddb5-4fa4-a97d-d965ccfc6d4b" outcome="Passed" testListId="8c84fa94-04c1-424b-9868-57a2d4851a1d" relativeResultsDirectory="4c405b34-ee04-46e4-a03f-80f1aa3fa0c7" />
    <UnitTestResult executionId="85cb57a6-ca04-4776-b9d7-ec2aa59fb066" testId="6edbc781-4e0b-a9f7-1870-a384b19f1879" testName="ParseTime_TimeFormatIsInvalid_ThrowsFormatException(&quot;0.0.0.0&quot;)" computerName="AVDC720" duration="00:00:00.0000001" startTime="2020-06-22T14:14:52.0000000+02:00" endTime="2020-06-22T14:14:52.0000000+02:00" testType="13cdc9d9-ddb5-4fa4-a97d-d965ccfc6d4b" outcome="Passed" testListId="8c84fa94-04c1-424b-9868-57a2d4851a1d" relativeResultsDirectory="85cb57a6-ca04-4776-b9d7-ec2aa59fb066" />
    <UnitTestResult executionId="156aa010-7e97-41e8-9090-31f1183ecd7d" testId="b4eee26d-24ec-582f-e097-1f57b7e85dcb" testName="ParseText_ContainsEscapeSequence_DecodesSuccessfully(&quot;begin &amp;amp; end&quot;,&quot;begin &amp; end&quot;)" computerName="AVDC720" duration="00:00:00.0010000" startTime="2020-06-22T14:14:52.0000000+02:00" endTime="2020-06-22T14:14:52.0000000+02:00" testType="13cdc9d9-ddb5-4fa4-a97d-d965ccfc6d4b" outcome="Passed" testListId="8c84fa94-04c1-424b-9868-57a2d4851a1d" relativeResultsDirectory="156aa010-7e97-41e8-9090-31f1183ecd7d" />
    <UnitTestResult executionId="300ede28-7a45-4604-86aa-1ae3be50a96d" testId="c08a0c23-7b43-812c-9f19-03172b742d8a" testName="SupportsSystemId_InvalidSystemId_ReturnsFalse" computerName="AVDC720" duration="00:00:00.0010000" startTime="2020-06-22T14:14:51.0000000+02:00" endTime="2020-06-22T14:14:51.0000000+02:00" testType="13cdc9d9-ddb5-4fa4-a97d-d965ccfc6d4b" outcome="Passed" testListId="8c84fa94-04c1-424b-9868-57a2d4851a1d" relativeResultsDirectory="300ede28-7a45-4604-86aa-1ae3be50a96d" />
    <UnitTestResult executionId="c3bd3420-51db-4e01-8df6-16214d6e15d0" testId="1d410506-c13a-9a12-e32f-3b0fb711ffd3" testName="Serialization_OperationSerialized_DeserializedProperly(JuvoPlayer.Tests.Utils.PrepareOperation)" computerName="AVDC720" duration="00:00:00.0000001" startTime="2020-06-22T14:14:50.0000000+02:00" endTime="2020-06-22T14:14:50.0000000+02:00" testType="13cdc9d9-ddb5-4fa4-a97d-d965ccfc6d4b" outcome="Passed" testListId="8c84fa94-04c1-424b-9868-57a2d4851a1d" relativeResultsDirectory="c3bd3420-51db-4e01-8df6-16214d6e15d0" />
    <UnitTestResult executionId="d3b24de7-d3a3-45aa-ba72-bd22c81292f1" testId="0b3f14e6-954c-5a2d-85d5-9644a0e349e2" testName="TestConsoleLogger" computerName="AVDC720" duration="00:00:00.0020000" startTime="2020-06-22T14:14:51.0000000+02:00" endTime="2020-06-22T14:14:51.0000000+02:00" testType="13cdc9d9-ddb5-4fa4-a97d-d965ccfc6d4b" outcome="Passed" testListId="8c84fa94-04c1-424b-9868-57a2d4851a1d" relativeResultsDirectory="d3b24de7-d3a3-45aa-ba72-bd22c81292f1">
      <Output>
        <StdOut>[Fatal] LoggerClient.cs: Func:40 &gt; message
[Error] LoggerClient.cs: Func:41 &gt; message
[Warn] LoggerClient.cs: Func:42 &gt; message
[Info] LoggerClient.cs: Func:43 &gt; message
[Debug] LoggerClient.cs: Func:44 &gt; message
[Verbose] LoggerClient.cs: Func:45 &gt; message</StdOut>
      </Output>
    </UnitTestResult>
    <UnitTestResult executionId="253c87e0-111c-4918-8455-923341a0b72b" testId="3f8dfde8-2658-03a7-336d-cc519ac91c3e" testName="Pause_Called_DoesntRetrieveNextPacket(StartForEs)" computerName="AVDC720" duration="00:00:00.0090000" startTime="2020-06-22T14:14:51.0000000+02:00" endTime="2020-06-22T14:14:51.0000000+02:00" testType="13cdc9d9-ddb5-4fa4-a97d-d965ccfc6d4b" outcome="Passed" testListId="8c84fa94-04c1-424b-9868-57a2d4851a1d" relativeResultsDirectory="253c87e0-111c-4918-8455-923341a0b72b" />
    <UnitTestResult executionId="60f39e21-cf90-46dd-9c9b-2fd7266376b8" testId="cdaa95b4-0c6d-1e27-93cc-3d0e0a68a8ea" testName="Start_ClipDurationFound_PublishesClipDuration(StartForUrl)" computerName="AVDC720" duration="00:00:00.0010000" startTime="2020-06-22T14:14:51.0000000+02:00" endTime="2020-06-22T14:14:51.0000000+02:00" testType="13cdc9d9-ddb5-4fa4-a97d-d965ccfc6d4b" outcome="Passed" testListId="8c84fa94-04c1-424b-9868-57a2d4851a1d" relativeResultsDirectory="60f39e21-cf90-46dd-9c9b-2fd7266376b8" />
    <UnitTestResult executionId="7f84628f-9066-48c1-8e03-df1430551322" testId="e1d59afc-ceae-0c1b-0769-05528c3d5bcc" testName="ParseTime_TimeFormatIsInvalid_ThrowsFormatException(&quot;&quot;)" computerName="AVDC720" duration="00:00:00.0000001" startTime="2020-06-22T14:14:52.0000000+02:00" endTime="2020-06-22T14:14:52.0000000+02:00" testType="13cdc9d9-ddb5-4fa4-a97d-d965ccfc6d4b" outcome="Passed" testListId="8c84fa94-04c1-424b-9868-57a2d4851a1d" relativeResultsDirectory="7f84628f-9066-48c1-8e03-df1430551322" />
    <UnitTestResult executionId="da7ef775-c26e-4af4-804c-9635cf51395f" testId="31911a88-751c-bf36-b733-4c5fb543e8b3" testName="Serialization_OperationSerialized_DeserializedProperly(JuvoPlayer.Tests.Utils.ChangeRepresentationOperation)" computerName="AVDC720" duration="00:00:00.0040000" startTime="2020-06-22T14:14:50.0000000+02:00" endTime="2020-06-22T14:14:50.0000000+02:00" testType="13cdc9d9-ddb5-4fa4-a97d-d965ccfc6d4b" outcome="Passed" testListId="8c84fa94-04c1-424b-9868-57a2d4851a1d" relativeResultsDirectory="da7ef775-c26e-4af4-804c-9635cf51395f" />
    <UnitTestResult executionId="7410aa9c-aafd-4962-b089-766301c6bb61" testId="dc2e53b3-b4b5-d431-a2a2-41dcd332c80c" testName="OnAppendPacket_WhenDrmSessionIsConfigured_CallsPlayerAdapter" computerName="AVDC720" duration="00:00:00.0060000" startTime="2020-06-22T14:14:52.0000000+02:00" endTime="2020-06-22T14:14:52.0000000+02:00" testType="13cdc9d9-ddb5-4fa4-a97d-d965ccfc6d4b" outcome="Passed" testListId="8c84fa94-04c1-424b-9868-57a2d4851a1d" relativeResultsDirectory="7410aa9c-aafd-4962-b089-766301c6bb61" />
    <UnitTestResult executionId="a822eced-8ac7-4d0a-858d-31b5066fc1c1" testId="3a15d223-5377-905d-8b73-e96a8942d8f8" testName="OnChangeActiveStream_UnknownSubtitles_ThrowsArgumentException" computerName="AVDC720" duration="00:00:00.0010000" startTime="2020-06-22T14:14:51.0000000+02:00" endTime="2020-06-22T14:14:51.0000000+02:00" testType="13cdc9d9-ddb5-4fa4-a97d-d965ccfc6d4b" outcome="Passed" testListId="8c84fa94-04c1-424b-9868-57a2d4851a1d" relativeResultsDirectory="a822eced-8ac7-4d0a-858d-31b5066fc1c1" />
    <UnitTestResult executionId="f7b7ad9d-e6c0-4d8e-a8f4-d4a19c3bad5d" testId="4974b841-fe50-bc17-3fa6-12c238970853" testName="MoveToTimeLine_WebVttHasNoTimeLine_ReturnsNull" computerName="AVDC720" duration="00:00:00.0000001" startTime="2020-06-22T14:14:52.0000000+02:00" endTime="2020-06-22T14:14:52.0000000+02:00" testType="13cdc9d9-ddb5-4fa4-a97d-d965ccfc6d4b" outcome="Passed" testListId="8c84fa94-04c1-424b-9868-57a2d4851a1d" relativeResultsDirectory="f7b7ad9d-e6c0-4d8e-a8f4-d4a19c3bad5d" />
    <UnitTestResult executionId="183d144e-3bb4-429f-b12d-1407a17abab3" testId="5652ce59-b2d8-d716-cc63-db9d5225d1de" testName="Start_PacketsDemuxed_PublishesPackets(StartForUrl)" computerName="AVDC720" duration="00:00:00.0010000" startTime="2020-06-22T14:14:51.0000000+02:00" endTime="2020-06-22T14:14:51.0000000+02:00" testType="13cdc9d9-ddb5-4fa4-a97d-d965ccfc6d4b" outcome="Passed" testListId="8c84fa94-04c1-424b-9868-57a2d4851a1d" relativeResultsDirectory="183d144e-3bb4-429f-b12d-1407a17abab3" />
    <UnitTestResult executionId="9f19b042-fe72-4bbb-9770-ea8d228c1029" testId="c04c0fe5-1f6b-bd7f-47e1-2cbe0022b400" testName="Begin_EqualsEnd_ThrowsArgumentException" computerName="AVDC720" duration="00:00:00.0010000" startTime="2020-06-22T14:14:51.0000000+02:00" endTime="2020-06-22T14:14:51.0000000+02:00" testType="13cdc9d9-ddb5-4fa4-a97d-d965ccfc6d4b" outcome="Passed" testListId="8c84fa94-04c1-424b-9868-57a2d4851a1d" relativeResultsDirectory="9f19b042-fe72-4bbb-9770-ea8d228c1029" />
    <UnitTestResult executionId="6f537194-8cf4-40c8-91fb-c61adaace1fb" testId="3accf9e4-664b-d25c-8a3f-c716b44b5888" testName="SupportsType_ValidType_ReturnsTrue(&quot;widevine&quot;)" computerName="AVDC720" duration="00:00:00.0000001" startTime="2020-06-22T14:14:51.0000000+02:00" endTime="2020-06-22T14:14:51.0000000+02:00" testType="13cdc9d9-ddb5-4fa4-a97d-d965ccfc6d4b" outcome="Passed" testListId="8c84fa94-04c1-424b-9868-57a2d4851a1d" relativeResultsDirectory="6f537194-8cf4-40c8-91fb-c61adaace1fb" />
    <UnitTestResult executionId="a5c5571a-6d19-4eae-9f93-3b7124c3483e" testId="0965358b-a03e-2e11-275b-12bdaaddc9f6" testName="Take_SizeGreaterThanBufferSize_ReturnsSizeEqualToBufferSize" computerName="AVDC720" duration="00:00:00.0020000" startTime="2020-06-22T14:14:51.0000000+02:00" endTime="2020-06-22T14:14:51.0000000+02:00" testType="13cdc9d9-ddb5-4fa4-a97d-d965ccfc6d4b" outcome="Passed" testListId="8c84fa94-04c1-424b-9868-57a2d4851a1d" relativeResultsDirectory="a5c5571a-6d19-4eae-9f93-3b7124c3483e" />
    <UnitTestResult executionId="585579e2-bceb-4d01-a27d-add55e71df4b" testId="24b81133-6183-4881-a72c-c0d4de113274" testName="ParseTime_TimeFormatIsInvalid_ThrowsFormatException(null)" computerName="AVDC720" duration="00:00:00.0010000" startTime="2020-06-22T14:14:52.0000000+02:00" endTime="2020-06-22T14:14:52.0000000+02:00" testType="13cdc9d9-ddb5-4fa4-a97d-d965ccfc6d4b" outcome="Passed" testListId="8c84fa94-04c1-424b-9868-57a2d4851a1d" relativeResultsDirectory="585579e2-bceb-4d01-a27d-add55e71df4b" />
    <UnitTestResult executionId="12fe0769-7ed2-486b-8334-92d58bc6d5e8" testId="87a46580-854b-14e6-9b30-6edf24aae711" testName="Resume_Called_CallsNextPacket(StartForUrl)" computerName="AVDC720" duration="00:00:00.0000001" startTime="2020-06-22T14:14:51.0000000+02:00" endTime="2020-06-22T14:14:51.0000000+02:00" testType="13cdc9d9-ddb5-4fa4-a97d-d965ccfc6d4b" outcome="Passed" testListId="8c84fa94-04c1-424b-9868-57a2d4851a1d" relativeResultsDirectory="12fe0769-7ed2-486b-8334-92d58bc6d5e8" />
    <UnitTestResult executionId="7e9503c0-39ea-41f2-87f1-e408da3be14f" testId="188b81ef-d6d5-d5db-9dda-ab27251848f9" testName="Parse_DifferentEncodings_ParsesSuccessfully(&quot;JuvoPlayer.Tests.res.subtitles.media_player_subs_windows-1253.srt&quot;,&quot;windows-1253&quot;,&quot;[Greek] 3.5: Άά Αα Ββ Γγ Δδ Εε Ζζ Ηη Θθ Ιι Κκ Λλ Ξξ Ψψ Ωω ώ&quot;)" computerName="AVDC720" duration="00:00:00.0010000" startTime="2020-06-22T14:14:50.0000000+02:00" endTime="2020-06-22T14:14:50.0000000+02:00" testType="13cdc9d9-ddb5-4fa4-a97d-d965ccfc6d4b" outcome="Passed" testListId="8c84fa94-04c1-424b-9868-57a2d4851a1d" relativeResultsDirectory="7e9503c0-39ea-41f2-87f1-e408da3be14f" />
    <UnitTestResult executionId="9ac5a2cb-2329-4c28-9db3-1825cfcf0a19" testId="f1c5443e-e0a7-e961-fdae-6f316e6bdffa" testName="CompleteAdding_TakeAsyncCalled_ThrowsInvalidOperationException" computerName="AVDC720" duration="00:00:00.0160000" startTime="2020-06-22T14:14:51.0000000+02:00" endTime="2020-06-22T14:14:51.0000000+02:00" testType="13cdc9d9-ddb5-4fa4-a97d-d965ccfc6d4b" outcome="Passed" testListId="8c84fa94-04c1-424b-9868-57a2d4851a1d" relativeResultsDirectory="9ac5a2cb-2329-4c28-9db3-1825cfcf0a19" />
    <UnitTestResult executionId="69c3d8ed-184a-4dd8-a059-8a0d5633329c" testId="277f52da-2282-9c65-51fe-2a9bdc6748b7" testName="Begin_LessThanEnd_SetsSuccessfully" computerName="AVDC720" duration="00:00:00.0020000" startTime="2020-06-22T14:14:51.0000000+02:00" endTime="2020-06-22T14:14:51.0000000+02:00" testType="13cdc9d9-ddb5-4fa4-a97d-d965ccfc6d4b" outcome="Passed" testListId="8c84fa94-04c1-424b-9868-57a2d4851a1d" relativeResultsDirectory="69c3d8ed-184a-4dd8-a059-8a0d5633329c" />
    <UnitTestResult executionId="cb5a07a3-ad6f-4d0b-853a-e61d35d6c31f" testId="88dd71ef-8824-feb9-a45c-d465619740f7" testName="Serialization_OperationSerialized_DeserializedProperly(JuvoPlayer.Tests.Utils.DelayOperation)" computerName="AVDC720" duration="00:00:00.0010000" startTime="2020-06-22T14:14:50.0000000+02:00" endTime="2020-06-22T14:14:50.0000000+02:00" testType="13cdc9d9-ddb5-4fa4-a97d-d965ccfc6d4b" outcome="Passed" testListId="8c84fa94-04c1-424b-9868-57a2d4851a1d" relativeResultsDirectory="cb5a07a3-ad6f-4d0b-853a-e61d35d6c31f" />
    <UnitTestResult executionId="2363f0c0-a968-49c3-b34c-01d49df1fcc9" testId="cca65208-0adf-48f2-82bf-43699d9e9051" testName="PushChunk_CalledBeforeInitForEs_ThrowsException" computerName="AVDC720" duration="00:00:00.0010000" startTime="2020-06-22T14:14:51.0000000+02:00" endTime="2020-06-22T14:14:51.0000000+02:00" testType="13cdc9d9-ddb5-4fa4-a97d-d965ccfc6d4b" outcome="Passed" testListId="8c84fa94-04c1-424b-9868-57a2d4851a1d" relativeResultsDirectory="2363f0c0-a968-49c3-b34c-01d49df1fcc9" />
    <UnitTestResult executionId="93dbec4d-ddc6-414e-87ce-daa497c4d560" testId="913bcb3f-29bc-fd1f-7c98-c387d71227d4" testName="Start_StreamConfigFound_PublishesStreamConfig(StartForUrl)" computerName="AVDC720" duration="00:00:00.0010000" startTime="2020-06-22T14:14:51.0000000+02:00" endTime="2020-06-22T14:14:51.0000000+02:00" testType="13cdc9d9-ddb5-4fa4-a97d-d965ccfc6d4b" outcome="Passed" testListId="8c84fa94-04c1-424b-9868-57a2d4851a1d" relativeResultsDirectory="93dbec4d-ddc6-414e-87ce-daa497c4d560" />
    <UnitTestResult executionId="2dc876d5-2209-47b9-ad73-eafba9ae0a69" testId="5ab273b4-d5f1-2abf-3a88-3bfeef20ebf5" testName="TestInvalidConfig" computerName="AVDC720" duration="00:00:00.0050000" startTime="2020-06-22T14:14:51.0000000+02:00" endTime="2020-06-22T14:14:51.0000000+02:00" testType="13cdc9d9-ddb5-4fa4-a97d-d965ccfc6d4b" outcome="Passed" testListId="8c84fa94-04c1-424b-9868-57a2d4851a1d" relativeResultsDirectory="2dc876d5-2209-47b9-ad73-eafba9ae0a69" />
    <UnitTestResult executionId="3d59e270-1bf8-4f0c-9586-405134e135dc" testId="29f4eefb-fddf-c444-6e0a-5e03485d543c" testName="TakeAsync_SizeLessThanBufferSize_ReturnsRequestedSize" computerName="AVDC720" duration="00:00:00.0130000" startTime="2020-06-22T14:14:51.0000000+02:00" endTime="2020-06-22T14:14:51.0000000+02:00" testType="13cdc9d9-ddb5-4fa4-a97d-d965ccfc6d4b" outcome="Passed" testListId="8c84fa94-04c1-424b-9868-57a2d4851a1d" relativeResultsDirectory="3d59e270-1bf8-4f0c-9586-405134e135dc" />
    <UnitTestResult executionId="08b5192b-f126-49c5-b530-0b2ad7b0942d" testId="18ddabc1-b1c8-c549-5717-a273d4ac0a3e" testName="Reset_Called_DeallocsAVFormatContext(ForEs)" computerName="AVDC720" duration="00:00:00.0020000" startTime="2020-06-22T14:14:51.0000000+02:00" endTime="2020-06-22T14:14:51.0000000+02:00" testType="13cdc9d9-ddb5-4fa4-a97d-d965ccfc6d4b" outcome="Passed" testListId="8c84fa94-04c1-424b-9868-57a2d4851a1d" relativeResultsDirectory="08b5192b-f126-49c5-b530-0b2ad7b0942d" />
    <UnitTestResult executionId="2584720e-3e68-4f8c-b326-adc28a55953b" testId="639b760f-d73b-dd9e-184b-d4fba82810a2" testName="Get_TwoAdjacentCuesAndGetForFirst_ReturnsFirstOne" computerName="AVDC720" duration="00:00:00.0010000" startTime="2020-06-22T14:14:51.0000000+02:00" endTime="2020-06-22T14:14:51.0000000+02:00" testType="13cdc9d9-ddb5-4fa4-a97d-d965ccfc6d4b" outcome="Passed" testListId="8c84fa94-04c1-424b-9868-57a2d4851a1d" relativeResultsDirectory="2584720e-3e68-4f8c-b326-adc28a55953b" />
    <UnitTestResult executionId="3602e5cc-0709-4018-9382-4cc658c06be1" testId="bf726271-d726-9654-3c3e-7309912ba13e" testName="DeserializeJsonFile_ThrowsEmpty" computerName="AVDC720" duration="00:00:00.0170000" startTime="2020-06-22T14:14:50.0000000+02:00" endTime="2020-06-22T14:14:50.0000000+02:00" testType="13cdc9d9-ddb5-4fa4-a97d-d965ccfc6d4b" outcome="Passed" testListId="8c84fa94-04c1-424b-9868-57a2d4851a1d" relativeResultsDirectory="3602e5cc-0709-4018-9382-4cc658c06be1" />
    <UnitTestResult executionId="bb00229c-41c5-40b7-8dfe-73a04e3bd88f" testId="2fcfa690-0061-2be9-893e-b95e28348722" testName="TestGetInstanceBeforeConfigure" computerName="AVDC720" duration="00:00:00.0000001" startTime="2020-06-22T14:14:51.0000000+02:00" endTime="2020-06-22T14:14:51.0000000+02:00" testType="13cdc9d9-ddb5-4fa4-a97d-d965ccfc6d4b" outcome="Passed" testListId="8c84fa94-04c1-424b-9868-57a2d4851a1d" relativeResultsDirectory="bb00229c-41c5-40b7-8dfe-73a04e3bd88f" />
    <UnitTestResult executionId="f9ac7b13-aeea-4778-bd97-0a70d542124a" testId="06962d28-4767-08b4-f374-8a5f6998b67f" testName="RegisterDataProviderFactory_Unsupported" computerName="AVDC720" duration="00:00:00.0010000" startTime="2020-06-22T14:14:51.0000000+02:00" endTime="2020-06-22T14:14:51.0000000+02:00" testType="13cdc9d9-ddb5-4fa4-a97d-d965ccfc6d4b" outcome="Passed" testListId="8c84fa94-04c1-424b-9868-57a2d4851a1d" relativeResultsDirectory="f9ac7b13-aeea-4778-bd97-0a70d542124a" />
    <UnitTestResult executionId="a42e1dcd-1e58-4603-85b9-6ce3f22f1b2f" testId="b65dd040-cffc-7925-78a1-ceba0c7979b8" testName="Init_DrmInitDataAvailable_ReturnsDrmInitData(ForUrl)" computerName="AVDC720" duration="00:00:00.0030000" startTime="2020-06-22T14:14:51.0000000+02:00" endTime="2020-06-22T14:14:51.0000000+02:00" testType="13cdc9d9-ddb5-4fa4-a97d-d965ccfc6d4b" outcome="Passed" testListId="8c84fa94-04c1-424b-9868-57a2d4851a1d" relativeResultsDirectory="a42e1dcd-1e58-4603-85b9-6ce3f22f1b2f" />
    <UnitTestResult executionId="bc28ad9d-07a3-4f16-aedf-002eb60ab81e" testId="0e5a7d31-b50f-e2fa-db2d-75f9677650eb" testName="Reset_Called_NextPacketNotCalledAfter(StartForUrl)" computerName="AVDC720" duration="00:00:00.0000001" startTime="2020-06-22T14:14:51.0000000+02:00" endTime="2020-06-22T14:14:51.0000000+02:00" testType="13cdc9d9-ddb5-4fa4-a97d-d965ccfc6d4b" outcome="Passed" testListId="8c84fa94-04c1-424b-9868-57a2d4851a1d" relativeResultsDirectory="bc28ad9d-07a3-4f16-aedf-002eb60ab81e" />
    <UnitTestResult executionId="be6e6d22-1b84-4125-aedf-e6a5b13e0bd4" testId="124081ca-aa16-41ac-de1c-68bb2cb38e0b" testName="Parse_DifferentEncodings_ParsesSuccessfully(&quot;JuvoPlayer.Tests.res.subtitles.media_player_subs_windows-1252.srt&quot;,&quot;windows-1252&quot;,&quot;[Western Europe] 4.5: Àà Áá Ââ Ææ Çç Èè Ïï Ðð Ññ Õõ Øø Ýý Þþ £ €&quot;)" computerName="AVDC720" duration="00:00:00.0010000" startTime="2020-06-22T14:14:50.0000000+02:00" endTime="2020-06-22T14:14:50.0000000+02:00" testType="13cdc9d9-ddb5-4fa4-a97d-d965ccfc6d4b" outcome="Passed" testListId="8c84fa94-04c1-424b-9868-57a2d4851a1d" relativeResultsDirectory="be6e6d22-1b84-4125-aedf-e6a5b13e0bd4" />
    <UnitTestResult executionId="61097269-6b81-478d-a9eb-cb5f98355a41" testId="ff9a04ff-fa9e-340b-3ecc-b843a9161f2d" testName="ParseTimeLine_TimeLineIsInvalid_ThrowsFormatException(&quot;01:18.171 -&gt; 01:20.171&quot;)" computerName="AVDC720" duration="00:00:00.0000001" startTime="2020-06-22T14:14:52.0000000+02:00" endTime="2020-06-22T14:14:52.0000000+02:00" testType="13cdc9d9-ddb5-4fa4-a97d-d965ccfc6d4b" outcome="Passed" testListId="8c84fa94-04c1-424b-9868-57a2d4851a1d" relativeResultsDirectory="61097269-6b81-478d-a9eb-cb5f98355a41" />
    <UnitTestResult executionId="6cd55d5e-c67e-4641-a21a-a77df77ee62a" testId="82c42f6e-956e-b76d-5149-62245c80f145" testName="Flush_CalledWhileChunkIsPending_ChunkIsDeliveredToDemuxer" computerName="AVDC720" duration="00:00:00.0420000" startTime="2020-06-22T14:14:51.0000000+02:00" endTime="2020-06-22T14:14:51.0000000+02:00" testType="13cdc9d9-ddb5-4fa4-a97d-d965ccfc6d4b" outcome="Passed" testListId="8c84fa94-04c1-424b-9868-57a2d4851a1d" relativeResultsDirectory="6cd55d5e-c67e-4641-a21a-a77df77ee62a" />
    <UnitTestResult executionId="a8be305b-3b3f-4592-a2a7-cb134a86dee0" testId="8b7b35e7-42f3-7119-a9bd-fd9bc70bdd46" testName="Flush_Called_ResetsDemuxer" computerName="AVDC720" duration="00:00:00.0350000" startTime="2020-06-22T14:14:51.0000000+02:00" endTime="2020-06-22T14:14:51.0000000+02:00" testType="13cdc9d9-ddb5-4fa4-a97d-d965ccfc6d4b" outcome="Passed" testListId="8c84fa94-04c1-424b-9868-57a2d4851a1d" relativeResultsDirectory="a8be305b-3b3f-4592-a2a7-cb134a86dee0" />
[...]
    <TestEntry testId="a01cf621-ca79-9bae-641f-945046dfdf90" executionId="a299b165-33e4-4688-88f1-d4a1a28c7bdc" testListId="8c84fa94-04c1-424b-9868-57a2d4851a1d" />
    <TestEntry testId="02fb1555-b786-4aa2-7007-ec43c1c9fbe1" executionId="3138e852-4b5c-431c-9519-1f18c3f29314" testListId="8c84fa94-04c1-424b-9868-57a2d4851a1d" />
    <TestEntry testId="a7854dd3-8d20-6641-2e3e-29ad46bbb531" executionId="377454e9-dace-4511-b32f-eb8aa9bfc4e5" testListId="8c84fa94-04c1-424b-9868-57a2d4851a1d" />
    <TestEntry testId="39d5ff9a-2a80-e32f-8c48-31ef5543d04d" executionId="de031b43-ed8b-402f-bd58-c6d462a3d441" testListId="8c84fa94-04c1-424b-9868-57a2d4851a1d" />
    <TestEntry testId="5b212d48-3586-21cd-2d5d-74feb2deb816" executionId="d41ed933-14a5-4d25-9ecf-531829763750" testListId="8c84fa94-04c1-424b-9868-57a2d4851a1d" />
    <TestEntry testId="e63e97dd-9e6c-4645-bf1f-6cbc1114526d" executionId="4e6dbeca-f25e-4f1a-ac0a-cc3de863ed35" testListId="8c84fa94-04c1-424b-9868-57a2d4851a1d" />
    <TestEntry testId="f27ecf69-9c6a-7512-245c-df2210246910" executionId="a6277c27-55bf-419b-a6ae-91187e91e02b" testListId="8c84fa94-04c1-424b-9868-57a2d4851a1d" />
    <TestEntry testId="461167f4-f83d-dfb6-f998-4b01ff39fbbb" executionId="5c83b2ac-26f6-4306-8a6a-040a2fab89e7" testListId="8c84fa94-04c1-424b-9868-57a2d4851a1d" />
    <TestEntry testId="2a5400f7-59f9-282c-1900-944ef8ecb847" executionId="f627185c-b16b-4441-98db-a7f4a3540081" testListId="8c84fa94-04c1-424b-9868-57a2d4851a1d" />
    <TestEntry testId="27c0e446-fbb2-fa76-7f01-7a27a4208aca" executionId="b2877145-533e-4eeb-aae4-575489dbaf14" testListId="8c84fa94-04c1-424b-9868-57a2d4851a1d" />
    <TestEntry testId="520722aa-6a80-b3d5-b800-d9703ed85ffc" executionId="ed132faf-5134-4fac-b9b9-4be987fe5043" testListId="8c84fa94-04c1-424b-9868-57a2d4851a1d" />
    <TestEntry testId="6d33e4a5-ae74-c82a-5d2b-0a3770f1919a" executionId="da533d05-ab45-4dca-b91a-772bfda1f50a" testListId="8c84fa94-04c1-424b-9868-57a2d4851a1d" />
    <TestEntry testId="0e065e73-d47f-3a00-98d6-e8eb7ca6357c" executionId="4b01bba8-f153-4abe-8787-596125f707ba" testListId="8c84fa94-04c1-424b-9868-57a2d4851a1d" />
    <TestEntry testId="5086e7e5-6679-888c-406b-de1ba0a5028e" executionId="02c72d44-89ce-4849-ae0e-007b0647fc64" testListId="8c84fa94-04c1-424b-9868-57a2d4851a1d" />
    <TestEntry testId="c09a9465-f15f-2431-e3ef-062999b6d76e" executionId="b0562c7e-261e-4a3a-bd5a-d4762fb1bb0f" testListId="8c84fa94-04c1-424b-9868-57a2d4851a1d" />
    <TestEntry testId="b6c7b137-6c12-aa0e-37c0-885b1840aaf2" executionId="5ba54989-4b5b-465d-b8f5-446743b0da38" testListId="8c84fa94-04c1-424b-9868-57a2d4851a1d" />
    <TestEntry testId="cf536672-6dbb-41a2-84f9-ab59c52d810f" executionId="51c7311a-3942-402b-8247-b325d8d82f69" testListId="8c84fa94-04c1-424b-9868-57a2d4851a1d" />
    <TestEntry testId="4f7bdc50-58ea-1837-577f-74ef6cb0ffb7" executionId="6c4d120c-5089-4a5f-b5fe-b12b523fc59e" testListId="8c84fa94-04c1-424b-9868-57a2d4851a1d" />
    <TestEntry testId="bdd6414d-53bc-cce6-3e9b-7c3b1b2abd5f" executionId="20edbf0a-741d-4a2b-84e4-1238de174436" testListId="8c84fa94-04c1-424b-9868-57a2d4851a1d" />
    <TestEntry testId="852b5e0e-9762-784e-5557-e2cf4ea73784" executionId="f0960047-2850-4211-8eb9-132e1ee9bdb6" testListId="8c84fa94-04c1-424b-9868-57a2d4851a1d" />
    <TestEntry testId="8d0615a4-0a37-112e-879e-4003daa62f87" executionId="d7217e10-55cd-4cb4-a777-cee9f0ca0073" testListId="8c84fa94-04c1-424b-9868-57a2d4851a1d" />
    <TestEntry testId="d77ecc1e-9bc2-799a-79b3-b2ffe8608f4b" executionId="0326680e-2e3a-4aed-aafc-06233417ff1e" testListId="8c84fa94-04c1-424b-9868-57a2d4851a1d" />
    <TestEntry testId="d7ac1929-9b02-b83c-c131-e7b03e1000aa" executionId="4c405b34-ee04-46e4-a03f-80f1aa3fa0c7" testListId="8c84fa94-04c1-424b-9868-57a2d4851a1d" />
    <TestEntry testId="6edbc781-4e0b-a9f7-1870-a384b19f1879" executionId="85cb57a6-ca04-4776-b9d7-ec2aa59fb066" testListId="8c84fa94-04c1-424b-9868-57a2d4851a1d" />
    <TestEntry testId="b4eee26d-24ec-582f-e097-1f57b7e85dcb" executionId="156aa010-7e97-41e8-9090-31f1183ecd7d" testListId="8c84fa94-04c1-424b-9868-57a2d4851a1d" />
    <TestEntry testId="c08a0c23-7b43-812c-9f19-03172b742d8a" executionId="300ede28-7a45-4604-86aa-1ae3be50a96d" testListId="8c84fa94-04c1-424b-9868-57a2d4851a1d" />
    <TestEntry testId="1d410506-c13a-9a12-e32f-3b0fb711ffd3" executionId="c3bd3420-51db-4e01-8df6-16214d6e15d0" testListId="8c84fa94-04c1-424b-9868-57a2d4851a1d" />
    <TestEntry testId="0b3f14e6-954c-5a2d-85d5-9644a0e349e2" executionId="d3b24de7-d3a3-45aa-ba72-bd22c81292f1" testListId="8c84fa94-04c1-424b-9868-57a2d4851a1d" />
    <TestEntry testId="3f8dfde8-2658-03a7-336d-cc519ac91c3e" executionId="253c87e0-111c-4918-8455-923341a0b72b" testListId="8c84fa94-04c1-424b-9868-57a2d4851a1d" />
    <TestEntry testId="cdaa95b4-0c6d-1e27-93cc-3d0e0a68a8ea" executionId="60f39e21-cf90-46dd-9c9b-2fd7266376b8" testListId="8c84fa94-04c1-424b-9868-57a2d4851a1d" />
    <TestEntry testId="e1d59afc-ceae-0c1b-0769-05528c3d5bcc" executionId="7f84628f-9066-48c1-8e03-df1430551322" testListId="8c84fa94-04c1-424b-9868-57a2d4851a1d" />
    <TestEntry testId="31911a88-751c-bf36-b733-4c5fb543e8b3" executionId="da7ef775-c26e-4af4-804c-9635cf51395f" testListId="8c84fa94-04c1-424b-9868-57a2d4851a1d" />
    <TestEntry testId="dc2e53b3-b4b5-d431-a2a2-41dcd332c80c" executionId="7410aa9c-aafd-4962-b089-766301c6bb61" testListId="8c84fa94-04c1-424b-9868-57a2d4851a1d" />
    <TestEntry testId="3a15d223-5377-905d-8b73-e96a8942d8f8" executionId="a822eced-8ac7-4d0a-858d-31b5066fc1c1" testListId="8c84fa94-04c1-424b-9868-57a2d4851a1d" />
    <TestEntry testId="4974b841-fe50-bc17-3fa6-12c238970853" executionId="f7b7ad9d-e6c0-4d8e-a8f4-d4a19c3bad5d" testListId="8c84fa94-04c1-424b-9868-57a2d4851a1d" />
    <TestEntry testId="5652ce59-b2d8-d716-cc63-db9d5225d1de" executionId="183d144e-3bb4-429f-b12d-1407a17abab3" testListId="8c84fa94-04c1-424b-9868-57a2d4851a1d" />
    <TestEntry testId="c04c0fe5-1f6b-bd7f-47e1-2cbe0022b400" executionId="9f19b042-fe72-4bbb-9770-ea8d228c1029" testListId="8c84fa94-04c1-424b-9868-57a2d4851a1d" />
    <TestEntry testId="3accf9e4-664b-d25c-8a3f-c716b44b5888" executionId="6f537194-8cf4-40c8-91fb-c61adaace1fb" testListId="8c84fa94-04c1-424b-9868-57a2d4851a1d" />
    <TestEntry testId="0965358b-a03e-2e11-275b-12bdaaddc9f6" executionId="a5c5571a-6d19-4eae-9f93-3b7124c3483e" testListId="8c84fa94-04c1-424b-9868-57a2d4851a1d" />
    <TestEntry testId="24b81133-6183-4881-a72c-c0d4de113274" executionId="585579e2-bceb-4d01-a27d-add55e71df4b" testListId="8c84fa94-04c1-424b-9868-57a2d4851a1d" />
    <TestEntry testId="87a46580-854b-14e6-9b30-6edf24aae711" executionId="12fe0769-7ed2-486b-8334-92d58bc6d5e8" testListId="8c84fa94-04c1-424b-9868-57a2d4851a1d" />
    <TestEntry testId="188b81ef-d6d5-d5db-9dda-ab27251848f9" executionId="7e9503c0-39ea-41f2-87f1-e408da3be14f" testListId="8c84fa94-04c1-424b-9868-57a2d4851a1d" />
    <TestEntry testId="f1c5443e-e0a7-e961-fdae-6f316e6bdffa" executionId="9ac5a2cb-2329-4c28-9db3-1825cfcf0a19" testListId="8c84fa94-04c1-424b-9868-57a2d4851a1d" />
    <TestEntry testId="277f52da-2282-9c65-51fe-2a9bdc6748b7" executionId="69c3d8ed-184a-4dd8-a059-8a0d5633329c" testListId="8c84fa94-04c1-424b-9868-57a2d4851a1d" />
    <TestEntry testId="88dd71ef-8824-feb9-a45c-d465619740f7" executionId="cb5a07a3-ad6f-4d0b-853a-e61d35d6c31f" testListId="8c84fa94-04c1-424b-9868-57a2d4851a1d" />
    <TestEntry testId="cca65208-0adf-48f2-82bf-43699d9e9051" executionId="2363f0c0-a968-49c3-b34c-01d49df1fcc9" testListId="8c84fa94-04c1-424b-9868-57a2d4851a1d" />
    <TestEntry testId="913bcb3f-29bc-fd1f-7c98-c387d71227d4" executionId="93dbec4d-ddc6-414e-87ce-daa497c4d560" testListId="8c84fa94-04c1-424b-9868-57a2d4851a1d" />
    <TestEntry testId="5ab273b4-d5f1-2abf-3a88-3bfeef20ebf5" executionId="2dc876d5-2209-47b9-ad73-eafba9ae0a69" testListId="8c84fa94-04c1-424b-9868-57a2d4851a1d" />
    <TestEntry testId="29f4eefb-fddf-c444-6e0a-5e03485d543c" executionId="3d59e270-1bf8-4f0c-9586-405134e135dc" testListId="8c84fa94-04c1-424b-9868-57a2d4851a1d" />
    <TestEntry testId="18ddabc1-b1c8-c549-5717-a273d4ac0a3e" executionId="08b5192b-f126-49c5-b530-0b2ad7b0942d" testListId="8c84fa94-04c1-424b-9868-57a2d4851a1d" />
    <TestEntry testId="639b760f-d73b-dd9e-184b-d4fba82810a2" executionId="2584720e-3e68-4f8c-b326-adc28a55953b" testListId="8c84fa94-04c1-424b-9868-57a2d4851a1d" />
    <TestEntry testId="bf726271-d726-9654-3c3e-7309912ba13e" executionId="3602e5cc-0709-4018-9382-4cc658c06be1" testListId="8c84fa94-04c1-424b-9868-57a2d4851a1d" />
    <TestEntry testId="2fcfa690-0061-2be9-893e-b95e28348722" executionId="bb00229c-41c5-40b7-8dfe-73a04e3bd88f" testListId="8c84fa94-04c1-424b-9868-57a2d4851a1d" />
    <TestEntry testId="06962d28-4767-08b4-f374-8a5f6998b67f" executionId="f9ac7b13-aeea-4778-bd97-0a70d542124a" testListId="8c84fa94-04c1-424b-9868-57a2d4851a1d" />
    <TestEntry testId="b65dd040-cffc-7925-78a1-ceba0c7979b8" executionId="a42e1dcd-1e58-4603-85b9-6ce3f22f1b2f" testListId="8c84fa94-04c1-424b-9868-57a2d4851a1d" />
    <TestEntry testId="0e5a7d31-b50f-e2fa-db2d-75f9677650eb" executionId="bc28ad9d-07a3-4f16-aedf-002eb60ab81e" testListId="8c84fa94-04c1-424b-9868-57a2d4851a1d" />
    <TestEntry testId="124081ca-aa16-41ac-de1c-68bb2cb38e0b" executionId="be6e6d22-1b84-4125-aedf-e6a5b13e0bd4" testListId="8c84fa94-04c1-424b-9868-57a2d4851a1d" />
    <TestEntry testId="ff9a04ff-fa9e-340b-3ecc-b843a9161f2d" executionId="61097269-6b81-478d-a9eb-cb5f98355a41" testListId="8c84fa94-04c1-424b-9868-57a2d4851a1d" />
    <TestEntry testId="82c42f6e-956e-b76d-5149-62245c80f145" executionId="6cd55d5e-c67e-4641-a21a-a77df77ee62a" testListId="8c84fa94-04c1-424b-9868-57a2d4851a1d" />
    <TestEntry testId="8b7b35e7-42f3-7119-a9bd-fd9bc70bdd46" executionId="a8be305b-3b3f-4592-a2a7-cb134a86dee0" testListId="8c84fa94-04c1-424b-9868-57a2d4851a1d" />
    <TestEntry testId="82d4c515-f9fe-5c04-4ba8-723b5ff21f55" executionId="3d4bc0c1-3e9f-43cf-8e80-281e7856c987" testListId="8c84fa94-04c1-424b-9868-57a2d4851a1d" />
    <TestEntry testId="1f7bba7b-44c7-d415-228c-13d53a0e097d" executionId="abbbed78-7b42-4469-a435-750b4a016420" testListId="8c84fa94-04c1-424b-9868-57a2d4851a1d" />
    <TestEntry testId="22652439-3c67-dfff-4ce3-b173308c9356" executionId="09dbd2cd-b9be-4d5f-a7ad-d33b87b58db6" testListId="8c84fa94-04c1-424b-9868-57a2d4851a1d" />
    <TestEntry testId="a4113738-4c26-f7ce-6619-a550a359b6d4" executionId="2d44cb95-4180-4da4-82cd-7eefdef6194b" testListId="8c84fa94-04c1-424b-9868-57a2d4851a1d" />
    <TestEntry testId="ec81a422-56dc-8438-8278-26703789eecf" executionId="76d9b029-5c36-4bb8-a64b-2855005e8abd" testListId="8c84fa94-04c1-424b-9868-57a2d4851a1d" />
    <TestEntry testId="df372fc8-3c99-3f47-21be-b6b55c400ba1" executionId="84e5b13f-1cda-48b6-afa0-a23a4681e158" testListId="8c84fa94-04c1-424b-9868-57a2d4851a1d" />
    <TestEntry testId="a16102ef-fcf8-a9c6-d66a-7b006e4ea6c9" executionId="eb9117dd-72d6-4f2a-bc85-4b63ca80d4e7" testListId="8c84fa94-04c1-424b-9868-57a2d4851a1d" />
    <TestEntry testId="6ec026f1-46c9-6133-cbd4-a87c07ad774c" executionId="2fb4dc9a-5591-4401-9ea7-80f3307adc19" testListId="8c84fa94-04c1-424b-9868-57a2d4851a1d" />
    <TestEntry testId="5da37516-dacb-d422-fbee-12efa0638ad9" executionId="8c72a89d-fb29-471b-955c-0ecbce0d3536" testListId="8c84fa94-04c1-424b-9868-57a2d4851a1d" />
    <TestEntry testId="3e643ea4-f7b6-f967-c41d-29aace04110b" executionId="f519b4e9-c2d2-4979-a3f4-e7753da25b56" testListId="8c84fa94-04c1-424b-9868-57a2d4851a1d" />
    <TestEntry testId="094b11a6-0532-7a03-8d14-df586e014bf7" executionId="039efda9-83d7-4de5-889f-1739936f6f42" testListId="8c84fa94-04c1-424b-9868-57a2d4851a1d" />
    <TestEntry testId="8eee559b-f88d-5f49-738c-7ba028df49b7" executionId="8a08cfc3-73bc-42bd-b79b-f78ec36ce1ad" testListId="8c84fa94-04c1-424b-9868-57a2d4851a1d" />
    <TestEntry testId="4316b1a0-3df5-84d3-9052-82615cd59e81" executionId="aa4d83a0-b6d1-42a2-8c49-c638b31d51a6" testListId="8c84fa94-04c1-424b-9868-57a2d4851a1d" />
    <TestEntry testId="598bfb59-b210-6d51-5dff-24428bdd49a7" executionId="670eb575-2a0d-436b-a44e-141d9ad45ee3" testListId="8c84fa94-04c1-424b-9868-57a2d4851a1d" />
    <TestEntry testId="e5d47529-6859-840c-851a-4907cc409f71" executionId="e22e102f-e0f4-4650-9160-325262136e89" testListId="8c84fa94-04c1-424b-9868-57a2d4851a1d" />
    <TestEntry testId="718f5161-c183-d605-d2c2-6292afd3ca09" executionId="e92d682b-26cb-4e02-953d-ca15747c8544" testListId="8c84fa94-04c1-424b-9868-57a2d4851a1d" />
    <TestEntry testId="db9e6235-a824-dde8-0052-9868cf8e7d1a" executionId="22f95d22-9256-45cb-816e-accfc0e8e6c0" testListId="8c84fa94-04c1-424b-9868-57a2d4851a1d" />
    <TestEntry testId="2d85f549-8828-c240-c852-fbc1c3d942b1" executionId="b9dac3d6-5e55-4be9-86b8-b52ee7291d1d" testListId="8c84fa94-04c1-424b-9868-57a2d4851a1d" />
    <TestEntry testId="864940c8-b53d-5e0a-9ab8-2ad580ee97c1" executionId="101d3262-5cd0-4e76-bf4f-ab9c4f404325" testListId="8c84fa94-04c1-424b-9868-57a2d4851a1d" />
    <TestEntry testId="1456f546-2b4f-74af-fce2-a2145100c175" executionId="8908b14c-f491-4adb-b029-e81d5d5bcd0f" testListId="8c84fa94-04c1-424b-9868-57a2d4851a1d" />
    <TestEntry testId="c1b0f31a-ea5a-298b-bdf9-e1d1cecd60bb" executionId="fd6d496d-28ea-4ceb-9761-53b1b5afa26f" testListId="8c84fa94-04c1-424b-9868-57a2d4851a1d" />
    <TestEntry testId="eae78d03-0df3-6019-5f3a-2a4efab1df85" executionId="79f64742-279b-42f6-93eb-e8d6517e1768" testListId="8c84fa94-04c1-424b-9868-57a2d4851a1d" />
    <TestEntry testId="546e2195-b0fd-c5a9-fb2f-7840d4c86cb8" executionId="8f75f993-1591-45d5-a567-ef0128e59251" testListId="8c84fa94-04c1-424b-9868-57a2d4851a1d" />
    <TestEntry testId="c0cf0641-dce5-3e52-e867-94fa19192895" executionId="0f4686dc-021e-4649-9e4c-8f09c720d790" testListId="8c84fa94-04c1-424b-9868-57a2d4851a1d" />
    <TestEntry testId="91027327-45ed-f0e3-a55e-e86b5bcdf8a3" executionId="784e6d87-4dbc-4fd0-97d5-90384340a777" testListId="8c84fa94-04c1-424b-9868-57a2d4851a1d" />
    <TestEntry testId="90bdca97-8eb4-c877-3c7b-3164b6f624b6" executionId="43cf6838-7071-4188-b5c2-bfa655d7854a" testListId="8c84fa94-04c1-424b-9868-57a2d4851a1d" />
    <TestEntry testId="e8822ed9-c52a-6461-1cf0-248853538bf9" executionId="44a5ecae-bb3c-4f94-84b6-95b1d80ba389" testListId="8c84fa94-04c1-424b-9868-57a2d4851a1d" />
    <TestEntry testId="1b0e12dd-7d88-c49c-b42d-b67339dc24f6" executionId="8c765103-a97d-43f7-a718-46e80add8b9e" testListId="8c84fa94-04c1-424b-9868-57a2d4851a1d" />
    <TestEntry testId="3bb9e6bd-fed8-b1b2-1da9-9ab8e55f2013" executionId="93856831-f1cf-4fa2-acc7-fc1f855c2475" testListId="8c84fa94-04c1-424b-9868-57a2d4851a1d" />
    <TestEntry testId="40b95933-2c83-039d-2a88-0479b1ded531" executionId="a3646937-0423-40f5-92cb-3af53f0b6edc" testListId="8c84fa94-04c1-424b-9868-57a2d4851a1d" />
    <TestEntry testId="32a4594b-b1ea-44dc-9f50-e88fff32aca7" executionId="e05f59a2-ba86-4328-a1f3-90ac5c85882b" testListId="8c84fa94-04c1-424b-9868-57a2d4851a1d" />
    <TestEntry testId="cbc3900a-27ac-f663-84c1-2e81fe605582" executionId="7d280c23-7e99-4832-9984-b62f1f260729" testListId="8c84fa94-04c1-424b-9868-57a2d4851a1d" />
    <TestEntry testId="1401be64-9b1a-fe9c-cbe7-91ee817fac69" executionId="167a18c7-122a-4455-b137-57447b85798d" testListId="8c84fa94-04c1-424b-9868-57a2d4851a1d" />
    <TestEntry testId="af40adc3-6ce4-fbdb-f50c-26697781469d" executionId="83b5fb14-882a-467c-b4b9-655f2a0315eb" testListId="8c84fa94-04c1-424b-9868-57a2d4851a1d" />
    <TestEntry testId="9bf965f4-b07a-9f83-7d3c-04862d018a76" executionId="387c06cb-7adf-4282-980b-5a2e4a0c3e3f" testListId="8c84fa94-04c1-424b-9868-57a2d4851a1d" />
    <TestEntry testId="10e2acea-9f1a-44dc-fcd2-d1496a18cd1a" executionId="0ee9a469-47c5-4798-b5ea-311f1f5aa7d4" testListId="8c84fa94-04c1-424b-9868-57a2d4851a1d" />
    <TestEntry testId="b7fd9400-1bb5-081c-d5a3-25a6c282dcbe" executionId="e62666f6-cd8c-45b6-b9ab-7b6bcd7a9677" testListId="8c84fa94-04c1-424b-9868-57a2d4851a1d" />
    <TestEntry testId="da5a75b7-aa19-0293-49b5-3bd5a004ec15" executionId="7527a12c-de69-4982-bab5-e4220db3a073" testListId="8c84fa94-04c1-424b-9868-57a2d4851a1d" />
    <TestEntry testId="37281614-9f75-45d7-e1f5-a19213212db8" executionId="2b7b0fb4-9810-40d5-81a9-e3b130795f19" testListId="8c84fa94-04c1-424b-9868-57a2d4851a1d" />
    <TestEntry testId="e627cd52-2378-d6fc-2ff2-c4c49c512a76" executionId="9ad61653-772e-45e0-b027-b5624a8870b3" testListId="8c84fa94-04c1-424b-9868-57a2d4851a1d" />
    <TestEntry testId="0df30c92-10e5-04f8-7ba8-ad81df080036" executionId="da3fdea9-1d45-4f33-8739-9cc279eaf39d" testListId="8c84fa94-04c1-424b-9868-57a2d4851a1d" />
    <TestEntry testId="c0e373ae-3e15-775d-5f9d-a8c872e8b285" executionId="47d977eb-eabc-4b82-a56c-c8542925b313" testListId="8c84fa94-04c1-424b-9868-57a2d4851a1d" />
    <TestEntry testId="65fdcfa3-e586-80fb-25e9-f3179ce3d17c" executionId="e8763f50-b60b-4ba6-9f2f-3fdf705f1e03" testListId="8c84fa94-04c1-424b-9868-57a2d4851a1d" />
    <TestEntry testId="6c6cc584-dae2-c9a7-15dc-6a0756b39c6c" executionId="12510335-c29b-42e0-ac26-e110d93f1b4a" testListId="8c84fa94-04c1-424b-9868-57a2d4851a1d" />
    <TestEntry testId="372c9fce-3145-adc3-8977-856762fa7aac" executionId="92be298d-7721-4363-acd6-257689c4de67" testListId="8c84fa94-04c1-424b-9868-57a2d4851a1d" />
    <TestEntry testId="f87db683-3a8e-4544-d4a4-bec956bf3b3f" executionId="20348ed0-56c4-485a-ae61-9bdaf6a4f044" testListId="8c84fa94-04c1-424b-9868-57a2d4851a1d" />
    <TestEntry testId="c2ca0d7d-68c1-9a10-64d5-38b811f1c187" executionId="570bc4f7-87e6-45d0-a082-c0defcc01b07" testListId="8c84fa94-04c1-424b-9868-57a2d4851a1d" />
    <TestEntry testId="88bc5129-e7aa-8963-c140-f3fd33a92044" executionId="f85e58a6-2a78-40be-bc45-edb084e42b41" testListId="8c84fa94-04c1-424b-9868-57a2d4851a1d" />
    <TestEntry testId="7ac342f5-d941-880c-3a41-9a214f71d826" executionId="26a411e1-bc02-43fc-ab7c-cb3c92d35d03" testListId="8c84fa94-04c1-424b-9868-57a2d4851a1d" />
    <TestEntry testId="941c0021-a8fe-25b1-de50-c1e94e8c1fd9" executionId="edb124c8-beed-45c6-a1b5-e8d796e83900" testListId="8c84fa94-04c1-424b-9868-57a2d4851a1d" />
    <TestEntry testId="ef16af07-a0ec-96c0-1d10-e96fe005892e" executionId="61e4335c-3564-4b63-9cb6-8f68b8a60d81" testListId="8c84fa94-04c1-424b-9868-57a2d4851a1d" />
    <TestEntry testId="08fa8c0b-a89b-568b-783e-bb49d811f5cb" executionId="0c4aafff-a089-4725-8c96-026f2d91aa4d" testListId="8c84fa94-04c1-424b-9868-57a2d4851a1d" />
    <TestEntry testId="13dadd02-cded-047c-5edf-08e7f9cf5113" executionId="76c62963-0086-4829-b9ba-f27daa3d0557" testListId="8c84fa94-04c1-424b-9868-57a2d4851a1d" />
    <TestEntry testId="635a9c0c-0703-a7fe-f188-0e7aded18217" executionId="2afb981a-a53e-4504-86c6-eff7e428fae9" testListId="8c84fa94-04c1-424b-9868-57a2d4851a1d" />
    <TestEntry testId="dc96a1db-064c-82c9-b5a0-e3b7d110c702" executionId="8bbfbc80-89ea-465e-afd8-be1a8d2c3cea" testListId="8c84fa94-04c1-424b-9868-57a2d4851a1d" />
  </TestEntries>
  <TestLists>
    <TestList name="Results Not in a List" id="8c84fa94-04c1-424b-9868-57a2d4851a1d" />
    <TestList name="All Loaded Results" id="19431567-8539-422a-85d7-44ee4e166bda" />
  </TestLists>
  <ResultSummary outcome="Completed">
    <Counters total="206" executed="205" passed="205" failed="0" error="0" timeout="0" aborted="0" inconclusive="0" passedButRunAborted="0" notRunnable="0" notExecuted="0" disconnected="0" warning="0" completed="0" inProgress="0" pending="0" />
    <Output>
      <StdOut>NUnit Adapter 3.9.0.0: Test execution started
Running all tests in /home/p.buczynski/git/code/juvo-player/JuvoPlayer.Tests/bin/Debug/netcoreapp2.0/JuvoPlayer.Tests.dll
NUnit3TestExecutor converted 206 of 206 NUnit test cases
Test 'DEBUG_MpdParser' was skipped in the test run.
NUnit Adapter 3.9.0.0: Test execution complete
</StdOut>
    </Output>
  </ResultSummary>
</TestRun>